swap 0 0 1 2 3 4 5 6 7 8 9 10 11
swap 1 1 0 2 3 4 5 7 6 8 9 10 11
swap 2 1 0 2 4 3 7 5 6 8 10 9 11
swap 3 1 0 2 4 7 3 5 6 8 10 11 9
swap 4 1 2 0 4 7 5 3 8 6 10 11 9
swap 5 1 2 4 0 7 5 3 8 10 6 9 11
swap 6 1 4 2 0 7 5 3 8 10 9 6 11
swap 7 1 4 0 2 7 5 8 3 9 10 11 6
swap 8 1 0 4 2 7 8 5 9 3 11 10 6
swap 9 1 0 2 4 8 7 5 9 11 3 10 6
swap 10 1 2 0 8 4 5 7 9 11 10 3 6
swap 11 1 2 0 8 4 5 7 9 10 11 6 3
swap 12 1 0 2 4 8 7 5 10 9 11 6 3
swap 13 0 1 2 4 7 8 10 5 11 9 3 6
swap 14 0 2 1 4 7 10 8 11 5 3 9 6
swap 15 2 0 1 4 10 7 8 11 5 3 9 6
swap 16 2 1 0 4 10 8 7 11 5 9 3 6
swap 17 2 1 0 4 10 8 7 11 9 5 3 6
swap 18 2 0 1 4 10 7 8 9 11 5 3 6
swap 19 2 0 1 4 10 7 9 8 11 5 6 3
swap 20 2 1 0 10 4 7 9 11 8 6 5 3
swap 21 2 1 0 10 7 4 9 11 6 8 3 5
swap 22 2 0 1 10 7 4 9 6 11 3 8 5
swap 23 0 2 1 10 4 7 6 9 11 3 5 8
swap 24 0 1 2 4 10 7 6 9 11 5 3 8
swap 25 0 1 2 4 10 7 9 6 5 11 8 3
swap 26 0 2 1 10 4 9 7 6 5 11 8 3
swap 27 2 0 10 1 9 4 6 7 11 5 3 8
swap 28 2 0 10 1 9 4 6 11 7 3 5 8
swap 29 0 2 1 10 4 9 11 6 7 3 8 5
swap 30 0 2 1 10 4 11 9 7 6 8 3 5
swap 31 2 0 10 1 4 11 7 9 8 6 3 5
swap 32 2 0 10 4 1 7 11 8 9 3 6 5
swap 33 0 2 10 4 1 7 11 8 9 3 5 6
swap 34 0 2 10 4 1 11 7 9 8 5 3 6
swap 35 2 0 4 10 11 1 9 7 5 8 6 3
swap 36 2 0 4 10 11 1 9 7 5 8 6 3
swap 37 2 0 10 4 11 1 7 9 8 5 3 6
swap 38 2 0 10 11 4 7 1 8 9 5 3 6
swap 39 2 0 11 10 7 4 8 1 5 9 6 3
swap 40 2 0 11 10 7 4 8 1 5 6 9 3
swap 41 0 2 10 11 7 4 8 1 6 5 9 3
swap 42 0 2 10 11 7 8 4 1 6 9 5 3
swap 43 2 0 11 10 8 7 1 4 6 9 3 5
swap 44 2 11 0 10 8 1 7 4 6 9 3 5
swap 45 2 11 0 10 1 8 7 4 9 6 3 5
swap 46 2 0 11 1 10 7 8 9 4 3 6 5
swap 47 2 0 11 1 7 10 8 9 3 4 6 5
swap 48 2 0 11 1 7 10 8 9 3 4 6 5
swap 49 0 2 1 11 10 7 9 8 4 3 5 6
swap 50 0 1 2 11 10 9 7 4 8 5 3 6
swap 51 1 0 2 11 10 9 7 4 8 5 6 3
swap 52 1 2 0 10 11 7 9 8 4 6 5 3
swap 53 2 1 0 10 7 11 8 9 6 4 5 3
swap 54 2 0 1 7 10 11 8 9 6 5 4 3
swap 55 2 0 7 1 11 10 9 8 5 6 4 3
swap 56 2 0 7 1 11 9 10 5 8 4 6 3
swap 57 2 0 1 7 11 9 5 10 4 8 6 3
swap 58 2 1 0 11 7 5 9 4 10 6 8 3
swap 59 1 2 0 11 5 7 9 4 6 10 8 3
swap 60 1 2 0 5 11 9 7 4 6 8 10 3
swap 61 1 2 0 5 9 11 4 7 6 8 3 10
swap 62 1 0 2 9 5 11 4 6 7 3 8 10
swap 63 1 0 2 9 11 5 4 6 7 3 10 8
swap 64 1 2 0 9 11 4 5 7 6 10 3 8
swap 65 2 1 0 9 11 4 5 7 10 6 8 3
swap 66 2 1 0 9 11 5 4 7 10 6 8 3
swap 67 2 1 0 9 5 11 7 4 10 6 3 8
swap 68 2 0 1 9 5 7 11 10 4 3 6 8
swap 69 0 2 1 9 7 5 10 11 4 3 6 8
swap 70 0 1 2 7 9 10 5 4 11 6 3 8
swap 71 0 1 2 7 10 9 4 5 11 6 8 3
swap 72 0 2 1 7 10 9 4 5 11 8 6 3
swap 73 0 2 1 7 9 10 5 4 8 11 6 3
swap 74 0 2 1 9 7 5 10 8 4 11 6 3
swap 75 0 2 1 9 5 7 10 8 11 4 3 6
swap 76 0 1 2 9 5 7 10 8 11 4 3 6
swap 77 0 1 9 2 7 5 8 10 4 11 6 3
swap 78 0 1 9 2 7 8 5 10 4 11 6 3
swap 79 0 1 2 9 7 8 10 5 11 4 6 3
swap 80 0 2 1 9 7 8 10 11 5 6 4 3
swap 81 0 2 9 1 8 7 11 10 5 6 3 4
swap 82 0 9 2 1 8 7 11 5 10 3 6 4
swap 83 0 9 1 2 7 8 5 11 3 10 4 6
swap 84 0 9 1 2 7 8 5 3 11 4 10 6
swap 85 0 9 1 2 8 7 3 5 4 11 6 10
swap 86 0 1 9 2 8 3 7 5 4 6 11 10
swap 87 0 1 9 2 8 3 5 7 6 4 11 10
swap 88 0 9 1 8 2 5 3 6 7 4 11 10
swap 89 9 0 1 8 2 5 6 3 4 7 10 11
swap 90 9 0 1 2 8 6 5 3 4 10 7 11
swap 91 0 9 2 1 6 8 3 5 10 4 7 11
swap 92 0 9 2 1 6 8 3 10 5 7 4 11
swap 93 9 0 2 1 8 6 3 10 7 5 4 11
swap 94 9 0 2 1 8 3 6 7 10 4 5 11
swap 95 0 9 2 1 8 3 7 6 10 4 11 5
swap 96 0 2 9 8 1 7 3 10 6 11 4 5
swap 97 0 2 8 9 1 7 10 3 11 6 4 5
swap 98 0 8 2 9 1 7 10 3 11 6 4 5
swap 99 0 8 9 2 1 7 10 3 6 11 5 4
swap 100 0 9 8 2 1 7 10 6 3 5 11 4
swap 101 9 0 8 2 7 1 6 10 3 5 4 11
swap 102 9 0 8 2 7 6 1 3 10 4 5 11
swap 103 0 9 2 8 7 6 1 3 4 10 11 5
swap 104 0 9 2 8 7 1 6 4 3 11 10 5
swap 105 9 0 2 8 7 1 4 6 11 3 5 10
swap 106 9 0 2 7 8 4 1 11 6 5 3 10
swap 107 0 9 2 7 8 4 1 11 5 6 10 3
swap 108 0 2 9 8 7 1 4 5 11 10 6 3
swap 109 2 0 9 8 7 1 4 5 11 10 6 3
swap 110 2 0 9 7 8 4 1 11 5 6 10 3
swap 111 0 2 7 9 8 4 1 11 6 5 3 10
swap 112 0 2 7 9 8 4 1 6 11 3 5 10
swap 113 2 0 9 7 4 8 6 1 3 11 10 5
swap 114 2 9 0 4 7 6 8 3 1 10 11 5
swap 115 9 2 0 4 7 6 3 8 1 10 5 11
swap 116 9 2 0 7 4 6 3 1 8 10 5 11
swap 117 9 2 0 7 4 6 1 3 8 10 5 11
swap 118 9 0 2 4 7 1 6 8 3 5 10 11
swap 119 0 9 2 4 1 7 6 8 3 5 11 10
swap 120 0 2 9 1 4 6 7 3 8 5 11 10
swap 121 2 0 9 1 4 6 7 3 5 8 10 11
swap 122 2 0 9 4 1 6 7 5 3 10 8 11
swap 123 2 0 4 9 6 1 7 5 10 3 11 8
swap 124 2 0 4 6 9 7 1 10 5 11 3 8
swap 125 0 2 4 6 7 9 1 10 5 11 8 3
swap 126 0 2 4 7 6 9 1 10 5 8 11 3
swap 127 2 0 7 4 9 6 1 10 5 8 3 11
swap 128 2 7 0 4 9 1 6 10 5 8 3 11
swap 129 7 2 0 4 1 9 6 10 5 8 11 3
swap 130 7 0 2 4 1 6 9 5 10 8 11 3
swap 131 0 7 2 4 6 1 9 5 8 10 3 11
swap 132 0 7 2 6 4 9 1 8 5 3 10 11
swap 133 0 7 2 6 9 4 1 8 3 5 11 10
swap 134 0 2 7 9 6 1 4 3 8 5 11 10
swap 135 0 2 7 9 1 6 3 4 5 8 10 11
swap 136 0 7 2 9 1 6 3 5 4 10 8 11
swap 137 0 7 9 2 6 1 5 3 10 4 8 11
swap 138 0 7 9 2 6 1 5 3 10 8 4 11
swap 139 7 0 2 9 1 6 5 3 8 10 11 4
swap 140 7 2 0 9 1 6 5 8 3 11 10 4
swap 141 7 2 0 9 6 1 8 5 3 11 4 10
swap 142 7 2 0 9 6 1 8 3 5 4 11 10
swap 143 7 2 9 0 6 1 3 8 4 5 10 11
swap 144 7 9 2 6 0 1 3 4 8 10 5 11
swap 145 9 7 2 6 1 0 4 3 8 10 5 11
swap 146 9 2 7 1 6 0 4 8 3 5 10 11
swap 147 9 2 7 1 0 6 8 4 3 5 11 10
swap 148 9 7 2 1 0 8 6 3 4 5 11 10
swap 149 7 9 1 2 8 0 3 6 4 5 10 11
swap 150 7 1 9 2 8 0 3 4 6 10 5 11
swap 151 1 7 2 9 0 8 4 3 10 6 11 5
swap 152 1 7 2 9 0 8 4 3 10 6 11 5
swap 153 7 1 2 9 8 0 3 4 6 10 5 11
swap 154 7 2 1 8 9 3 0 4 6 5 10 11
swap 155 7 2 1 8 3 9 4 0 6 5 11 10
swap 156 7 1 2 3 8 4 9 6 0 5 11 10
swap 157 1 7 3 2 4 8 6 9 0 5 10 11
swap 158 1 3 7 2 4 8 6 0 9 10 5 11
swap 159 3 1 2 7 8 4 6 0 10 9 11 5
swap 160 3 1 2 8 7 4 6 10 0 9 11 5
swap 161 1 3 2 8 4 7 6 10 9 0 5 11
swap 162 1 2 3 8 4 6 7 9 10 0 5 11
swap 163 1 2 8 3 6 4 9 7 10 0 5 11
swap 164 1 2 8 3 6 9 4 7 10 5 0 11
swap 165 1 2 8 3 9 6 7 4 5 10 0 11
swap 166 1 8 2 3 9 6 7 5 4 10 0 11
swap 167 8 1 2 3 6 9 5 7 10 4 11 0
swap 168 8 2 1 6 3 5 9 10 7 4 11 0
swap 169 8 2 1 6 5 3 10 9 4 7 0 11
swap 170 8 1 2 5 6 10 3 9 4 0 7 11
swap 171 1 8 2 5 6 10 9 3 0 4 11 7
swap 172 1 2 8 6 5 9 10 3 0 11 4 7
swap 173 1 2 8 6 9 5 3 10 0 11 7 4
swap 174 1 8 2 6 9 3 5 0 10 7 11 4
swap 175 8 1 2 6 3 9 0 5 7 10 11 4
swap 176 8 1 2 3 6 0 9 5 7 10 11 4
swap 177 1 8 2 3 6 0 5 9 10 7 4 11
swap 178 1 2 8 6 3 5 0 10 9 4 7 11
swap 179 1 2 8 6 3 5 10 0 9 4 11 7
swap 180 1 8 2 3 6 10 5 9 0 4 11 7
swap 181 1 8 3 2 6 10 9 5 4 0 7 11
swap 182 1 3 8 2 6 10 9 4 5 0 7 11
swap 183 1 3 8 2 6 10 4 9 0 5 11 7
swap 184 1 8 3 2 6 4 10 0 9 11 5 7
swap 185 1 8 2 3 6 4 0 10 9 11 7 5
swap 186 1 8 2 6 3 4 0 9 10 11 7 5
swap 187 1 8 2 6 3 4 9 0 10 11 5 7
swap 188 1 8 2 6 3 9 4 10 0 5 11 7
swap 189 8 1 6 2 3 9 10 4 5 0 7 11
swap 190 8 1 6 2 3 10 9 4 5 0 7 11
swap 191 8 1 2 6 3 10 4 9 0 5 7 11
swap 192 8 1 2 3 6 4 10 0 9 7 5 11
swap 193 1 8 2 3 6 4 0 10 7 9 5 11
swap 194 1 2 8 6 3 4 0 7 10 9 5 11
swap 195 1 2 8 6 3 4 7 0 9 10 11 5
swap 196 1 8 2 3 6 7 4 9 0 11 10 5
swap 197 8 1 2 3 7 6 9 4 0 11 10 5
swap 198 8 1 2 7 3 9 6 4 0 10 11 5
swap 199 8 1 7 2 9 3 6 4 0 10 5 11
swap 200 8 7 1 2 9 3 6 4 0 5 10 11
swap 201 8 7 1 2 3 9 6 4 0 5 11 10
swap 202 8 1 7 2 3 6 9 4 0 11 5 10
swap 203 1 8 7 2 6 3 9 4 11 0 10 5
swap 204 1 7 8 2 6 9 3 11 4 10 0 5
swap 205 1 7 2 8 6 9 3 11 4 10 5 0
swap 206 1 2 7 8 6 9 3 4 11 5 10 0
swap 207 1 2 8 7 9 6 4 3 11 5 0 10
swap 208 1 2 8 7 9 4 6 11 3 0 5 10
swap 209 2 1 7 8 4 9 6 11 0 3 10 5
swap 210 2 1 7 8 4 9 6 0 11 10 3 5
swap 211 1 2 7 8 9 4 0 6 10 11 5 3
swap 212 1 2 7 9 8 4 0 10 6 5 11 3
swap 213 1 2 7 9 4 8 10 0 6 5 11 3
swap 214 1 2 7 4 9 10 8 6 0 11 5 3
swap 215 2 1 7 4 9 10 6 8 11 0 5 3
swap 216 2 1 7 9 4 6 10 8 11 5 0 3
swap 217 1 2 7 9 6 4 10 8 5 11 0 3
swap 218 1 7 2 6 9 10 4 5 8 0 11 3
swap 219 1 7 2 6 9 10 5 4 0 8 3 11
swap 220 1 2 7 9 6 5 10 4 0 8 3 11
swap 221 2 1 7 9 6 5 4 10 0 8 11 3
swap 222 2 7 1 6 9 4 5 0 10 8 11 3
swap 223 7 2 6 1 4 9 0 5 10 8 11 3
swap 224 7 6 2 1 4 0 9 10 5 11 8 3
swap 225 7 6 1 2 0 4 9 10 5 11 8 3
swap 226 7 1 6 2 0 9 4 10 5 8 11 3
swap 227 7 1 2 6 9 0 10 4 5 8 3 11
swap 228 7 1 2 6 9 10 0 5 4 3 8 11
swap 229 1 7 6 2 10 9 0 5 3 4 11 8
swap 230 1 7 6 2 10 0 9 3 5 11 4 8
swap 231 7 1 2 6 10 0 9 3 11 5 4 8
swap 232 7 1 2 6 10 9 0 11 3 4 5 8
swap 233 1 7 2 6 10 9 11 0 4 3 8 5
swap 234 1 2 7 6 10 11 9 0 4 8 3 5
swap 235 2 1 6 7 11 10 9 0 4 8 5 3
swap 236 2 6 1 11 7 10 9 0 4 5 8 3
swap 237 6 2 1 11 10 7 0 9 4 5 3 8
swap 238 6 1 2 10 11 0 7 9 4 3 5 8
swap 239 1 6 10 2 11 0 9 7 4 3 5 8
swap 240 1 6 10 2 11 9 0 4 7 5 3 8
swap 241 6 1 2 10 11 9 4 0 5 7 3 8
swap 242 6 1 2 10 11 4 9 0 5 3 7 8
swap 243 1 6 10 2 11 4 0 9 5 3 7 8
swap 244 1 10 6 2 11 0 4 9 5 7 3 8
swap 245 1 10 2 6 0 11 9 4 7 5 8 3
swap 246 1 2 10 6 0 11 9 7 4 8 5 3
swap 247 1 2 6 10 11 0 7 9 4 8 3 5
swap 248 1 6 2 10 11 0 7 4 9 8 3 5
swap 249 1 6 2 10 0 11 4 7 8 9 5 3
swap 250 1 2 6 0 10 11 4 8 7 5 9 3
swap 251 1 2 6 0 11 10 8 4 7 5 3 9
swap 252 1 6 2 11 0 10 8 7 4 3 5 9
swap 253 6 1 2 11 10 0 7 8 3 4 5 9
swap 254 6 1 2 11 10 0 7 8 3 5 4 9
swap 255 1 6 11 2 10 0 8 7 5 3 9 4
swap 256 1 6 11 2 10 0 8 5 7 3 9 4
swap 257 6 1 11 2 10 0 5 8 7 3 4 9
swap 258 6 1 11 10 2 0 5 7 8 4 3 9
swap 259 1 6 11 10 2 0 7 5 4 8 3 9
swap 260 1 6 11 2 10 0 7 5 4 3 8 9
swap 261 1 6 11 2 10 0 5 7 3 4 9 8
swap 262 1 11 6 10 2 0 5 7 3 9 4 8
swap 263 11 1 10 6 0 2 7 5 3 9 8 4
swap 264 11 1 10 0 6 2 7 3 5 8 9 4
swap 265 11 1 0 10 6 2 3 7 5 8 4 9
swap 266 11 1 0 6 10 2 3 7 5 4 8 9
swap 267 1 11 6 0 2 10 7 3 4 5 9 8
swap 268 1 11 6 2 0 7 10 4 3 5 9 8
swap 269 11 1 2 6 0 7 4 10 5 3 8 9
swap 270 11 1 2 6 0 4 7 5 10 8 3 9
swap 271 1 11 6 2 4 0 7 5 10 8 3 9
swap 272 1 6 11 2 4 0 7 10 5 3 8 9
swap 273 6 1 11 2 0 4 7 10 3 5 9 8
swap 274 6 11 1 2 0 4 7 10 3 5 9 8
swap 275 6 11 1 2 4 0 7 10 3 5 8 9
swap 276 6 1 11 2 4 0 7 3 10 5 8 9
swap 277 1 6 11 2 0 4 7 3 5 10 8 9
swap 278 1 6 11 2 0 7 4 3 5 8 10 9
swap 279 6 1 11 2 0 7 3 4 5 8 10 9
swap 280 6 1 11 0 2 3 7 4 5 10 8 9
swap 281 1 6 11 0 2 3 4 7 10 5 9 8
swap 282 1 6 11 2 0 4 3 10 7 9 5 8
swap 283 6 1 11 2 4 0 10 3 7 9 8 5
swap 284 6 11 1 4 2 10 0 7 3 8 9 5
swap 285 11 6 1 4 2 10 7 0 3 8 5 9
swap 286 11 6 1 4 2 7 10 3 0 5 8 9
swap 287 11 6 4 1 7 2 3 10 5 0 8 9
swap 288 11 4 6 1 7 2 3 10 5 8 0 9
swap 289 4 11 1 6 2 7 10 3 8 5 9 0
swap 290 4 11 1 6 2 7 10 8 3 5 9 0
swap 291 11 4 6 1 2 7 8 10 5 3 9 0
swap 292 11 6 4 1 2 7 8 5 10 3 9 0
swap 293 11 6 1 4 2 7 5 8 10 3 0 9
swap 294 11 6 1 2 4 5 7 8 10 0 3 9
swap 295 11 6 2 1 5 4 8 7 0 10 3 9
swap 296 11 6 2 1 5 8 4 7 0 3 10 9
swap 297 11 6 2 1 8 5 7 4 3 0 9 10
swap 298 11 2 6 8 1 5 7 3 4 9 0 10
swap 299 11 2 6 8 1 5 7 3 4 9 10 0
swap 300 11 2 6 1 8 7 5 4 3 10 9 0
swap 301 2 11 1 6 7 8 4 5 3 10 0 9
swap 302 2 11 1 7 6 4 8 5 3 0 10 9
swap 303 11 2 1 7 4 6 5 8 0 3 9 10
swap 304 11 2 1 7 4 5 6 0 8 3 9 10
swap 305 11 2 1 7 5 4 6 0 8 3 10 9
swap 306 11 1 2 7 5 6 4 8 0 3 10 9
swap 307 1 11 7 2 6 5 8 4 3 0 9 10
swap 308 1 11 7 2 6 8 5 4 3 9 0 10
swap 309 11 1 2 7 8 6 5 4 3 9 10 0
swap 310 11 1 2 8 7 5 6 3 4 9 10 0
swap 311 1 11 2 8 7 5 3 6 4 9 0 10
swap 312 1 2 11 7 8 3 5 4 6 9 0 10
swap 313 2 1 7 11 3 8 4 5 9 6 0 10
swap 314 2 7 1 11 3 8 4 9 5 6 0 10
swap 315 2 7 1 11 8 3 4 9 5 6 0 10
swap 316 2 1 7 8 11 3 4 5 9 0 6 10
swap 317 2 1 7 8 11 3 4 5 9 0 10 6
swap 318 2 7 1 11 8 4 3 9 5 10 0 6
swap 319 2 7 1 11 8 4 3 9 5 10 6 0
swap 320 2 7 1 11 8 3 4 5 9 6 10 0
swap 321 2 7 11 1 8 3 4 5 6 9 0 10
swap 322 2 11 7 8 1 4 3 6 5 0 9 10
swap 323 2 11 7 8 1 4 6 3 5 0 10 9
swap 324 2 11 7 8 1 6 4 5 3 10 0 9
swap 325 11 2 7 8 6 1 4 5 10 3 9 0
swap 326 11 7 2 6 8 1 4 5 10 3 9 0
swap 327 11 7 2 6 8 1 4 5 3 10 0 9
swap 328 11 2 7 8 6 4 1 3 5 10 0 9
swap 329 11 2 7 8 4 6 3 1 10 5 9 0
swap 330 11 7 2 8 4 3 6 1 10 9 5 0
swap 331 11 7 8 2 3 4 1 6 10 9 0 5
swap 332 11 8 7 2 3 1 4 6 10 0 9 5
swap 333 11 8 2 7 1 3 6 4 0 10 5 9
swap 334 11 8 2 1 7 6 3 4 0 5 10 9
swap 335 11 8 1 2 7 6 4 3 5 0 9 10
swap 336 11 8 1 7 2 4 6 5 3 0 9 10
swap 337 8 11 1 7 4 2 5 6 3 0 10 9
swap 338 8 1 11 7 4 2 5 6 3 10 0 9
swap 339 1 8 11 7 2 4 5 6 3 10 9 0
swap 340 1 8 11 2 7 5 4 3 6 9 10 0
swap 341 8 1 2 11 7 5 3 4 9 6 10 0
swap 342 8 1 2 11 7 5 3 4 9 10 6 0
swap 343 1 8 11 2 7 5 4 3 10 9 0 6
swap 344 1 11 8 2 7 4 5 3 10 9 0 6
swap 345 1 11 8 2 7 4 5 3 10 9 6 0
swap 346 1 11 8 2 7 4 5 10 3 6 9 0
swap 347 11 1 2 8 4 7 10 5 6 3 0 9
swap 348 11 1 2 4 8 7 10 5 6 3 0 9
swap 349 11 1 4 2 7 8 5 10 3 6 9 0
swap 350 11 1 4 7 2 8 5 3 10 9 6 0
swap 351 11 1 7 4 2 8 3 5 9 10 6 0
swap 352 11 7 1 4 2 3 8 9 5 6 10 0
swap 353 11 7 1 4 3 2 9 8 5 6 10 0
swap 354 11 1 7 3 4 2 9 5 8 10 6 0
swap 355 1 11 7 3 2 4 5 9 8 10 6 0
swap 356 1 11 7 2 3 5 4 8 9 6 10 0
swap 357 1 11 7 2 3 5 8 4 9 6 10 0
swap 358 1 11 7 3 2 8 5 9 4 10 6 0
swap 359 11 1 7 3 2 8 9 5 4 10 6 0
swap 360 11 1 7 2 3 8 9 4 5 6 10 0
swap 361 11 1 2 7 8 3 4 9 5 6 10 0
swap 362 11 1 2 8 7 3 4 5 9 10 6 0
swap 363 11 1 8 2 3 7 5 4 9 10 0 6
swap 364 11 1 8 3 2 7 5 9 4 0 10 6
swap 365 11 1 3 8 2 7 5 9 0 4 6 10
swap 366 11 3 1 2 8 5 7 0 9 6 4 10
swap 367 11 3 1 2 5 8 0 7 6 9 4 10
swap 368 11 3 1 5 2 0 8 7 6 4 9 10
swap 369 11 3 1 5 0 2 8 7 4 6 9 10
swap 370 11 1 3 5 0 2 8 4 7 9 6 10
swap 371 11 1 3 5 2 0 4 8 9 7 10 6
swap 372 11 1 3 5 2 4 0 8 9 10 7 6
swap 373 11 1 3 5 2 4 8 0 9 10 7 6
swap 374 11 3 1 5 2 8 4 9 0 7 10 6
swap 375 3 11 1 5 2 8 9 4 7 0 6 10
swap 376 3 1 11 2 5 9 8 7 4 0 6 10
swap 377 1 3 2 11 9 5 7 8 4 0 10 6
swap 378 1 3 2 11 9 7 5 4 8 10 0 6
swap 379 3 1 11 2 9 7 4 5 8 10 6 0
swap 380 3 1 11 2 9 7 4 8 5 6 10 0
swap 381 3 1 2 11 9 7 4 8 5 6 0 10
swap 382 3 2 1 9 11 4 7 5 8 6 0 10
swap 383 2 3 1 9 11 4 5 7 6 8 10 0
swap 384 2 1 3 11 9 4 5 7 6 10 8 0
swap 385 1 2 3 11 9 4 7 5 10 6 8 0
swap 386 1 3 2 9 11 7 4 10 5 8 6 0
swap 387 1 3 2 9 11 7 4 10 5 8 6 0
swap 388 1 3 2 11 9 4 7 5 10 6 8 0
swap 389 3 1 2 11 4 9 5 7 6 10 0 8
swap 390 3 2 1 4 11 9 5 7 6 10 0 8
swap 391 2 3 1 4 11 9 7 5 10 6 8 0
swap 392 2 1 3 11 4 9 7 10 5 8 6 0
swap 393 1 2 11 3 9 4 7 10 5 8 0 6
swap 394 1 11 2 3 9 7 4 5 10 0 8 6
swap 395 1 11 2 3 7 9 5 4 10 0 8 6
swap 396 1 11 2 3 7 9 5 10 4 8 0 6
swap 397 11 1 2 3 9 7 10 5 4 8 6 0
swap 398 11 2 1 9 3 10 7 5 4 8 6 0
swap 399 11 2 1 9 10 3 5 7 8 4 0 6
swap 400 11 1 2 9 10 3 5 8 7 0 4 6
swap 401 1 11 2 9 10 3 8 5 7 0 4 6
swap 402 1 2 11 10 9 3 8 7 5 4 0 6
swap 403 2 1 10 11 3 9 8 7 5 4 0 6
swap 404 2 1 10 11 3 8 9 5 7 4 0 6
swap 405 1 2 11 10 3 8 9 5 4 7 6 0
swap 406 1 2 11 10 3 8 9 4 5 7 6 0
swap 407 1 2 10 11 3 8 4 9 7 5 0 6
swap 408 1 10 2 11 3 4 8 7 9 5 0 6
swap 409 1 10 11 2 3 4 7 8 5 9 0 6
swap 410 1 11 10 2 3 7 4 5 8 9 0 6
swap 411 11 1 2 10 3 7 5 4 8 9 6 0
swap 412 11 1 2 3 10 5 7 4 8 6 9 0
swap 413 1 11 2 3 10 5 4 7 6 8 0 9
swap 414 1 2 11 3 10 4 5 7 6 0 8 9
swap 415 2 1 3 11 4 10 5 7 0 6 9 8
swap 416 2 3 1 11 4 5 10 7 0 9 6 8
swap 417 2 3 1 11 5 4 7 10 9 0 8 6
swap 418 2 1 3 11 5 7 4 10 9 8 0 6
swap 419 2 1 11 3 5 7 10 4 8 9 0 6
swap 420 2 11 1 5 3 10 7 8 4 0 9 6
swap 421 11 2 1 5 3 10 7 8 4 0 6 9
swap 422 11 2 1 3 5 7 10 4 8 0 6 9
swap 423 2 11 1 3 5 7 4 10 0 8 9 6
swap 424 2 11 1 5 3 4 7 0 10 9 8 6
swap 425 2 11 1 5 3 4 7 0 9 10 6 8
swap 426 2 1 11 3 5 7 4 9 0 6 10 8
swap 427 1 2 11 3 5 7 9 4 6 0 8 10
swap 428 1 2 11 5 3 9 7 6 4 8 0 10
swap 429 2 1 5 11 3 9 7 6 4 8 10 0
swap 430 2 1 5 3 11 9 7 4 6 10 8 0
swap 431 1 2 5 3 11 9 7 4 10 6 0 8
swap 432 1 2 5 11 3 7 9 10 4 6 0 8
swap 433 2 1 11 5 7 3 9 10 4 6 8 0
swap 434 2 1 11 5 7 9 3 4 10 8 6 0
swap 435 1 2 11 5 9 7 4 3 10 8 6 0
swap 436 1 2 11 5 9 4 7 3 10 6 8 0
swap 437 2 1 5 11 9 4 3 7 6 10 8 0
swap 438 2 1 5 9 11 3 4 7 6 10 8 0
swap 439 1 2 9 5 11 3 7 4 10 6 8 0
swap 440 1 2 9 11 5 7 3 10 4 6 8 0
swap 441 2 1 9 11 7 5 3 10 4 6 0 8
swap 442 2 9 1 11 7 5 3 4 10 0 6 8
swap 443 9 2 11 1 7 5 3 4 0 10 8 6
swap 444 9 11 2 7 1 3 5 0 4 8 10 6
swap 445 11 9 2 7 3 1 0 5 4 8 10 6
swap 446 11 9 2 3 7 0 1 4 5 10 8 6
swap 447 11 9 2 3 7 0 4 1 10 5 6 8
swap 448 11 2 9 7 3 4 0 1 10 6 5 8
swap 449 2 11 7 9 3 4 1 0 6 10 8 5
swap 450 2 7 11 3 9 1 4 0 6 8 10 5
swap 451 7 2 3 11 9 1 4 0 8 6 5 10
swap 452 7 3 2 11 9 1 4 0 8 5 6 10
swap 453 7 3 11 2 1 9 0 4 8 5 6 10
swap 454 7 3 11 2 1 0 9 8 4 5 6 10
swap 455 3 7 2 11 0 1 8 9 4 5 6 10
swap 456 3 7 2 11 0 8 1 4 9 6 5 10
swap 457 7 3 11 2 8 0 4 1 9 6 5 10
swap 458 7 11 3 8 2 4 0 9 1 5 6 10
swap 459 11 7 3 8 2 4 9 0 1 5 6 10
swap 460 11 3 7 2 8 9 4 0 1 5 6 10
swap 461 11 3 2 7 9 8 4 0 5 1 10 6
swap 462 11 3 2 7 9 4 8 5 0 1 10 6
swap 463 11 3 7 2 9 4 8 5 1 0 10 6
swap 464 11 7 3 9 2 8 4 1 5 10 0 6
swap 465 11 7 9 3 8 2 1 4 5 10 6 0
swap 466 11 9 7 3 8 2 1 5 4 6 10 0
swap 467 9 11 7 3 2 8 1 5 4 6 0 10
swap 468 9 11 7 2 3 1 8 4 5 0 6 10
swap 469 11 9 2 7 3 1 8 4 5 0 10 6
swap 470 11 9 2 7 3 1 8 5 4 10 0 6
swap 471 9 11 7 2 1 3 5 8 4 10 6 0
swap 472 9 11 7 2 1 3 5 4 8 6 10 0
swap 473 9 11 7 2 3 1 4 5 8 6 0 10
swap 474 9 7 11 2 3 1 4 5 8 0 6 10
swap 475 7 9 2 11 3 1 5 4 0 8 10 6
swap 476 7 2 9 11 3 1 5 4 0 10 8 6
swap 477 7 2 9 11 1 3 4 5 0 10 8 6
swap 478 7 9 2 1 11 4 3 0 5 8 10 6
swap 479 9 7 1 2 11 4 3 0 8 5 10 6
swap 480 9 7 1 2 11 4 3 8 0 5 10 6
swap 481 7 9 2 1 11 4 8 3 5 0 6 10
swap 482 7 9 2 11 1 8 4 3 5 6 0 10
swap 483 9 7 2 11 1 8 3 4 5 6 10 0
swap 484 9 2 7 1 11 3 8 4 5 10 6 0
swap 485 9 2 7 1 11 3 4 8 10 5 0 6
swap 486 9 2 7 1 11 3 4 8 10 0 5 6
swap 487 9 2 7 1 3 11 8 4 10 0 6 5
swap 488 9 7 2 3 1 8 11 10 4 6 0 5
swap 489 9 7 2 3 1 8 11 10 6 4 5 0
swap 490 9 2 7 3 1 11 8 6 10 4 5 0
swap 491 2 9 7 3 1 11 8 6 4 10 0 5
swap 492 2 9 7 3 1 8 11 4 6 10 0 5
swap 493 2 9 3 7 8 1 11 4 6 10 5 0
swap 494 2 3 9 8 7 11 1 6 4 5 10 0
swap 495 2 3 9 8 11 7 6 1 5 4 0 10
swap 496 2 9 3 11 8 7 6 1 5 4 0 10
swap 497 2 9 11 3 7 8 1 6 4 5 0 10
swap 498 2 9 11 3 7 8 1 4 6 5 0 10
swap 499 9 2 11 3 8 7 4 1 5 6 10 0
swap 500 9 11 2 8 3 4 7 5 1 10 6 0
swap 501 11 9 8 2 3 4 5 7 10 1 6 0
swap 502 11 8 9 3 2 5 4 7 10 1 6 0
swap 503 11 8 3 9 2 5 7 4 1 10 6 0
swap 504 11 3 8 2 9 7 5 1 4 10 6 0
swap 505 11 3 8 2 9 7 5 1 4 10 0 6
swap 506 11 8 3 9 2 7 5 4 1 0 10 6
swap 507 11 8 3 9 2 7 4 5 0 1 6 10
swap 508 11 8 3 2 9 7 4 5 0 1 6 10
swap 509 8 11 2 3 7 9 5 4 1 0 10 6
swap 510 8 2 11 3 7 5 9 1 4 0 10 6
swap 511 2 8 11 3 7 5 9 1 0 4 10 6
swap 512 2 8 11 3 7 9 5 1 0 10 4 6
swap 513 8 2 3 11 7 9 1 5 10 0 4 6
swap 514 8 2 3 11 7 1 9 5 10 4 0 6
swap 515 8 2 11 3 7 1 5 9 4 10 0 6
swap 516 8 11 2 7 3 1 5 4 9 0 10 6
swap 517 11 8 2 7 3 1 4 5 0 9 6 10
swap 518 11 8 2 3 7 4 1 5 0 9 6 10
swap 519 11 8 2 3 7 4 5 1 9 0 10 6
swap 520 11 2 8 7 3 5 4 9 1 10 0 6
swap 521 11 2 7 8 3 5 9 4 1 10 6 0
swap 522 11 7 2 8 3 5 9 1 4 6 10 0
swap 523 11 7 2 8 3 5 1 9 4 6 0 10
swap 524 11 2 7 3 8 1 5 4 9 6 0 10
swap 525 11 2 7 3 8 1 5 4 9 6 10 0
swap 526 11 7 2 8 3 5 1 4 9 10 6 0
swap 527 11 7 8 2 5 3 1 4 10 9 6 0
swap 528 11 8 7 2 5 1 3 10 4 6 9 0
swap 529 11 8 2 7 5 1 10 3 4 6 0 9
swap 530 11 2 8 7 5 1 10 4 3 0 6 9
swap 531 11 2 8 7 5 1 4 10 0 3 9 6
swap 532 11 8 2 7 5 4 1 10 0 9 3 6
swap 533 11 8 2 7 4 5 1 10 9 0 6 3
swap 534 11 2 8 7 4 5 1 9 10 0 6 3
swap 535 11 2 8 7 5 4 9 1 0 10 3 6
swap 536 11 8 2 5 7 9 4 1 0 10 3 6
swap 537 11 8 2 5 7 9 1 4 10 0 3 6
swap 538 11 2 8 7 5 1 9 4 10 3 0 6
swap 539 2 11 8 7 1 5 4 9 10 3 6 0
swap 540 2 11 8 1 7 4 5 10 9 6 3 0
swap 541 2 11 1 8 7 4 5 10 9 6 0 3
swap 542 2 11 1 7 8 5 4 9 10 0 6 3
swap 543 2 11 7 1 5 8 9 4 10 0 3 6
swap 544 2 7 11 1 5 9 8 4 10 3 0 6
swap 545 2 7 11 1 9 5 4 8 10 3 6 0
swap 546 2 11 7 1 9 5 4 8 10 6 3 0
swap 547 2 11 1 7 5 9 8 4 10 6 0 3
swap 548 2 11 1 5 7 8 9 10 4 6 0 3
swap 549 11 2 1 5 7 8 9 10 4 6 3 0
swap 550 11 1 2 7 5 9 8 10 4 3 6 0
swap 551 11 1 2 7 5 9 8 10 3 4 6 0
swap 552 11 2 1 5 7 8 9 10 3 4 6 0
swap 553 2 11 1 5 7 8 9 10 4 3 0 6
swap 554 2 11 1 7 5 9 8 4 10 3 0 6
swap 555 11 2 1 7 5 9 4 8 3 10 6 0
swap 556 11 2 1 7 5 4 9 3 8 6 10 0
swap 557 11 2 7 1 4 5 9 3 8 6 0 10
swap 558 11 2 7 1 4 9 5 8 3 0 6 10
swap 559 11 2 1 7 4 9 8 5 3 0 10 6
swap 560 11 2 1 7 4 8 9 3 5 10 0 6
swap 561 2 11 7 1 4 8 9 3 10 5 6 0
swap 562 2 7 11 1 4 9 8 10 3 5 6 0
swap 563 2 7 1 11 4 9 8 10 5 3 0 6
swap 564 2 7 1 11 4 8 9 5 10 0 3 6
swap 565 7 2 11 1 8 4 5 9 0 10 6 3
swap 566 7 2 11 1 8 5 4 0 9 6 10 3
swap 567 2 7 11 1 5 8 4 0 6 9 10 3
swap 568 2 11 7 1 5 4 8 6 0 10 9 3
swap 569 2 11 7 1 5 4 6 8 10 0 9 3
swap 570 2 11 7 5 1 4 6 10 8 9 0 3
swap 571 2 11 5 7 4 1 10 6 8 9 3 0
swap 572 2 11 5 7 4 1 10 8 6 3 9 0
swap 573 2 11 5 7 1 4 8 10 3 6 0 9
swap 574 2 11 5 1 7 4 8 10 3 0 6 9
swap 575 2 11 5 1 4 7 10 8 0 3 6 9
swap 576 2 5 11 4 1 10 7 8 0 6 3 9
swap 577 2 5 11 4 1 10 8 7 6 0 9 3
swap 578 2 11 5 1 4 10 8 7 6 9 0 3
swap 579 11 2 1 5 10 4 7 8 9 6 3 0
swap 580 11 2 1 10 5 4 7 8 9 3 6 0
swap 581 11 2 10 1 5 4 8 7 3 9 0 6
swap 582 11 10 2 5 1 4 8 3 7 9 0 6
swap 583 11 10 2 5 1 4 3 8 9 7 6 0
swap 584 11 2 10 1 5 4 3 9 8 7 6 0
swap 585 2 11 10 1 4 5 3 9 8 7 0 6
swap 586 2 10 11 4 1 3 5 9 8 7 0 6
swap 587 2 10 11 4 3 1 5 9 7 8 6 0
swap 588 2 10 11 3 4 5 1 7 9 8 6 0
swap 589 10 2 11 3 5 4 1 7 8 9 6 0
swap 590 10 2 11 5 3 4 1 8 7 6 9 0
swap 591 2 10 5 11 4 3 8 1 6 7 0 9
swap 592 2 10 5 11 4 3 8 1 6 7 0 9
swap 593 2 10 11 5 3 4 1 8 7 6 9 0
swap 594 2 10 11 5 3 1 4 7 8 9 6 0
swap 595 10 2 11 5 1 3 7 4 9 8 0 6
swap 596 10 11 2 1 5 3 7 9 4 0 8 6
swap 597 10 11 1 2 3 5 9 7 4 0 6 8
swap 598 10 11 1 2 3 5 9 4 7 6 0 8
swap 599 11 10 2 1 5 3 4 9 7 6 8 0
swap 600 11 10 2 1 5 4 3 9 7 8 6 0
swap 601 11 10 1 2 5 4 9 3 7 8 0 6
swap 602 11 10 1 5 2 4 9 7 3 0 8 6
swap 603 11 10 5 1 2 4 7 9 0 3 6 8
swap 604 11 10 5 2 1 7 4 9 0 6 3 8
swap 605 10 11 2 5 7 1 9 4 6 0 8 3
swap 606 10 11 2 7 5 1 9 4 6 8 0 3
swap 607 10 11 2 7 1 5 4 9 8 6 3 0
swap 608 10 2 11 7 1 4 5 8 9 3 6 0
swap 609 10 2 11 7 4 1 5 8 3 9 0 6
swap 610 10 11 2 7 4 1 5 8 3 9 0 6
swap 611 10 11 2 7 1 4 5 8 9 3 6 0
swap 612 10 11 2 1 7 5 4 9 8 6 3 0
swap 613 11 10 2 1 7 5 4 9 6 8 0 3
swap 614 11 2 10 1 7 4 5 9 6 0 8 3
swap 615 11 2 10 1 4 7 9 5 0 6 3 8
swap 616 11 10 2 1 4 7 9 0 5 3 6 8
swap 617 11 10 2 1 4 7 0 9 3 5 8 6
swap 618 11 10 2 1 4 7 0 3 9 5 8 6
swap 619 11 10 1 2 4 7 3 0 9 5 8 6
swap 620 11 1 10 2 4 3 7 9 0 5 8 6
swap 621 11 1 10 2 4 3 9 7 5 0 6 8
swap 622 11 10 1 2 4 3 9 7 5 0 6 8
swap 623 11 10 1 2 3 4 7 9 5 0 8 6
swap 624 11 1 10 3 2 7 4 5 9 8 0 6
swap 625 11 1 3 10 2 7 5 4 9 8 6 0
swap 626 11 3 1 2 10 7 5 9 4 6 8 0
swap 627 3 11 1 2 7 10 5 9 6 4 0 8
swap 628 3 11 1 2 7 10 5 6 9 0 4 8
swap 629 11 3 1 2 7 10 6 5 0 9 8 4
swap 630 11 1 3 2 7 6 10 5 0 9 8 4
swap 631 11 1 3 2 7 6 5 10 9 0 4 8
swap 632 11 1 3 7 2 5 6 9 10 4 0 8
swap 633 11 1 3 7 2 5 9 6 10 4 8 0
swap 634 11 1 3 7 2 9 5 10 6 8 4 0
swap 635 11 1 7 3 9 2 10 5 8 6 4 0
swap 636 11 1 7 3 9 10 2 5 8 4 6 0
swap 637 11 1 7 3 10 9 2 5 4 8 0 6
swap 638 11 1 7 3 10 2 9 5 4 8 0 6
swap 639 1 11 3 7 2 10 9 5 8 4 6 0
swap 640 1 3 11 2 7 9 10 5 8 6 4 0
swap 641 1 3 11 2 7 9 5 10 6 8 0 4
swap 642 1 11 3 7 2 5 9 10 6 0 8 4
swap 643 11 1 7 3 5 2 9 10 6 0 4 8
swap 644 11 1 7 3 5 9 2 6 10 4 0 8
swap 645 11 1 3 7 9 5 2 6 4 10 8 0
swap 646 11 3 1 7 9 2 5 4 6 8 10 0
swap 647 11 3 1 7 2 9 5 4 8 6 0 10
swap 648 11 1 3 2 7 5 9 8 4 0 6 10
swap 649 11 1 2 3 5 7 8 9 0 4 10 6
swap 650 11 1 2 3 5 7 8 9 0 4 10 6
swap 651 11 1 3 2 7 5 9 8 4 0 6 10
swap 652 11 3 1 2 7 9 5 4 8 0 6 10
swap 653 11 3 2 1 7 9 5 4 8 0 10 6
swap 654 11 2 3 1 7 5 9 8 4 0 10 6
swap 655 11 2 1 3 7 5 8 9 0 4 6 10
swap 656 11 1 2 3 7 8 5 9 0 6 4 10
swap 657 11 1 3 2 7 8 9 5 0 6 4 10
swap 658 11 1 3 2 7 9 8 5 0 4 6 10
swap 659 11 1 3 2 9 7 5 8 4 0 10 6
swap 660 11 1 3 9 2 7 5 8 4 10 0 6
swap 661 11 1 9 3 2 7 5 8 4 10 0 6
swap 662 11 1 9 3 2 5 7 4 8 0 10 6
swap 663 11 1 3 9 2 5 4 7 8 0 6 10
swap 664 11 3 1 2 9 4 5 8 7 6 0 10
swap 665 11 3 1 2 4 9 8 5 7 6 10 0
swap 666 11 1 3 4 2 9 8 7 5 10 6 0
swap 667 1 11 3 4 9 2 7 8 10 5 0 6
swap 668 1 11 3 9 4 7 2 8 10 0 5 6
swap 669 1 11 3 9 7 4 8 2 0 10 5 6
swap 670 1 11 3 9 7 8 4 2 0 5 10 6
swap 671 11 1 9 3 8 7 2 4 5 0 10 6
swap 672 11 1 9 8 3 7 2 4 5 10 0 6
swap 673 1 11 8 9 7 3 2 4 10 5 6 0
swap 674 1 11 8 7 9 2 3 10 4 5 6 0
swap 675 1 11 7 8 2 9 10 3 5 4 0 6
swap 676 1 7 11 8 2 9 10 3 5 0 4 6
swap 677 1 7 11 8 9 2 3 10 5 0 6 4
swap 678 1 11 7 9 8 3 2 10 5 6 0 4
swap 679 11 1 7 9 8 3 2 10 6 5 0 4
swap 680 11 1 7 9 8 3 2 6 10 0 5 4
swap 681 11 1 7 9 3 8 2 6 0 10 4 5
swap 682 11 1 7 3 9 2 8 0 6 4 10 5
swap 683 1 11 3 7 2 9 0 8 6 4 5 10
swap 684 1 11 3 7 2 0 9 6 8 4 5 10
swap 685 11 1 7 3 2 0 9 6 8 4 10 5
swap 686 11 1 7 2 3 9 0 8 6 10 4 5
swap 687 1 11 2 7 3 9 0 8 6 10 4 5
swap 688 1 11 2 3 7 0 9 8 6 4 10 5
swap 689 11 1 3 2 0 7 9 8 4 6 10 5
swap 690 11 3 1 2 0 9 7 4 8 10 6 5
swap 691 11 3 1 2 9 0 4 7 10 8 5 6
swap 692 11 3 1 2 9 0 4 10 7 5 8 6
swap 693 3 11 1 2 9 0 4 10 5 7 6 8
swap 694 3 1 11 9 2 4 0 5 10 7 6 8
swap 695 1 3 9 11 2 4 0 5 7 10 8 6
swap 696 1 3 9 2 11 0 4 7 5 8 10 6
swap 697 3 1 2 9 11 0 7 4 8 5 10 6
swap 698 3 1 2 11 9 0 7 4 8 10 5 6
swap 699 1 3 2 11 0 9 4 7 10 8 6 5
swap 700 1 3 2 11 0 9 4 10 7 6 8 5
swap 701 1 3 2 11 9 0 10 4 7 6 5 8
swap 702 1 2 3 9 11 10 0 7 4 5 6 8
swap 703 1 2 3 9 10 11 7 0 5 4 8 6
swap 704 1 3 2 10 9 11 7 5 0 4 8 6
swap 705 1 3 2 10 11 9 7 5 4 0 6 8
swap 706 1 3 2 10 11 9 7 4 5 6 0 8
swap 707 3 1 10 2 9 11 4 7 6 5 8 0
swap 708 3 10 1 2 9 11 4 6 7 5 8 0
swap 709 3 10 2 1 11 9 6 4 7 5 0 8
swap 710 3 10 2 1 11 6 9 7 4 5 0 8
swap 711 10 3 1 2 6 11 9 7 4 5 8 0
swap 712 10 3 1 2 6 9 11 4 7 8 5 0
swap 713 3 10 2 1 9 6 11 4 8 7 0 5
swap 714 3 2 10 1 9 6 11 4 8 7 0 5
swap 715 2 3 10 1 6 9 4 11 7 8 5 0
swap 716 2 10 3 6 1 9 4 7 11 5 8 0
swap 717 10 2 3 6 1 9 7 4 11 5 0 8
swap 718 10 2 3 6 1 7 9 4 11 0 5 8
swap 719 2 10 6 3 1 7 9 4 11 0 8 5
swap 720 2 6 10 1 3 9 7 11 4 8 0 5
swap 721 2 6 10 1 3 9 7 11 8 4 5 0
swap 722 2 6 10 3 1 7 9 11 8 5 4 0
swap 723 6 2 10 3 1 7 11 9 5 8 4 0
swap 724 6 2 10 1 3 7 11 5 9 4 8 0
swap 725 2 6 10 1 7 3 5 11 4 9 8 0
swap 726 2 6 10 7 1 3 5 4 11 9 8 0
swap 727 2 6 10 7 1 3 4 5 9 11 0 8
swap 728 2 10 6 1 7 3 4 9 5 0 11 8
swap 729 2 10 1 6 3 7 4 9 0 5 11 8
swap 730 2 1 10 6 3 4 7 9 0 11 5 8
swap 731 1 2 10 6 4 3 9 7 0 11 8 5
swap 732 1 10 2 4 6 9 3 7 0 11 8 5
swap 733 10 1 2 4 6 9 7 3 11 0 5 8
swap 734 10 2 1 6 4 7 9 3 11 5 0 8
swap 735 2 10 1 6 4 7 9 3 5 11 8 0
swap 736 2 1 10 6 4 9 7 3 5 8 11 0
swap 737 1 2 10 6 9 4 7 3 5 8 0 11
swap 738 1 10 2 9 6 7 4 3 5 0 8 11
swap 739 1 10 9 2 6 7 3 4 5 0 11 8
swap 740 1 9 10 2 6 7 3 4 5 11 0 8
swap 741 1 9 2 10 7 6 4 3 11 5 8 0
swap 742 1 9 2 7 10 4 6 11 3 5 8 0
swap 743 9 1 2 7 10 4 11 6 5 3 0 8
swap 744 9 1 2 7 10 11 4 5 6 3 0 8
swap 745 1 9 7 2 11 10 5 4 6 3 8 0
swap 746 1 7 9 2 11 5 10 4 6 3 8 0
swap 747 1 7 9 2 5 11 4 10 6 3 0 8
swap 748 1 9 7 5 2 4 11 6 10 0 3 8
swap 749 9 1 7 5 2 4 11 6 0 10 3 8
swap 750 9 1 7 5 2 11 4 6 0 3 10 8
swap 751 1 9 5 7 2 11 4 6 3 0 8 10
swap 752 1 9 5 7 2 4 11 3 6 8 0 10
swap 753 9 1 7 5 2 4 11 3 6 8 10 0
swap 754 9 1 7 2 5 4 11 6 3 10 8 0
swap 755 1 9 2 7 4 5 6 11 3 10 0 8
swap 756 1 2 9 7 4 6 5 3 11 0 10 8
swap 757 2 1 9 7 4 6 3 5 11 0 8 10
swap 758 2 9 1 4 7 3 6 11 5 8 0 10
swap 759 2 9 1 4 7 3 11 6 5 8 10 0
swap 760 2 1 9 7 4 11 3 5 6 10 8 0
swap 761 2 1 7 9 4 11 3 5 10 6 0 8
swap 762 2 7 1 9 4 3 11 5 10 6 0 8
swap 763 7 2 9 1 3 4 5 11 10 6 8 0
swap 764 7 9 2 1 3 4 5 11 10 6 8 0
swap 765 9 7 1 2 4 3 11 5 6 10 0 8
swap 766 9 1 7 2 4 3 11 5 6 10 0 8
swap 767 9 1 2 7 4 3 5 11 6 10 8 0
swap 768 9 1 2 4 7 3 5 11 6 8 10 0
swap 769 9 1 2 4 7 3 11 5 8 6 0 10
swap 770 9 2 1 7 4 11 3 5 8 0 6 10
swap 771 9 2 1 7 4 11 5 3 8 0 6 10
swap 772 9 1 2 4 7 5 11 8 3 6 0 10
swap 773 9 1 2 4 5 7 11 8 3 6 0 10
swap 774 9 1 2 5 4 11 7 3 8 0 6 10
swap 775 9 1 2 5 11 4 7 3 8 0 10 6
swap 776 9 2 1 11 5 7 4 8 3 0 10 6
swap 777 2 9 1 11 7 5 8 4 0 3 6 10
swap 778 2 9 1 11 7 8 5 4 0 6 3 10
swap 779 9 2 1 11 8 7 5 4 0 6 10 3
swap 780 9 1 2 11 8 7 5 0 4 6 10 3
swap 781 1 9 2 11 8 7 0 5 4 6 3 10
swap 782 1 9 2 8 11 7 0 5 4 3 6 10
swap 783 9 1 8 2 7 11 0 5 3 4 10 6
swap 784 9 8 1 2 7 11 0 5 3 10 4 6
swap 785 8 9 1 2 11 7 0 5 10 3 4 6
swap 786 8 1 9 2 11 0 7 5 10 4 3 6
swap 787 8 1 9 2 0 11 5 7 4 10 6 3
swap 788 8 1 9 0 2 11 5 7 4 6 10 3
swap 789 8 1 9 0 11 2 5 7 4 6 3 10
swap 790 8 9 1 11 0 2 5 4 7 3 6 10
swap 791 9 8 11 1 2 0 4 5 3 7 10 6
swap 792 9 11 8 1 2 0 4 3 5 7 10 6
swap 793 11 9 8 1 2 0 3 4 7 5 6 10
swap 794 11 9 8 2 1 3 0 7 4 6 5 10
swap 795 9 11 8 2 1 3 0 7 4 6 10 5
swap 796 9 8 11 2 1 0 3 4 7 10 6 5
swap 797 8 9 2 11 0 1 3 4 7 10 5 6
swap 798 8 2 9 11 0 3 1 4 7 5 10 6
swap 799 8 2 9 11 3 0 1 4 7 5 6 10
swap 800 8 2 9 11 3 1 0 7 4 6 5 10
swap 801 8 2 9 11 1 3 7 0 4 6 10 5
swap 802 8 2 9 1 11 7 3 0 4 10 6 5
swap 803 8 2 9 1 7 11 0 3 10 4 5 6
swap 804 8 2 9 7 1 11 0 10 3 4 5 6
swap 805 8 2 9 7 11 1 10 0 3 4 6 5
swap 806 8 9 2 7 11 10 1 3 0 4 6 5
swap 807 8 9 7 2 11 10 1 3 0 4 5 6
swap 808 8 9 7 2 11 1 10 0 3 4 5 6
swap 809 9 8 2 7 1 11 0 10 4 3 6 5
swap 810 9 8 2 1 7 0 11 10 4 3 6 5
swap 811 9 8 2 1 0 7 10 11 3 4 5 6
swap 812 9 2 8 0 1 10 7 11 3 4 5 6
swap 813 9 2 8 0 10 1 7 11 4 3 6 5
swap 814 9 8 2 0 10 7 1 11 4 3 6 5
swap 815 9 8 2 0 7 10 11 1 3 4 6 5
swap 816 9 2 8 0 7 11 10 1 3 6 4 5
swap 817 2 9 0 8 11 7 1 10 6 3 5 4
swap 818 2 0 9 11 8 1 7 10 6 5 3 4
swap 819 2 0 9 11 8 1 10 7 6 5 4 3
swap 820 2 9 0 8 11 10 1 7 6 4 5 3
swap 821 9 2 8 0 11 10 1 7 4 6 3 5
swap 822 9 8 2 0 11 1 10 4 7 3 6 5
swap 823 9 8 0 2 11 1 4 10 3 7 5 6
swap 824 9 0 8 2 11 4 1 10 3 5 7 6
swap 825 9 0 8 2 11 4 10 1 5 3 6 7
swap 826 9 0 8 11 2 4 10 5 1 6 3 7
swap 827 9 0 11 8 2 4 5 10 1 6 7 3
swap 828 9 0 11 2 8 4 5 1 10 7 6 3
swap 829 9 0 2 11 4 8 1 5 7 10 3 6
swap 830 9 2 0 11 4 1 8 7 5 3 10 6
swap 831 2 9 11 0 1 4 8 7 3 5 10 6
swap 832 2 11 9 1 0 8 4 3 7 5 10 6
swap 833 11 2 9 1 0 8 3 4 7 5 6 10
swap 834 11 9 2 0 1 8 3 7 4 6 5 10
swap 835 11 9 2 0 8 1 3 7 4 6 10 5
swap 836 11 9 2 8 0 1 3 7 4 10 6 5
swap 837 9 11 8 2 1 0 3 7 10 4 5 6
swap 838 9 8 11 2 1 0 3 10 7 5 4 6
swap 839 9 8 2 11 0 1 3 10 5 7 6 4
swap 840 9 2 8 11 0 3 1 5 10 6 7 4
swap 841 9 2 11 8 0 3 5 1 10 6 7 4
swap 842 9 11 2 8 0 5 3 1 10 7 6 4
swap 843 9 11 2 8 0 5 1 3 7 10 4 6
swap 844 9 2 11 8 0 1 5 7 3 4 10 6
swap 845 9 2 8 11 0 1 7 5 4 3 6 10
swap 846 9 2 8 0 11 1 7 4 5 3 6 10
swap 847 9 2 8 0 11 1 4 7 3 5 10 6
swap 848 9 2 8 11 0 4 1 3 7 10 5 6
swap 849 9 2 8 11 4 0 3 1 7 10 5 6
swap 850 9 2 8 11 4 0 3 7 1 10 5 6
swap 851 9 2 11 8 4 0 7 3 1 10 6 5
swap 852 9 2 11 8 4 7 0 1 3 10 6 5
swap 853 2 9 11 8 7 4 1 0 10 3 5 6
swap 854 2 9 11 7 8 1 4 10 0 5 3 6
swap 855 9 2 7 11 1 8 10 4 5 0 6 3
swap 856 9 7 2 11 1 10 8 4 5 6 0 3
swap 857 9 7 11 2 1 10 8 4 6 5 0 3
swap 858 9 11 7 2 1 8 10 6 4 0 5 3
swap 859 9 11 7 2 8 1 6 10 0 4 3 5
swap 860 9 7 11 2 8 6 1 0 10 3 4 5
swap 861 9 7 11 2 8 6 0 1 3 10 5 4
swap 862 9 11 7 2 8 0 6 1 3 5 10 4
swap 863 9 11 7 2 8 0 1 6 5 3 10 4
swap 864 9 7 11 2 8 1 0 5 6 10 3 4
swap 865 9 7 2 11 1 8 5 0 10 6 4 3
swap 866 9 2 7 1 11 8 5 0 10 6 4 3
swap 867 9 2 7 1 8 11 0 5 6 10 3 4
swap 868 9 7 2 1 8 0 11 5 6 10 3 4
swap 869 9 7 1 2 0 8 11 5 10 6 4 3
swap 870 9 7 1 2 0 11 8 5 10 4 6 3
swap 871 9 7 1 2 11 0 8 5 4 10 3 6
swap 872 9 1 7 11 2 0 8 4 5 3 10 6
swap 873 9 1 7 11 2 0 8 4 5 3 10 6
swap 874 9 7 1 2 11 8 0 4 5 10 3 6
swap 875 9 7 1 2 11 8 0 4 10 5 3 6
swap 876 9 1 7 2 11 0 8 4 10 3 5 6
swap 877 1 9 7 2 0 11 8 4 3 10 5 6
swap 878 1 9 7 0 2 8 11 3 4 5 10 6
swap 879 9 1 0 7 2 8 3 11 5 4 6 10
swap 880 9 0 1 2 7 3 8 5 11 6 4 10
swap 881 9 0 2 1 3 7 5 8 11 6 10 4
swap 882 9 0 2 3 1 5 7 11 8 6 10 4
swap 883 9 0 2 3 5 1 11 7 6 8 4 10
swap 884 9 2 0 5 3 1 11 7 6 8 4 10
swap 885 9 2 5 0 1 3 7 11 8 6 10 4
swap 886 9 2 5 1 0 7 3 8 11 6 10 4
swap 887 9 2 1 5 7 0 8 3 6 11 4 10
swap 888 9 1 2 7 5 8 0 6 3 4 11 10
swap 889 9 1 2 7 5 8 6 0 4 3 11 10
swap 890 9 2 1 5 7 8 6 4 0 11 3 10
swap 891 2 9 1 5 8 7 6 4 0 11 3 10
swap 892 2 9 1 8 5 7 6 4 0 3 11 10
swap 893 9 2 8 1 5 7 4 6 3 0 11 10
swap 894 9 2 8 5 1 7 4 3 6 0 11 10
swap 895 9 2 8 5 7 1 4 3 0 6 10 11
swap 896 9 8 2 5 7 4 1 3 0 6 10 11
swap 897 9 8 5 2 4 7 3 1 6 0 11 10
swap 898 9 8 5 2 4 7 3 6 1 0 11 10
swap 899 8 9 2 5 7 4 6 3 1 0 10 11
swap 900 8 2 9 5 7 4 6 1 3 0 10 11
swap 901 8 2 5 9 4 7 1 6 0 3 11 10
swap 902 8 5 2 9 4 1 7 6 0 11 3 10
swap 903 8 5 9 2 4 1 7 6 0 11 3 10
swap 904 8 5 9 2 4 7 1 0 6 3 11 10
swap 905 5 8 2 9 4 7 0 1 6 3 10 11
swap 906 5 8 2 4 9 0 7 1 6 10 3 11
swap 907 8 5 2 4 9 0 1 7 10 6 3 11
swap 908 8 2 5 4 9 0 1 7 10 6 3 11
swap 909 8 2 5 4 9 0 7 1 6 10 11 3
swap 910 8 2 5 9 4 7 0 6 1 10 11 3
swap 911 2 8 9 5 7 4 6 0 10 1 3 11
swap 912 2 8 9 5 7 6 4 10 0 3 1 11
swap 913 8 2 9 5 7 6 10 4 3 0 11 1
swap 914 8 2 9 5 7 10 6 4 3 11 0 1
swap 915 8 2 5 9 7 10 4 6 3 11 1 0
swap 916 8 2 5 9 7 4 10 6 3 1 11 0
swap 917 2 8 5 9 4 7 6 10 1 3 0 11
swap 918 2 8 5 9 4 6 7 1 10 0 3 11
swap 919 8 2 9 5 4 6 1 7 10 0 11 3
swap 920 8 2 9 4 5 6 1 10 7 11 0 3
swap 921 2 8 4 9 5 6 10 1 11 7 3 0
swap 922 2 4 8 5 9 6 10 11 1 7 3 0
swap 923 4 2 5 8 9 6 10 11 7 1 0 3
swap 924 4 2 5 9 8 10 6 7 11 1 0 3
swap 925 4 2 9 5 10 8 7 6 1 11 3 0
swap 926 4 9 2 5 10 8 7 1 6 3 11 0
swap 927 4 9 2 5 8 10 7 1 6 3 0 11
swap 928 4 2 9 5 8 10 7 1 6 0 3 11
swap 929 2 4 5 9 8 10 1 7 6 0 3 11
swap 930 2 4 5 9 8 1 10 7 6 0 3 11
swap 931 4 2 9 5 8 1 7 10 0 6 11 3
swap 932 4 2 9 8 5 7 1 0 10 11 6 3
swap 933 2 4 9 8 5 7 1 0 10 11 3 6
swap 934 2 9 4 8 5 1 7 0 10 3 11 6
swap 935 9 2 4 8 5 1 0 7 3 10 6 11
swap 936 9 2 4 8 5 0 1 7 3 6 10 11
swap 937 2 9 4 8 5 0 7 1 6 3 11 10
swap 938 2 4 9 8 5 7 0 1 6 11 3 10
swap 939 4 2 9 8 5 7 1 0 6 11 3 10
swap 940 4 2 9 5 8 1 7 0 6 3 11 10
swap 941 2 4 5 9 1 8 7 0 3 6 10 11
swap 942 2 4 5 9 1 7 8 3 0 10 6 11
swap 943 2 4 9 5 7 1 3 8 10 0 6 11
swap 944 2 9 4 7 5 3 1 8 10 0 6 11
swap 945 2 9 4 7 3 5 8 1 0 10 11 6
swap 946 2 4 9 3 7 5 8 1 0 11 10 6
swap 947 4 2 9 3 5 7 1 8 0 11 6 10
swap 948 4 9 2 5 3 1 7 8 0 6 11 10
swap 949 4 9 5 2 1 3 8 7 0 6 10 11
swap 950 4 9 5 2 1 3 8 7 0 10 6 11
swap 951 9 4 5 2 1 3 7 8 10 0 11 6
swap 952 9 4 5 2 1 3 7 8 10 0 11 6
swap 953 4 9 2 5 1 3 7 8 0 10 6 11
swap 954 4 9 2 1 5 3 7 0 8 6 10 11
swap 955 9 4 1 2 3 5 7 0 6 8 10 11
swap 956 9 4 1 2 3 7 5 6 0 10 8 11
swap 957 4 9 2 1 7 3 5 6 0 10 11 8
swap 958 4 9 2 1 7 3 5 0 6 10 11 8
swap 959 4 9 2 1 7 3 5 0 10 6 8 11
swap 960 4 9 2 1 7 5 3 10 0 8 6 11
swap 961 4 9 2 1 5 7 3 10 0 8 11 6
swap 962 4 2 9 5 1 7 3 0 10 11 8 6
swap 963 2 4 9 5 1 7 3 0 11 10 8 6
swap 964 2 9 4 5 1 3 7 11 0 10 8 6
swap 965 9 2 4 5 3 1 7 11 10 0 6 8
swap 966 9 4 2 5 3 7 1 11 10 0 6 8
swap 967 4 9 2 5 7 3 11 1 0 10 8 6
swap 968 4 2 9 7 5 11 3 1 0 8 10 6
swap 969 4 2 7 9 5 11 3 1 8 0 6 10
swap 970 4 7 2 9 5 11 3 8 1 0 6 10
swap 971 4 7 2 9 11 5 8 3 0 1 10 6
swap 972 4 2 7 11 9 5 8 0 3 1 10 6
swap 973 2 4 7 11 5 9 0 8 1 3 6 10
swap 974 2 7 4 5 11 9 0 1 8 6 3 10
swap 975 2 7 4 5 9 11 1 0 6 8 10 3
swap 976 2 4 7 5 9 1 11 6 0 8 10 3
swap 977 4 2 5 7 1 9 11 6 8 0 3 10
swap 978 4 2 5 7 1 9 11 8 6 0 3 10
swap 979 2 4 5 7 9 1 8 11 0 6 10 3
swap 980 2 5 4 7 9 8 1 11 0 10 6 3
swap 981 2 5 7 4 9 8 11 1 0 10 6 3
swap 982 2 7 5 4 9 11 8 1 0 6 10 3
swap 983 2 7 4 5 11 9 1 8 6 0 3 10
swap 984 2 7 4 5 11 1 9 6 8 0 3 10
swap 985 2 7 5 4 11 1 6 9 8 0 10 3
swap 986 2 5 7 4 11 1 6 8 9 10 0 3
swap 987 2 5 7 4 11 1 8 6 10 9 0 3
swap 988 2 7 5 11 4 8 1 10 6 0 9 3
swap 989 7 2 11 5 8 4 1 10 0 6 3 9
swap 990 7 2 11 8 5 1 4 0 10 3 6 9
swap 991 2 7 8 11 1 5 0 4 10 3 9 6
swap 992 2 8 7 11 1 0 5 4 10 9 3 6
swap 993 2 8 11 7 0 1 4 5 10 9 6 3
swap 994 2 8 11 7 0 4 1 10 5 6 9 3
swap 995 2 8 7 11 4 0 1 10 6 5 3 9
swap 996 2 8 7 11 4 1 0 6 10 3 5 9
swap 997 2 8 11 7 1 4 6 0 3 10 5 9
swap 998 2 11 8 1 7 6 4 0 3 5 10 9
swap 999 11 2 1 8 6 7 4 0 5 3 9 10
swap 1000 11 1 2 6 8 4 7 5 0 3 9 10
swap 1001 11 1 2 6 8 4 5 7 3 0 9 10
swap 1002 11 2 1 6 8 5 4 7 3 9 0 10
swap 1003 2 11 6 1 5 8 4 7 9 3 0 10
swap 1004 2 11 6 1 5 4 8 7 9 0 3 10
swap 1005 2 11 1 6 4 5 7 8 0 9 10 3
swap 1006 2 11 1 6 4 7 5 0 8 9 10 3
swap 1007 11 2 6 1 4 7 0 5 9 8 3 10
swap 1008 11 2 6 4 1 7 0 9 5 8 3 10
swap 1009 2 11 6 4 7 1 0 9 8 5 3 10
swap 1010 2 11 6 4 7 0 1 8 9 5 3 10
swap 1011 2 11 6 4 7 0 8 1 5 9 10 3
swap 1012 2 11 6 4 7 0 8 5 1 10 9 3
swap 1013 2 11 6 4 0 7 5 8 1 10 3 9
swap 1014 2 11 6 0 4 5 7 1 8 3 10 9
swap 1015 2 11 0 6 4 5 1 7 8 3 9 10
swap 1016 2 0 11 6 4 5 1 7 8 9 3 10
swap 1017 0 2 11 6 4 5 7 1 9 8 10 3
swap 1018 0 11 2 6 4 7 5 9 1 10 8 3
swap 1019 11 0 2 6 7 4 9 5 10 1 8 3
swap 1020 11 0 2 6 7 4 9 10 5 1 8 3
swap 1021 0 11 6 2 4 7 10 9 1 5 8 3
swap 1022 0 6 11 4 2 7 10 1 9 8 5 3
swap 1023 6 0 11 4 7 2 10 1 9 8 3 5
swap 1024 6 0 11 7 4 2 10 9 1 3 8 5
swap 1025 0 6 11 7 2 4 9 10 1 3 5 8
swap 1026 0 6 11 7 2 9 4 1 10 5 3 8
swap 1027 0 6 11 7 2 9 4 1 5 10 3 8
swap 1028 0 6 11 7 2 9 4 1 5 10 3 8
swap 1029 6 0 7 11 9 2 1 4 10 5 8 3
swap 1030 6 7 0 11 9 2 1 10 4 8 5 3
swap 1031 6 7 0 11 9 2 1 10 8 4 3 5
swap 1032 6 0 7 9 11 1 2 8 10 3 4 5
swap 1033 6 0 9 7 11 1 2 8 3 10 4 5
swap 1034 6 0 9 11 7 2 1 8 3 4 10 5
swap 1035 6 0 9 11 7 2 1 8 4 3 10 5
swap 1036 6 9 0 7 11 1 2 4 8 10 3 5
swap 1037 6 9 7 0 1 11 4 2 10 8 5 3
swap 1038 6 7 9 1 0 11 4 2 10 5 8 3
swap 1039 6 7 9 1 11 0 2 4 5 10 3 8
swap 1040 6 7 9 11 1 2 0 5 4 3 10 8
swap 1041 6 7 9 11 2 1 5 0 3 4 8 10
swap 1042 6 7 9 11 2 1 5 3 0 8 4 10
swap 1043 6 7 9 11 2 1 5 3 0 8 4 10
swap 1044 6 7 9 2 11 1 5 0 3 4 8 10
swap 1045 6 7 9 2 1 11 0 5 4 3 10 8
swap 1046 6 9 7 2 1 11 0 5 4 10 3 8
swap 1047 9 6 2 7 1 11 0 5 10 4 8 3
swap 1048 9 6 2 1 7 0 11 10 5 8 4 3
swap 1049 6 9 1 2 0 7 10 11 5 8 4 3
swap 1050 6 9 1 2 0 10 7 5 11 4 8 3
swap 1051 6 9 2 1 0 10 5 7 11 4 8 3
swap 1052 6 9 2 0 1 5 10 7 11 8 4 3
swap 1053 9 6 0 2 1 5 7 10 8 11 3 4
swap 1054 9 6 0 1 2 7 5 8 10 3 11 4
swap 1055 6 9 0 1 2 7 5 8 10 3 4 11
swap 1056 6 9 0 1 2 7 5 10 8 4 3 11
swap 1057 9 6 1 0 7 2 5 10 4 8 11 3
swap 1058 9 6 1 0 7 5 2 4 10 11 8 3
swap 1059 9 6 0 1 5 7 4 2 11 10 3 8
swap 1060 9 6 0 5 1 7 4 2 11 3 10 8
swap 1061 6 9 5 0 1 7 4 2 3 11 10 8
swap 1062 6 5 9 1 0 4 7 3 2 11 10 8
swap 1063 6 5 9 1 0 4 3 7 11 2 8 10
swap 1064 6 9 5 1 0 4 3 11 7 8 2 10
swap 1065 6 9 5 1 4 0 11 3 8 7 2 10
swap 1066 6 9 5 4 1 0 11 8 3 2 7 10
swap 1067 9 6 5 4 0 1 8 11 2 3 10 7
swap 1068 9 5 6 0 4 8 1 2 11 3 10 7
swap 1069 9 5 6 0 8 4 1 2 3 11 7 10
swap 1070 9 5 6 8 0 1 4 2 3 7 11 10
swap 1071 9 5 6 8 1 0 2 4 7 3 11 10
swap 1072 9 6 5 8 1 0 2 4 7 3 11 10
swap 1073 9 6 5 8 1 0 4 2 7 3 11 10
swap 1074 9 5 6 8 1 4 0 7 2 11 3 10
swap 1075 9 5 6 8 1 4 7 0 11 2 3 10
swap 1076 9 5 6 8 1 7 4 11 0 3 2 10
swap 1077 9 5 6 8 1 7 11 4 3 0 2 10
swap 1078 9 6 5 1 8 7 11 3 4 2 0 10
swap 1079 9 6 1 5 8 7 3 11 2 4 10 0
swap 1080 9 1 6 5 8 3 7 2 11 4 10 0
swap 1081 9 1 6 5 8 3 2 7 4 11 0 10
swap 1082 9 6 1 5 8 2 3 4 7 11 0 10
swap 1083 9 6 5 1 2 8 3 4 7 11 10 0
swap 1084 9 5 6 1 2 3 8 7 4 11 10 0
swap 1085 9 5 1 6 2 3 8 7 11 4 10 0
swap 1086 9 1 5 2 6 8 3 11 7 10 4 0
swap 1087 9 1 5 2 8 6 11 3 10 7 0 4
swap 1088 9 1 5 2 8 6 11 10 3 7 0 4
swap 1089 9 1 2 5 8 6 11 10 7 3 4 0
swap 1090 9 1 2 8 5 11 6 7 10 4 3 0
swap 1091 9 1 8 2 5 11 7 6 4 10 0 3
swap 1092 9 1 8 5 2 11 7 4 6 10 0 3
swap 1093 9 1 5 8 11 2 7 4 6 10 3 0
swap 1094 9 1 5 11 8 2 7 6 4 3 10 0
swap 1095 9 1 5 11 2 8 6 7 4 3 0 10
swap 1096 9 1 5 2 11 8 6 7 4 3 0 10
swap 1097 9 1 5 2 8 11 6 7 4 3 10 0
swap 1098 9 5 1 8 2 11 6 7 4 10 3 0
swap 1099 5 9 8 1 2 11 6 7 4 10 0 3
swap 1100 5 9 8 2 1 6 11 4 7 0 10 3
swap 1101 5 9 2 8 1 6 4 11 7 0 10 3
swap 1102 5 9 2 1 8 4 6 7 11 10 0 3
swap 1103 5 9 1 2 8 4 7 6 11 10 3 0
swap 1104 5 9 1 2 8 7 4 11 6 10 3 0
swap 1105 9 5 1 2 8 7 11 4 6 10 0 3
swap 1106 9 5 1 8 2 7 11 6 4 0 10 3
swap 1107 9 5 1 8 7 2 11 6 0 4 3 10
swap 1108 9 5 1 7 8 11 2 0 6 4 3 10
swap 1109 5 9 1 7 8 11 2 0 6 4 10 3
swap 1110 5 1 9 8 7 2 11 6 0 10 4 3
swap 1111 5 1 8 9 7 2 11 6 10 0 4 3
swap 1112 5 1 8 7 9 11 2 10 6 4 0 3
swap 1113 1 5 7 8 11 9 10 2 6 4 0 3
swap 1114 1 7 5 8 11 10 9 6 2 4 0 3
swap 1115 1 7 8 5 10 11 6 9 4 2 3 0
swap 1116 1 7 8 5 10 11 6 9 4 2 3 0
swap 1117 7 1 5 8 11 10 9 6 2 4 0 3
swap 1118 7 1 5 8 11 9 10 2 6 0 4 3
swap 1119 1 7 8 5 9 11 2 10 0 6 3 4
swap 1120 1 7 8 5 9 2 11 0 10 3 6 4
swap 1121 1 7 5 8 9 2 11 0 10 3 4 6
swap 1122 1 7 5 9 8 11 2 0 10 4 3 6
swap 1123 1 7 5 9 8 11 2 0 4 10 6 3
swap 1124 1 5 7 8 9 2 11 4 0 6 10 3
swap 1125 1 5 8 7 9 2 4 11 0 6 3 10
swap 1126 1 5 8 7 9 2 4 0 11 6 3 10
swap 1127 1 5 7 8 9 2 4 0 11 6 10 3
swap 1128 1 5 7 8 9 4 2 11 0 6 10 3
swap 1129 5 1 8 7 9 4 11 2 0 6 10 3
swap 1130 5 8 1 9 7 11 4 0 2 10 6 3
swap 1131 5 8 9 1 7 11 0 4 10 2 6 3
swap 1132 5 8 9 1 7 0 11 10 4 6 2 3
swap 1133 8 5 1 9 0 7 10 11 4 6 2 3
swap 1134 8 1 5 9 0 7 10 4 11 2 6 3
swap 1135 8 1 5 9 0 7 4 10 2 11 3 6
swap 1136 8 5 1 0 9 4 7 2 10 3 11 6
swap 1137 5 8 1 0 4 9 7 2 3 10 6 11
swap 1138 5 8 1 0 4 7 9 3 2 10 6 11
swap 1139 5 8 1 0 7 4 3 9 2 10 6 11
swap 1140 5 1 8 7 0 4 3 2 9 10 6 11
swap 1141 5 1 7 8 4 0 2 3 10 9 11 6
swap 1142 5 1 7 4 8 2 0 10 3 9 11 6
swap 1143 1 5 4 7 8 2 10 0 9 3 6 11
swap 1144 1 5 4 8 7 2 10 9 0 6 3 11
swap 1145 5 1 4 8 2 7 9 10 0 6 3 11
swap 1146 5 1 4 8 2 9 7 0 10 6 3 11
swap 1147 1 5 4 8 2 9 7 0 6 10 3 11
swap 1148 1 5 4 8 2 7 9 6 0 3 10 11
swap 1149 5 1 8 4 2 7 6 9 3 0 11 10
swap 1150 5 1 8 2 4 7 6 9 3 11 0 10
swap 1151 1 5 8 2 7 4 9 6 11 3 10 0
swap 1152 1 8 5 7 2 9 4 11 6 3 10 0
swap 1153 1 8 7 5 9 2 4 11 3 6 0 10
swap 1154 1 7 8 9 5 4 2 11 3 6 0 10
swap 1155 7 1 9 8 4 5 11 2 6 3 0 10
swap 1156 7 1 9 8 4 11 5 2 6 0 3 10
swap 1157 1 7 8 9 11 4 2 5 0 6 10 3
swap 1158 1 7 8 9 11 2 4 0 5 10 6 3
swap 1159 7 1 9 8 11 2 0 4 5 10 3 6
swap 1160 7 9 1 11 8 2 0 4 5 3 10 6
swap 1161 9 7 1 11 2 8 0 4 3 5 6 10
swap 1162 9 1 7 2 11 8 0 3 4 5 6 10
swap 1163 9 1 7 2 11 8 3 0 5 4 10 6
swap 1164 9 7 1 2 11 8 3 0 5 10 4 6
swap 1165 7 9 1 2 8 11 0 3 10 5 6 4
swap 1166 7 9 1 8 2 11 0 10 3 6 5 4
swap 1167 9 7 1 8 11 2 10 0 6 3 4 5
swap 1168 9 1 7 11 8 10 2 6 0 4 3 5
swap 1169 9 1 7 11 8 10 6 2 4 0 3 5
swap 1170 9 7 1 8 11 10 6 4 2 0 3 5
swap 1171 9 7 8 1 11 10 4 6 2 0 5 3
swap 1172 9 7 8 1 11 4 10 2 6 5 0 3
swap 1173 7 9 1 8 11 4 2 10 6 5 3 0
swap 1174 7 9 1 11 8 2 4 6 10 3 5 0
swap 1175 9 7 1 11 8 2 6 4 10 3 0 5
swap 1176 9 7 1 11 8 6 2 10 4 0 3 5
swap 1177 9 7 11 1 8 6 10 2 0 4 5 3
swap 1178 9 7 11 1 8 6 10 2 0 5 4 3
swap 1179 9 7 1 11 8 6 2 10 5 0 3 4
swap 1180 9 7 1 8 11 2 6 5 10 0 3 4
swap 1181 9 7 1 8 2 11 5 6 0 10 4 3
swap 1182 9 7 1 8 2 11 5 0 6 4 10 3
swap 1183 7 9 1 8 11 2 0 5 6 4 3 10
swap 1184 7 9 1 8 11 0 2 6 5 3 4 10
swap 1185 9 7 1 8 11 0 6 2 3 5 10 4
swap 1186 9 7 1 8 11 0 6 2 3 5 10 4
swap 1187 7 9 8 1 11 0 6 2 5 3 4 10
swap 1188 7 8 9 1 11 6 0 5 2 3 4 10
swap 1189 7 8 9 1 11 6 0 5 2 3 10 4
swap 1190 7 9 8 11 1 0 6 2 5 10 3 4
swap 1191 9 7 11 8 0 1 2 6 5 10 4 3
swap 1192 9 11 7 8 0 2 1 6 5 4 10 3
swap 1193 9 11 7 8 2 0 6 1 4 5 3 10
swap 1194 9 7 11 2 8 0 6 4 1 3 5 10
swap 1195 9 7 2 11 0 8 4 6 1 3 10 5
swap 1196 9 7 2 0 11 4 8 6 1 10 3 5
swap 1197 9 7 0 2 4 11 6 8 1 10 3 5
swap 1198 9 0 7 4 2 11 6 1 8 10 3 5
swap 1199 0 9 7 4 11 2 1 6 10 8 5 3
swap 1200 0 9 7 11 4 2 1 6 10 8 5 3
swap 1201 0 9 11 7 2 4 1 6 8 10 3 5
swap 1202 0 9 11 2 7 1 4 6 8 3 10 5
swap 1203 9 0 11 2 1 7 6 4 3 8 5 10
swap 1204 9 11 0 2 1 7 6 3 4 8 5 10
swap 1205 9 11 0 2 1 7 6 3 8 4 10 5
swap 1206 9 0 11 1 2 7 6 3 8 4 10 5
swap 1207 9 0 1 11 2 7 3 6 4 8 5 10
swap 1208 9 1 0 11 2 3 7 4 6 8 5 10
swap 1209 9 1 11 0 3 2 4 7 8 6 10 5
swap 1210 9 11 1 0 3 4 2 7 8 10 6 5
swap 1211 11 9 1 0 3 4 7 2 10 8 6 5
swap 1212 11 1 9 0 3 7 4 2 10 6 8 5
swap 1213 11 1 0 9 7 3 2 4 6 10 5 8
swap 1214 11 1 0 9 7 3 2 4 6 5 10 8
swap 1215 1 11 9 0 7 3 4 2 5 6 8 10
swap 1216 1 11 9 0 7 4 3 5 2 8 6 10
swap 1217 11 1 0 9 4 7 3 5 8 2 6 10
swap 1218 11 1 0 4 9 7 3 8 5 6 2 10
swap 1219 1 11 0 4 7 9 8 3 6 5 10 2
swap 1220 1 0 11 4 7 9 8 3 6 5 10 2
swap 1221 0 1 11 4 9 7 8 3 5 6 2 10
swap 1222 0 11 1 9 4 7 8 5 3 2 6 10
swap 1223 11 0 1 9 4 7 5 8 2 3 10 6
swap 1224 11 1 0 9 4 5 7 8 2 10 3 6
swap 1225 1 11 9 0 5 4 8 7 2 10 6 3
swap 1226 1 11 9 0 5 4 8 7 2 6 10 3
swap 1227 1 11 0 9 4 5 8 7 6 2 3 10
swap 1228 1 11 0 9 4 5 8 7 6 2 3 10
swap 1229 11 1 9 0 5 4 7 8 2 6 10 3
swap 1230 11 1 9 0 5 7 4 8 2 10 6 3
swap 1231 11 1 0 9 7 5 4 8 10 2 3 6
swap 1232 11 0 1 9 7 4 5 8 10 2 3 6
swap 1233 11 0 9 1 7 4 8 5 2 10 6 3
swap 1234 11 9 0 7 1 8 4 5 2 10 6 3
swap 1235 11 9 7 0 1 8 4 5 10 2 3 6
swap 1236 11 9 7 1 0 8 4 5 10 3 2 6
swap 1237 11 9 7 1 0 8 4 5 3 10 6 2
swap 1238 11 7 9 0 1 4 8 3 5 6 10 2
swap 1239 7 11 9 0 1 4 3 8 5 6 2 10
swap 1240 7 11 9 0 1 3 4 8 5 2 6 10
swap 1241 7 11 9 0 3 1 8 4 5 2 10 6
swap 1242 7 11 9 0 3 8 1 5 4 2 10 6
swap 1243 11 7 0 9 8 3 5 1 2 4 10 6
swap 1244 11 7 0 9 8 5 3 2 1 10 4 6
swap 1245 7 11 9 0 5 8 2 3 1 10 4 6
swap 1246 7 11 9 0 5 2 8 1 3 4 10 6
swap 1247 11 7 0 9 5 2 1 8 4 3 10 6
swap 1248 11 7 0 9 5 1 2 8 4 3 10 6
swap 1249 11 7 0 9 5 1 8 2 3 4 6 10
swap 1250 11 7 0 5 9 1 8 2 3 6 4 10
swap 1251 7 11 0 5 9 1 8 2 3 6 10 4
swap 1252 7 11 0 9 5 8 1 3 2 10 6 4
swap 1253 11 7 9 0 5 8 3 1 2 10 4 6
swap 1254 11 7 9 5 0 3 8 2 1 10 4 6
swap 1255 11 7 5 9 0 3 2 8 1 10 6 4
swap 1256 11 5 7 9 0 2 3 1 8 6 10 4
swap 1257 11 5 7 9 2 0 1 3 8 6 4 10
swap 1258 11 7 5 9 2 1 0 3 8 4 6 10
swap 1259 7 11 5 9 1 2 3 0 4 8 10 6
swap 1260 7 5 11 9 1 2 3 0 4 8 10 6
swap 1261 5 7 11 9 2 1 0 3 8 4 6 10
swap 1262 5 11 7 2 9 0 1 8 3 6 4 10
swap 1263 5 11 7 2 9 0 8 1 3 6 10 4
swap 1264 5 11 7 9 2 8 0 3 1 10 6 4
swap 1265 11 5 9 7 2 8 3 0 1 10 4 6
swap 1266 11 5 9 2 7 3 8 0 1 4 10 6
swap 1267 5 11 2 9 7 3 0 8 1 4 6 10
swap 1268 5 2 11 9 7 0 3 8 1 6 4 10
swap 1269 2 5 11 9 7 0 8 3 1 6 10 4
swap 1270 2 5 11 9 7 8 0 1 3 10 6 4
swap 1271 5 2 9 11 7 8 1 0 10 3 4 6
swap 1272 5 9 2 11 7 1 8 0 10 3 4 6
swap 1273 5 9 11 2 1 7 8 0 10 3 6 4
swap 1274 5 11 9 2 1 8 7 10 0 6 3 4
swap 1275 11 5 2 9 8 1 10 7 0 6 3 4
swap 1276 11 2 5 8 9 1 10 0 7 3 6 4
swap 1277 2 11 5 8 1 9 0 10 3 7 6 4
swap 1278 2 11 5 1 8 9 0 3 10 7 6 4
swap 1279 2 11 1 5 9 8 0 3 7 10 6 4
swap 1280 2 11 1 9 5 0 8 3 7 6 10 4
swap 1281 2 11 1 9 0 5 8 3 6 7 4 10
swap 1282 2 11 1 0 9 5 8 3 6 7 4 10
swap 1283 11 2 1 0 9 5 3 8 7 6 10 4
swap 1284 11 2 1 0 9 5 3 7 8 10 6 4
swap 1285 2 11 0 1 5 9 7 3 10 8 4 6
swap 1286 2 11 0 1 5 7 9 3 10 4 8 6
swap 1287 11 2 1 0 7 5 9 3 4 10 6 8
swap 1288 11 1 2 0 7 9 5 4 3 10 6 8
swap 1289 11 1 0 2 9 7 4 5 10 3 8 6
swap 1290 11 1 0 2 9 4 7 5 10 8 3 6
swap 1291 11 1 2 0 9 4 7 5 8 10 3 6
swap 1292 11 2 1 9 0 7 4 8 5 10 3 6
swap 1293 11 2 1 9 0 7 8 4 5 10 3 6
swap 1294 11 1 2 0 9 8 7 5 4 3 10 6
swap 1295 11 1 0 2 9 8 5 7 4 3 10 6
swap 1296 11 1 0 9 2 8 5 7 4 10 3 6
swap 1297 11 1 9 0 8 2 7 5 10 4 3 6
swap 1298 11 1 9 0 8 2 7 5 10 3 4 6
swap 1299 1 11 0 9 8 2 5 7 3 10 6 4
swap 1300 1 11 0 9 8 5 2 7 3 10 6 4
swap 1301 11 1 9 0 8 5 7 2 3 10 4 6
swap 1302 11 9 1 0 8 7 5 3 2 4 10 6
swap 1303 9 11 1 0 7 8 5 3 2 4 6 10
swap 1304 9 11 1 0 7 8 5 2 3 6 4 10
swap 1305 11 9 0 1 7 8 5 2 3 6 10 4
swap 1306 11 0 9 7 1 5 8 2 3 10 6 4
swap 1307 11 0 7 9 1 5 2 8 10 3 4 6
swap 1308 11 0 7 9 1 2 5 8 10 4 3 6
swap 1309 0 11 9 7 1 2 8 5 4 10 6 3
swap 1310 0 11 9 1 7 8 2 4 5 10 6 3
swap 1311 11 0 1 9 7 8 2 4 10 5 3 6
swap 1312 11 0 1 7 9 2 8 4 10 3 5 6
swap 1313 11 0 7 1 2 9 8 4 3 10 6 5
swap 1314 11 0 7 2 1 8 9 4 3 10 6 5
swap 1315 11 0 7 2 1 8 9 4 3 10 5 6
swap 1316 11 7 0 1 2 9 8 3 4 5 10 6
swap 1317 11 7 1 0 9 2 3 8 5 4 6 10
swap 1318 11 1 7 0 9 2 3 5 8 4 6 10
swap 1319 11 1 0 7 9 2 5 3 8 4 10 6
swap 1320 11 1 0 9 7 5 2 8 3 10 4 6
swap 1321 11 1 9 0 7 5 8 2 3 10 6 4
swap 1322 11 1 9 7 0 8 5 3 2 6 10 4
swap 1323 11 1 9 7 0 8 5 3 6 2 10 4
swap 1324 11 1 9 0 7 5 8 3 6 2 10 4
swap 1325 1 11 0 9 7 5 3 8 2 6 4 10
swap 1326 1 11 0 9 7 3 5 2 8 4 6 10
swap 1327 11 1 9 0 7 3 2 5 8 4 10 6
swap 1328 11 9 1 7 0 2 3 5 8 4 10 6
swap 1329 11 9 7 1 0 2 5 3 8 4 6 10
swap 1330 11 7 9 1 0 5 2 8 3 6 4 10
swap 1331 11 7 1 9 5 0 8 2 3 6 10 4
swap 1332 11 7 1 5 9 8 0 2 3 6 10 4
swap 1333 7 11 1 5 8 9 2 0 6 3 10 4
swap 1334 7 1 11 8 5 2 9 6 0 3 10 4
swap 1335 7 1 11 8 5 2 9 6 3 0 4 10
swap 1336 7 11 1 5 8 2 9 3 6 0 4 10
swap 1337 11 7 1 5 8 2 9 3 0 6 10 4
swap 1338 11 1 7 8 5 9 2 3 0 10 6 4
swap 1339 11 1 8 7 5 9 2 3 0 10 4 6
swap 1340 11 1 8 7 5 2 9 3 0 4 10 6
swap 1341 11 1 8 7 2 5 9 3 4 0 6 10
swap 1342 11 8 1 7 2 9 5 3 4 0 6 10
swap 1343 11 8 7 1 2 9 5 3 0 4 10 6
swap 1344 11 7 8 1 2 9 5 0 3 10 4 6
swap 1345 11 7 1 8 9 2 0 5 10 3 6 4
swap 1346 11 7 1 8 9 2 0 10 5 3 6 4
swap 1347 11 7 1 8 2 9 10 0 3 5 4 6
swap 1348 11 1 7 8 2 9 10 3 0 5 4 6
swap 1349 1 11 8 7 9 2 3 10 0 5 6 4
swap 1350 1 11 8 9 7 2 3 0 10 6 5 4
swap 1351 1 11 9 8 2 7 3 0 10 6 4 5
swap 1352 1 11 9 2 8 7 3 10 0 4 6 5
swap 1353 1 11 9 2 7 8 3 10 0 4 5 6
swap 1354 1 11 9 7 2 3 8 0 10 5 4 6
swap 1355 1 11 7 9 2 3 8 0 10 5 6 4
swap 1356 1 11 7 2 9 8 3 10 0 5 6 4
swap 1357 11 1 2 7 9 8 10 3 0 5 4 6
swap 1358 11 1 2 9 7 8 10 0 3 5 4 6
swap 1359 1 11 9 2 7 8 0 10 3 5 6 4
swap 1360 1 11 9 7 2 0 8 10 3 5 6 4
swap 1361 11 1 9 7 2 0 8 10 5 3 4 6
swap 1362 11 9 1 2 7 8 0 5 10 4 3 6
swap 1363 11 9 1 2 7 8 0 5 4 10 6 3
swap 1364 11 1 9 7 2 0 8 4 5 10 6 3
swap 1365 11 1 7 9 0 2 8 4 10 5 6 3
swap 1366 11 1 7 9 0 8 2 10 4 6 5 3
swap 1367 1 11 9 7 0 8 10 2 4 6 3 5
swap 1368 1 11 9 0 7 10 8 4 2 3 6 5
swap 1369 11 1 0 9 10 7 8 4 3 2 5 6
swap 1370 11 0 1 10 9 8 7 4 3 5 2 6
swap 1371 11 0 10 1 8 9 7 4 5 3 2 6
swap 1372 11 10 0 8 1 7 9 5 4 2 3 6
swap 1373 11 10 8 0 7 1 5 9 2 4 6 3
swap 1374 11 8 10 0 7 5 1 2 9 4 6 3
swap 1375 8 11 10 0 7 5 1 2 4 9 3 6
swap 1376 8 11 10 0 7 1 5 4 2 9 3 6
swap 1377 11 8 10 0 1 7 5 4 9 2 3 6
swap 1378 11 10 8 0 1 7 5 9 4 3 2 6
swap 1379 11 10 8 0 7 1 9 5 3 4 6 2
swap 1380 11 10 8 0 7 9 1 3 5 6 4 2
swap 1381 10 11 8 0 9 7 1 3 6 5 4 2
swap 1382 10 11 8 9 0 1 7 3 6 4 5 2
swap 1383 11 10 8 9 0 1 7 3 4 6 2 5
swap 1384 11 10 8 0 9 7 1 4 3 2 6 5
swap 1385 10 11 8 0 7 9 1 4 3 2 5 6
swap 1386 10 11 8 7 0 1 9 3 4 2 5 6
swap 1387 11 10 8 7 0 1 3 9 2 4 6 5
swap 1388 11 8 10 7 0 1 3 2 9 4 6 5
swap 1389 11 8 7 10 1 0 2 3 4 9 5 6
swap 1390 11 7 8 1 10 0 2 4 3 9 5 6
swap 1391 11 7 8 1 0 10 4 2 3 9 6 5
swap 1392 11 7 8 1 0 10 4 2 3 6 9 5
swap 1393 11 7 8 1 10 0 2 4 3 6 5 9
swap 1394 11 7 8 10 1 2 0 3 4 5 6 9
swap 1395 7 11 10 8 2 1 0 3 4 5 9 6
swap 1396 7 11 10 2 8 0 1 4 3 9 5 6
swap 1397 11 7 10 2 8 0 1 4 9 3 6 5
swap 1398 11 10 7 8 2 1 0 9 4 3 6 5
swap 1399 11 10 8 7 1 2 0 9 3 4 5 6
swap 1400 11 8 10 7 1 2 0 9 3 4 5 6
swap 1401 11 8 7 10 2 1 9 0 4 3 5 6
swap 1402 11 7 8 10 2 1 9 0 4 3 5 6
swap 1403 7 11 10 8 1 2 9 0 3 4 6 5
swap 1404 7 11 10 8 1 2 9 0 3 4 6 5
swap 1405 11 7 8 10 2 1 9 0 4 3 5 6
swap 1406 11 7 8 2 10 1 9 4 0 3 5 6
swap 1407 7 11 8 2 1 10 4 9 3 0 6 5
swap 1408 7 11 8 2 1 10 4 9 3 6 0 5
swap 1409 11 7 8 2 1 10 9 4 3 6 5 0
swap 1410 11 7 8 1 2 9 10 3 4 5 6 0
swap 1411 11 7 1 8 2 9 10 3 4 5 0 6
swap 1412 11 7 1 2 8 9 10 4 3 0 5 6
swap 1413 11 7 2 1 9 8 4 10 0 3 6 5
swap 1414 11 7 2 1 9 8 4 0 10 6 3 5
swap 1415 7 11 1 2 8 9 0 4 10 6 5 3
swap 1416 7 11 1 2 8 0 9 10 4 5 6 3
swap 1417 11 7 2 1 8 0 9 10 4 5 3 6
swap 1418 11 7 2 1 8 9 0 4 10 3 5 6
swap 1419 11 7 2 1 9 8 4 0 3 10 6 5
swap 1420 11 2 7 1 9 4 8 3 0 10 6 5
swap 1421 11 2 7 1 9 4 3 8 10 0 5 6
swap 1422 11 2 7 9 1 4 3 8 10 5 0 6
swap 1423 11 2 9 7 1 4 8 3 5 10 6 0
swap 1424 11 2 9 7 1 8 4 3 5 6 10 0
swap 1425 2 11 7 9 1 8 4 3 6 5 0 10
swap 1426 2 11 7 9 1 4 8 6 3 5 0 10
swap 1427 11 2 9 7 1 4 8 6 3 5 10 0
swap 1428 11 9 2 1 7 8 4 3 6 10 5 0
swap 1429 11 9 2 1 7 8 3 4 10 6 0 5
swap 1430 11 2 9 1 7 3 8 10 4 0 6 5
swap 1431 11 2 1 9 7 3 10 8 0 4 5 6
swap 1432 11 2 1 9 7 3 10 8 0 4 5 6
swap 1433 2 11 9 1 7 3 8 10 4 0 6 5
swap 1434 2 11 9 7 1 8 3 4 10 6 0 5
swap 1435 11 2 7 9 1 8 4 3 10 6 0 5
swap 1436 11 2 7 9 1 4 8 10 3 0 6 5
swap 1437 11 2 9 7 4 1 10 8 3 0 6 5
swap 1438 11 2 9 7 4 10 1 8 3 0 6 5
swap 1439 11 2 9 7 10 4 8 1 0 3 5 6
swap 1440 11 9 2 7 10 4 8 1 0 5 3 6
swap 1441 11 9 2 7 4 10 8 1 5 0 3 6
swap 1442 11 2 9 4 7 10 8 1 5 0 3 6
swap 1443 11 2 9 4 7 10 1 8 0 5 6 3
swap 1444 11 2 9 7 4 1 10 8 0 6 5 3
swap 1445 11 2 7 9 4 1 8 10 0 6 3 5
swap 1446 11 7 2 4 9 8 1 10 0 3 6 5
swap 1447 11 7 4 2 8 9 10 1 3 0 5 6
swap 1448 11 4 7 8 2 9 10 3 1 5 0 6
swap 1449 11 4 7 8 9 2 3 10 1 5 6 0
swap 1450 11 4 7 8 9 3 2 1 10 6 5 0
swap 1451 11 4 7 8 9 3 2 1 6 10 0 5
swap 1452 11 4 7 8 9 2 3 6 1 10 0 5
swap 1453 11 4 7 8 2 9 6 3 10 1 5 0
swap 1454 11 4 7 2 8 6 9 10 3 5 1 0
swap 1455 4 11 2 7 6 8 10 9 3 5 0 1
swap 1456 4 11 2 7 6 10 8 9 3 0 5 1
swap 1457 4 11 7 2 10 6 9 8 0 3 1 5
swap 1458 4 11 7 2 10 9 6 8 0 1 3 5
swap 1459 4 11 2 7 10 9 8 6 1 0 5 3
swap 1460 4 11 2 10 7 8 9 1 6 0 5 3
swap 1461 11 4 2 10 7 8 1 9 0 6 5 3
swap 1462 11 2 4 7 10 8 1 0 9 5 6 3
swap 1463 11 2 4 7 8 10 1 0 9 5 3 6
swap 1464 11 4 2 8 7 10 1 9 0 3 5 6
swap 1465 4 11 8 2 10 7 1 9 3 0 6 5
swap 1466 4 11 8 2 10 7 1 9 3 0 6 5
swap 1467 11 4 8 2 7 10 9 1 0 3 5 6
swap 1468 11 4 8 7 2 9 10 1 0 5 3 6
swap 1469 4 11 7 8 9 2 1 10 5 0 3 6
swap 1470 4 11 7 8 9 1 2 5 10 0 3 6
swap 1471 11 4 8 7 1 9 5 2 0 10 3 6
swap 1472 11 8 4 7 1 5 9 2 0 3 10 6
swap 1473 8 11 4 7 5 1 2 9 0 3 10 6
swap 1474 8 11 4 5 7 1 2 0 9 10 3 6
swap 1475 8 11 4 5 7 1 2 0 9 10 3 6
swap 1476 8 4 11 7 5 2 1 9 0 3 10 6
swap 1477 4 8 11 7 5 2 9 1 0 3 6 10
swap 1478 4 8 11 5 7 2 9 0 1 6 3 10
swap 1479 4 8 11 5 2 7 0 9 1 6 10 3
swap 1480 4 11 8 5 2 0 7 1 9 10 6 3
swap 1481 11 4 8 5 2 0 1 7 10 9 3 6
swap 1482 11 8 4 5 2 1 0 10 7 9 3 6
swap 1483 11 8 5 4 2 1 0 10 9 7 6 3
swap 1484 11 5 8 4 2 0 1 9 10 7 6 3
swap 1485 11 5 4 8 0 2 1 9 7 10 3 6
swap 1486 11 5 4 8 0 1 2 9 7 3 10 6
swap 1487 11 5 8 4 1 0 9 2 7 3 10 6
swap 1488 11 5 8 1 4 9 0 7 2 10 3 6
swap 1489 5 11 8 1 9 4 7 0 2 10 6 3
swap 1490 5 11 8 9 1 7 4 2 0 10 6 3
swap 1491 11 5 8 9 1 7 2 4 0 10 3 6
swap 1492 11 8 5 1 9 2 7 4 0 3 10 6
swap 1493 8 11 5 1 9 2 7 4 3 0 6 10
swap 1494 8 11 5 9 1 7 2 3 4 0 6 10
swap 1495 11 8 5 9 7 1 3 2 0 4 10 6
swap 1496 11 8 5 9 7 1 3 0 2 10 4 6
swap 1497 8 11 5 9 7 1 3 0 10 2 6 4
swap 1498 8 5 11 9 7 3 1 10 0 6 2 4
swap 1499 5 8 9 11 3 7 10 1 0 6 4 2
swap 1500 5 8 9 11 3 7 10 0 1 4 6 2
swap 1501 5 8 11 9 7 3 0 10 4 1 2 6
swap 1502 5 11 8 7 9 3 0 4 10 2 1 6
swap 1503 11 5 7 8 9 3 4 0 2 10 6 1
swap 1504 11 5 7 9 8 4 3 0 2 6 10 1
swap 1505 11 5 7 9 4 8 0 3 6 2 1 10
swap 1506 11 5 7 4 9 0 8 3 6 1 2 10
swap 1507 5 11 4 7 9 0 8 3 1 6 2 10
swap 1508 5 11 4 9 7 8 0 1 3 6 2 10
swap 1509 5 11 4 9 8 7 0 1 3 6 10 2
swap 1510 5 11 4 8 9 0 7 3 1 10 6 2
swap 1511 5 11 8 4 0 9 7 3 10 1 2 6
swap 1512 5 8 11 0 4 9 7 10 3 1 2 6
swap 1513 5 8 0 11 9 4 10 7 1 3 6 2
swap 1514 5 0 8 11 9 4 10 1 7 6 3 2
swap 1515 0 5 8 11 9 4 1 10 7 6 2 3
swap 1516 0 5 8 11 9 1 4 10 7 2 6 3
swap 1517 0 5 11 8 9 1 10 4 7 2 3 6
swap 1518 0 11 5 8 9 1 10 7 4 2 3 6
swap 1519 0 11 5 8 9 1 7 10 2 4 3 6
swap 1520 0 11 5 8 9 7 1 2 10 4 3 6
swap 1521 0 11 8 5 7 9 1 2 4 10 6 3
swap 1522 0 11 8 5 7 1 9 4 2 6 10 3
swap 1523 0 11 5 8 7 1 9 4 6 2 3 10
swap 1524 0 5 11 7 8 1 9 6 4 3 2 10
swap 1525 5 0 7 11 1 8 9 6 3 4 10 2
swap 1526 5 0 7 1 11 8 9 6 3 10 4 2
swap 1527 0 5 7 1 8 11 6 9 3 10 2 4
swap 1528 0 7 5 8 1 11 6 3 9 2 10 4
swap 1529 0 7 5 8 11 1 3 6 2 9 4 10
swap 1530 0 5 7 8 11 1 3 2 6 4 9 10
swap 1531 0 5 7 8 1 11 3 2 4 6 10 9
swap 1532 0 7 5 8 1 3 11 2 4 6 10 9
swap 1533 0 7 8 5 1 3 2 11 6 4 9 10
swap 1534 0 8 7 5 1 2 3 6 11 4 9 10
swap 1535 0 8 5 7 2 1 3 6 4 11 10 9
swap 1536 0 5 8 7 2 3 1 4 6 10 11 9
swap 1537 5 0 7 8 2 3 1 4 10 6 9 11
swap 1538 5 7 0 8 2 1 3 10 4 9 6 11
swap 1539 5 7 8 0 2 1 10 3 9 4 6 11
swap 1540 5 7 8 2 0 1 10 9 3 4 6 11
swap 1541 5 7 8 2 1 0 9 10 4 3 11 6
swap 1542 5 8 7 2 1 0 9 4 10 11 3 6
swap 1543 5 8 2 7 0 1 4 9 11 10 3 6
swap 1544 5 8 2 7 0 1 4 9 11 3 10 6
swap 1545 5 8 7 2 0 1 9 4 11 3 6 10
swap 1546 5 7 8 0 2 9 1 11 4 6 3 10
swap 1547 7 5 8 0 2 9 11 1 6 4 10 3
swap 1548 7 5 8 2 0 11 9 1 6 10 4 3
swap 1549 7 5 2 8 11 0 1 9 10 6 3 4
swap 1550 7 2 5 11 8 1 0 9 10 6 3 4
swap 1551 2 7 11 5 8 1 9 0 6 10 4 3
swap 1552 2 11 7 8 5 1 9 6 0 10 4 3
swap 1553 11 2 8 7 1 5 9 6 0 10 3 4
swap 1554 11 2 8 7 1 9 5 0 6 10 3 4
swap 1555 11 2 7 8 9 1 0 5 10 6 3 4
swap 1556 11 7 2 9 8 1 0 5 10 6 3 4
swap 1557 7 11 2 9 1 8 5 0 6 10 4 3
swap 1558 7 2 11 1 9 8 5 0 6 10 4 3
swap 1559 2 7 11 1 8 9 0 5 10 6 3 4
swap 1560 2 11 7 8 1 0 9 10 5 3 6 4
swap 1561 11 2 7 8 1 0 9 10 3 5 4 6
swap 1562 11 7 2 1 8 9 0 3 10 4 5 6
swap 1563 11 7 1 2 8 9 0 3 4 10 6 5
swap 1564 11 7 1 2 8 0 9 4 3 10 6 5
swap 1565 11 7 2 1 8 0 9 4 10 3 5 6
swap 1566 11 7 2 8 1 9 0 10 4 5 3 6
swap 1567 7 11 2 8 9 1 0 10 4 5 3 6
swap 1568 7 11 2 9 8 0 1 4 10 3 5 6
swap 1569 7 11 9 2 0 8 1 4 10 3 5 6
swap 1570 7 11 9 0 2 8 1 10 4 5 3 6
swap 1571 11 7 0 9 8 2 1 10 5 4 3 6
swap 1572 11 7 0 8 9 2 1 10 5 3 4 6
swap 1573 11 7 8 0 9 2 10 1 3 5 6 4
swap 1574 11 8 7 0 9 10 2 3 1 6 5 4
swap 1575 11 8 0 7 9 10 3 2 6 1 4 5
swap 1576 11 0 8 7 9 3 10 6 2 1 4 5
swap 1577 11 0 7 8 9 3 10 6 2 1 5 4
swap 1578 11 7 0 9 8 10 3 2 6 5 1 4
swap 1579 11 7 0 9 10 8 2 3 5 6 1 4
swap 1580 11 7 0 10 9 2 8 5 3 1 6 4
swap 1581 7 11 10 0 2 9 8 5 1 3 4 6
swap 1582 7 11 10 2 0 9 8 1 5 4 3 6
swap 1583 11 7 2 10 0 9 1 8 5 4 6 3
swap 1584 11 2 7 0 10 9 1 8 5 6 4 3
swap 1585 2 11 0 7 9 10 8 1 6 5 3 4
swap 1586 2 11 0 9 7 8 10 1 6 5 3 4
swap 1587 11 2 9 0 7 8 1 10 5 6 4 3
swap 1588 11 9 2 0 7 1 8 5 10 4 6 3
swap 1589 9 11 2 0 7 1 5 8 10 4 3 6
swap 1590 9 2 11 0 7 1 5 10 8 4 3 6
swap 1591 2 9 11 0 1 7 10 5 4 8 6 3
swap 1592 2 11 9 1 0 10 7 5 4 8 6 3
swap 1593 2 11 9 1 10 0 5 7 8 4 3 6
swap 1594 2 11 9 10 1 5 0 7 8 3 4 6
swap 1595 11 2 9 10 1 5 7 0 3 8 4 6
swap 1596 11 2 9 10 1 7 5 0 3 4 8 6
swap 1597 11 2 10 9 7 1 0 5 3 4 6 8
swap 1598 11 2 10 7 9 1 0 3 5 6 4 8
swap 1599 11 2 10 7 1 9 0 3 6 5 8 4
swap 1600 11 2 10 1 7 0 9 6 3 8 5 4
swap 1601 11 2 10 1 7 0 6 9 3 8 4 5
swap 1602 11 2 10 7 1 6 0 9 3 4 8 5
swap 1603 2 11 7 10 1 6 9 0 4 3 5 8
swap 1604 2 11 7 1 10 6 9 0 4 5 3 8
swap 1605 11 2 1 7 10 6 0 9 5 4 8 3
swap 1606 11 1 2 10 7 0 6 5 9 8 4 3
swap 1607 11 1 2 10 7 0 6 5 9 8 3 4
swap 1608 11 1 2 7 10 0 6 5 9 3 8 4
swap 1609 1 11 7 2 0 10 5 6 3 9 4 8
swap 1610 1 7 11 0 2 5 10 6 3 4 9 8
swap 1611 7 1 11 0 2 5 6 10 4 3 9 8
swap 1612 7 11 1 0 2 5 6 10 4 9 3 8
swap 1613 11 7 1 0 5 2 10 6 4 9 8 3
swap 1614 11 1 7 0 5 2 10 4 6 9 8 3
swap 1615 1 11 7 0 2 5 4 10 6 9 3 8
swap 1616 1 11 7 2 0 4 5 10 6 9 3 8
swap 1617 11 1 2 7 0 4 10 5 9 6 8 3
swap 1618 11 1 2 7 0 4 10 9 5 8 6 3
swap 1619 1 11 7 2 0 4 10 9 8 5 3 6
swap 1620 1 11 7 0 2 10 4 8 9 5 3 6
swap 1621 11 1 7 0 2 10 8 4 5 9 3 6
swap 1622 11 1 7 2 0 8 10 5 4 3 9 6
swap 1623 1 11 2 7 8 0 5 10 3 4 6 9
swap 1624 1 2 11 8 7 0 5 3 10 4 6 9
swap 1625 1 2 8 11 0 7 3 5 10 4 9 6
swap 1626 1 2 8 11 0 7 3 10 5 4 9 6
swap 1627 2 1 8 11 7 0 10 3 4 5 6 9
swap 1628 2 1 8 7 11 0 10 4 3 6 5 9
swap 1629 1 2 7 8 0 11 4 10 3 6 9 5
swap 1630 1 2 7 8 0 4 11 3 10 9 6 5
swap 1631 2 1 8 7 4 0 3 11 10 9 5 6
swap 1632 2 1 8 4 7 0 3 11 10 5 9 6
swap 1633 2 1 8 4 0 7 11 3 5 10 9 6
swap 1634 2 8 1 4 0 7 11 5 3 9 10 6
swap 1635 8 2 1 4 7 0 11 5 3 9 10 6
swap 1636 8 2 1 4 7 11 0 3 5 10 9 6
swap 1637 2 8 4 1 11 7 3 0 5 10 6 9
swap 1638 2 8 4 1 11 7 3 5 0 10 6 9
swap 1639 2 8 1 4 7 11 5 3 10 0 9 6
swap 1640 2 8 1 4 7 5 11 10 3 9 0 6
swap 1641 8 2 4 1 7 5 11 10 9 3 0 6
swap 1642 8 4 2 1 7 11 5 9 10 0 3 6
swap 1643 4 8 2 1 11 7 5 9 0 10 6 3
swap 1644 4 2 8 11 1 5 7 0 9 6 10 3
swap 1645 2 4 8 11 1 5 0 7 6 9 3 10
swap 1646 2 8 4 1 11 0 5 7 6 9 3 10
swap 1647 2 8 4 1 0 11 7 5 9 6 3 10
swap 1648 2 8 4 0 1 7 11 9 5 3 6 10
swap 1649 2 8 0 4 1 7 9 11 3 5 10 6
swap 1650 2 8 0 4 1 9 7 11 3 10 5 6
swap 1651 2 8 4 0 9 1 7 11 3 10 5 6
swap 1652 2 8 4 9 0 1 7 11 3 10 5 6
swap 1653 2 8 4 9 0 1 11 7 10 3 6 5
swap 1654 2 4 8 9 0 11 1 7 10 6 3 5
swap 1655 4 2 9 8 11 0 7 1 6 10 5 3
swap 1656 4 2 9 8 11 7 0 1 6 5 10 3
swap 1657 4 2 8 9 11 7 1 0 5 6 3 10
swap 1658 4 8 2 11 9 1 7 5 0 3 6 10
swap 1659 4 8 11 2 9 1 5 7 3 0 10 6
swap 1660 4 11 8 2 9 5 1 7 3 10 0 6
swap 1661 4 11 8 2 5 9 7 1 10 3 0 6
swap 1662 4 11 8 5 2 9 7 1 10 3 0 6
swap 1663 4 11 8 5 2 9 1 7 3 10 6 0
swap 1664 4 11 8 2 5 1 9 3 7 10 6 0
swap 1665 11 4 8 2 5 1 9 3 10 7 0 6
swap 1666 11 4 8 2 5 9 1 3 10 7 0 6
swap 1667 4 11 2 8 9 5 1 3 7 10 6 0
swap 1668 4 2 11 8 9 5 1 7 3 6 10 0
swap 1669 4 2 11 8 5 9 7 1 3 6 0 10
swap 1670 4 11 2 5 8 9 7 1 3 0 6 10
swap 1671 11 4 2 5 8 9 1 7 0 3 10 6
swap 1672 11 4 2 8 5 1 9 0 7 10 3 6
swap 1673 11 4 8 2 1 5 9 0 10 7 3 6
swap 1674 11 8 4 1 2 9 5 10 0 3 7 6
swap 1675 11 8 4 1 9 2 5 10 0 3 7 6
swap 1676 11 4 8 1 9 2 5 0 10 7 3 6
swap 1677 4 11 1 8 9 2 5 0 7 10 6 3
swap 1678 4 11 1 8 9 2 5 7 0 6 10 3
swap 1679 11 4 8 1 9 2 7 5 6 0 3 10
swap 1680 11 8 4 1 9 7 2 6 5 3 0 10
swap 1681 11 8 4 1 9 7 6 2 3 5 0 10
swap 1682 11 4 8 1 9 6 7 3 2 5 0 10
swap 1683 4 11 1 8 6 9 7 3 2 5 10 0
swap 1684 4 11 1 8 6 7 9 2 3 10 5 0
swap 1685 4 11 8 1 6 7 2 9 10 3 5 0
swap 1686 4 11 8 6 1 2 7 9 10 5 3 0
swap 1687 4 11 6 8 2 1 9 7 5 10 0 3
swap 1688 4 11 6 8 2 9 1 7 5 0 10 3
swap 1689 11 4 6 8 9 2 7 1 5 0 10 3
swap 1690 11 4 6 8 9 2 7 1 5 10 0 3
swap 1691 11 4 6 8 9 2 1 7 10 5 3 0
swap 1692 11 4 6 9 8 2 1 10 7 3 5 0
swap 1693 11 4 6 9 2 8 1 10 7 3 5 0
swap 1694 11 6 4 9 2 8 1 7 10 5 3 0
swap 1695 11 6 4 9 8 2 1 7 5 10 0 3
swap 1696 11 4 6 9 8 1 2 5 7 0 10 3
swap 1697 11 4 9 6 8 1 5 2 0 7 10 3
swap 1698 11 9 4 8 6 5 1 2 0 10 7 3
swap 1699 9 11 4 8 6 5 1 2 10 0 3 7
swap 1700 9 4 11 8 6 1 5 10 2 3 0 7
swap 1701 4 9 11 8 1 6 10 5 2 3 7 0
swap 1702 4 11 9 8 1 6 10 2 5 7 3 0
swap 1703 4 11 9 8 1 6 2 10 7 5 0 3
swap 1704 4 9 11 8 1 2 6 10 7 0 5 3
swap 1705 4 9 11 8 1 2 10 6 0 7 3 5
swap 1706 4 11 9 8 1 10 2 0 6 7 3 5
swap 1707 11 4 8 9 1 10 2 0 7 6 5 3
swap 1708 11 4 8 9 1 2 10 7 0 5 6 3
swap 1709 4 11 8 9 1 2 7 10 5 0 6 3
swap 1710 4 8 11 1 9 7 2 5 10 0 6 3
swap 1711 4 8 11 1 7 9 2 5 0 10 6 3
swap 1712 4 8 11 7 1 2 9 0 5 10 6 3
swap 1713 8 4 11 7 2 1 0 9 5 10 3 6
swap 1714 8 11 4 2 7 0 1 9 5 10 3 6
swap 1715 11 8 2 4 0 7 9 1 5 10 6 3
swap 1716 11 2 8 4 0 9 7 5 1 10 6 3
swap 1717 2 11 8 4 9 0 7 5 10 1 3 6
swap 1718 2 8 11 4 9 0 7 10 5 1 3 6
swap 1719 8 2 4 11 0 9 10 7 1 5 6 3
swap 1720 8 2 4 11 0 10 9 1 7 6 5 3
swap 1721 8 2 11 4 10 0 9 1 7 6 3 5
swap 1722 8 2 11 10 4 9 0 7 1 6 3 5
swap 1723 2 8 10 11 9 4 7 0 6 1 5 3
swap 1724 2 8 10 11 9 7 4 0 6 5 1 3
swap 1725 8 2 11 10 9 7 4 0 5 6 3 1
swap 1726 8 2 11 9 10 4 7 0 5 6 3 1
swap 1727 2 8 9 11 4 10 0 7 5 6 1 3
swap 1728 2 8 9 4 11 10 0 7 5 6 1 3
swap 1729 8 2 9 4 10 11 7 0 6 5 3 1
swap 1730 8 2 9 10 4 7 11 0 6 5 3 1
swap 1731 2 8 9 10 7 4 0 11 5 6 1 3
swap 1732 2 9 8 10 7 0 4 11 5 1 6 3
swap 1733 9 2 8 10 7 0 11 4 5 1 3 6
swap 1734 9 2 8 7 10 11 0 4 5 3 1 6
swap 1735 2 9 8 7 10 11 4 0 5 3 6 1
swap 1736 2 8 9 7 10 11 4 0 5 6 3 1
swap 1737 2 8 7 9 11 10 0 4 5 6 1 3
swap 1738 2 8 7 9 11 0 10 4 5 1 6 3
swap 1739 8 2 7 9 0 11 10 4 1 5 3 6
swap 1740 8 7 2 0 9 11 10 1 4 3 5 6
swap 1741 8 7 2 0 9 11 10 1 3 4 6 5
swap 1742 8 2 7 9 0 11 10 1 3 6 4 5
swap 1743 2 8 9 7 11 0 1 10 3 6 5 4
swap 1744 2 8 9 11 7 0 1 3 10 5 6 4
swap 1745 8 2 11 9 7 0 3 1 10 5 4 6
swap 1746 8 11 2 7 9 0 3 10 1 5 4 6
swap 1747 11 8 7 2 0 9 3 10 1 5 6 4
swap 1748 11 8 7 0 2 3 9 10 1 5 6 4
swap 1749 8 11 7 0 2 3 10 9 1 5 4 6
swap 1750 8 11 7 2 0 10 3 1 9 5 4 6
swap 1751 11 8 2 7 0 10 1 3 5 9 6 4
swap 1752 11 2 8 7 0 10 1 5 3 6 9 4
swap 1753 11 2 7 8 10 0 1 5 3 6 4 9
swap 1754 11 2 7 8 10 0 1 3 5 4 6 9
swap 1755 11 2 7 8 10 0 1 3 5 4 9 6
swap 1756 11 7 2 10 8 1 0 5 3 4 9 6
swap 1757 7 11 2 10 8 1 0 5 4 3 9 6
swap 1758 7 2 11 10 8 0 1 4 5 3 9 6
swap 1759 7 2 10 11 8 0 4 1 3 5 6 9
swap 1760 7 2 10 8 11 4 0 3 1 5 6 9
swap 1761 2 7 8 10 4 11 0 3 1 5 9 6
swap 1762 2 8 7 10 4 11 0 1 3 5 9 6
swap 1763 8 2 7 10 4 11 1 0 5 3 6 9
swap 1764 8 7 2 10 4 1 11 5 0 6 3 9
swap 1765 7 8 10 2 4 1 11 5 0 6 9 3
swap 1766 7 8 10 4 2 1 11 0 5 9 6 3
swap 1767 8 7 10 4 1 2 0 11 5 9 3 6
swap 1768 8 7 10 4 1 0 2 5 11 9 3 6
swap 1769 7 8 4 10 0 1 5 2 11 9 6 3
swap 1770 7 4 8 10 0 1 5 2 11 6 9 3
swap 1771 4 7 8 10 1 0 2 5 11 6 3 9
swap 1772 4 7 8 10 1 2 0 11 5 6 3 9
swap 1773 4 7 10 8 2 1 0 11 5 6 9 3
swap 1774 4 7 10 2 8 0 1 5 11 9 6 3
swap 1775 7 4 2 10 8 0 5 1 9 11 6 3
swap 1776 7 4 2 8 10 5 0 9 1 11 6 3
swap 1777 4 7 8 2 10 5 0 9 1 11 3 6
swap 1778 4 7 8 10 2 0 5 1 9 11 3 6
swap 1779 7 4 10 8 2 0 1 5 9 11 6 3
swap 1780 7 4 10 2 8 1 0 5 9 11 6 3
swap 1781 4 7 2 10 8 1 5 0 9 11 3 6
swap 1782 4 7 2 8 10 1 5 9 0 11 3 6
swap 1783 7 4 8 2 10 1 9 5 11 0 6 3
swap 1784 7 4 8 10 2 9 1 11 5 0 6 3
swap 1785 4 7 8 10 9 2 1 11 0 5 3 6
swap 1786 4 7 8 10 9 2 1 0 11 5 3 6
swap 1787 4 7 8 10 2 9 0 1 5 11 6 3
swap 1788 4 7 8 10 2 0 9 1 5 6 11 3
swap 1789 4 7 10 8 2 0 1 9 6 5 11 3
swap 1790 4 10 7 2 8 1 0 6 9 11 5 3
swap 1791 4 10 2 7 1 8 0 6 9 11 3 5
swap 1792 4 2 10 7 1 8 0 9 6 11 3 5
swap 1793 2 4 7 10 8 1 9 0 11 6 5 3
swap 1794 2 4 7 10 8 9 1 11 0 6 5 3
swap 1795 4 2 7 10 8 9 1 11 0 6 3 5
swap 1796 4 2 7 10 8 1 9 11 0 3 6 5
swap 1797 4 2 10 7 8 1 11 9 3 0 5 6
swap 1798 4 2 10 7 8 11 1 9 3 5 0 6
swap 1799 2 4 10 7 8 11 9 1 5 3 6 0
swap 1800 2 10 4 8 7 9 11 1 5 3 6 0
swap 1801 10 2 8 4 9 7 1 11 5 3 0 6
swap 1802 10 8 2 4 9 1 7 5 11 0 3 6
swap 1803 8 10 2 4 1 9 7 5 0 11 6 3
swap 1804 8 10 2 4 1 7 9 0 5 11 6 3
swap 1805 10 8 2 4 7 1 9 0 11 5 3 6
swap 1806 10 8 2 7 4 9 1 11 0 5 3 6
swap 1807 8 10 7 2 4 9 1 11 0 5 3 6
swap 1808 8 10 7 2 4 9 1 0 11 5 3 6
swap 1809 10 8 2 7 9 4 1 0 5 11 3 6
swap 1810 10 2 8 9 7 1 4 5 0 3 11 6
swap 1811 10 2 8 9 1 7 5 4 3 0 11 6
swap 1812 10 8 2 9 1 5 7 3 4 11 0 6
swap 1813 10 8 2 9 5 1 7 3 11 4 6 0
swap 1814 10 8 2 5 9 7 1 11 3 4 6 0
swap 1815 10 8 2 5 7 9 1 11 3 4 0 6
swap 1816 10 8 2 7 5 1 9 3 11 0 4 6
swap 1817 8 10 7 2 1 5 3 9 11 0 4 6
swap 1818 8 7 10 2 1 3 5 11 9 4 0 6
swap 1819 8 7 2 10 1 3 11 5 9 4 6 0
swap 1820 8 2 7 10 1 11 3 9 5 4 6 0
swap 1821 2 8 7 10 11 1 9 3 4 5 0 6
swap 1822 2 7 8 11 10 9 1 3 4 5 0 6
swap 1823 2 7 8 11 9 10 3 1 5 4 6 0
swap 1824 2 8 7 9 11 10 3 1 5 6 4 0
swap 1825 2 8 7 9 10 11 1 3 5 6 0 4
swap 1826 2 7 8 9 10 11 1 5 3 0 6 4
swap 1827 2 7 8 9 11 10 5 1 3 0 4 6
swap 1828 2 8 7 11 9 10 5 3 1 0 4 6
swap 1829 2 8 7 11 10 9 3 5 1 0 6 4
swap 1830 2 7 8 11 10 9 3 1 5 6 0 4
swap 1831 2 7 8 11 9 10 3 1 5 6 0 4
swap 1832 2 8 7 9 11 3 10 5 1 6 0 4
swap 1833 2 8 7 9 11 3 5 10 6 1 4 0
swap 1834 2 8 7 11 9 5 3 10 6 1 4 0
swap 1835 2 8 7 11 9 5 10 3 1 6 0 4
swap 1836 2 7 8 9 11 5 10 3 1 6 0 4
swap 1837 2 7 8 9 11 5 3 10 1 6 0 4
swap 1838 2 8 7 11 9 5 3 1 10 0 6 4
swap 1839 2 8 7 11 9 5 1 3 0 10 4 6
swap 1840 2 7 8 9 11 1 5 0 3 4 10 6
swap 1841 2 7 8 9 11 1 0 5 4 3 10 6
swap 1842 2 8 7 9 11 0 1 4 5 10 3 6
swap 1843 2 8 9 7 11 0 4 1 5 10 6 3
swap 1844 2 8 9 7 11 4 0 5 1 6 10 3
swap 1845 2 8 7 9 4 11 5 0 1 6 10 3
swap 1846 2 7 8 9 4 11 5 1 0 10 6 3
swap 1847 2 7 9 8 11 4 1 5 10 0 6 3
swap 1848 2 7 9 11 8 4 1 5 10 0 6 3
swap 1849 2 7 11 9 8 4 5 1 0 10 3 6
swap 1850 2 7 11 9 8 4 5 1 0 3 10 6
swap 1851 2 7 9 11 4 8 1 5 3 0 10 6
swap 1852 2 9 7 4 11 1 8 5 3 10 0 6
swap 1853 9 2 4 7 11 1 8 5 10 3 6 0
swap 1854 9 2 4 11 7 8 1 10 5 3 6 0
swap 1855 9 2 4 11 8 7 10 1 3 5 0 6
swap 1856 9 2 4 8 11 7 10 1 3 0 5 6
swap 1857 9 2 8 4 7 11 1 10 0 3 6 5
swap 1858 9 2 8 7 4 11 1 10 0 6 3 5
swap 1859 2 9 8 7 11 4 10 1 6 0 5 3
swap 1860 2 8 9 11 7 10 4 1 6 5 0 3
swap 1861 8 2 11 9 7 10 1 4 6 5 3 0
swap 1862 8 2 11 9 7 1 10 6 4 3 5 0
swap 1863 2 8 11 9 7 1 6 10 3 4 0 5
swap 1864 2 8 11 7 9 1 6 3 10 4 0 5
swap 1865 2 8 11 7 9 1 3 6 4 10 5 0
swap 1866 2 11 8 9 7 3 1 6 4 10 5 0
swap 1867 2 11 8 9 7 3 1 6 10 4 5 0
swap 1868 2 11 8 7 9 3 1 6 10 5 4 0
swap 1869 11 2 7 8 9 3 6 1 10 5 0 4
swap 1870 11 2 7 8 9 3 6 10 1 0 5 4
swap 1871 11 2 8 7 9 3 10 6 0 1 5 4
swap 1872 11 8 2 9 7 10 3 0 6 5 1 4
swap 1873 11 8 2 9 7 10 0 3 5 6 4 1
swap 1874 11 2 8 7 9 0 10 5 3 4 6 1
swap 1875 11 2 7 8 0 9 5 10 4 3 1 6
swap 1876 11 2 7 8 0 9 5 4 10 1 3 6
swap 1877 11 2 8 7 0 9 4 5 10 1 6 3
swap 1878 11 2 8 7 0 4 9 10 5 1 6 3
swap 1879 2 11 7 8 0 4 9 10 1 5 3 6
swap 1880 2 7 11 8 0 9 4 1 10 3 5 6
swap 1881 2 7 11 8 9 0 1 4 10 3 6 5
swap 1882 2 7 11 9 8 0 1 4 10 6 3 5
swap 1883 2 7 9 11 0 8 1 4 10 6 5 3
swap 1884 2 7 9 0 11 1 8 10 4 5 6 3
swap 1885 2 7 0 9 1 11 10 8 4 5 6 3
swap 1886 2 7 0 1 9 11 10 8 4 6 5 3
swap 1887 7 2 1 0 9 11 8 10 6 4 3 5
swap 1888 7 2 1 9 0 8 11 10 6 3 4 5
swap 1889 2 7 1 9 8 0 10 11 3 6 5 4
swap 1890 2 7 1 9 8 10 0 3 11 5 6 4
swap 1891 2 7 1 9 10 8 3 0 11 5 6 4
swap 1892 2 7 1 10 9 8 3 11 0 6 5 4
swap 1893 2 7 10 1 9 8 3 11 0 6 4 5
swap 1894 2 7 10 9 1 3 8 11 0 4 6 5
swap 1895 7 2 9 10 1 3 11 8 0 4 5 6
swap 1896 7 2 9 1 10 3 11 0 8 5 4 6
swap 1897 2 7 1 9 3 10 0 11 8 5 6 4
swap 1898 2 7 1 9 3 10 0 8 11 5 6 4
swap 1899 2 7 9 1 10 3 0 8 5 11 4 6
swap 1900 2 9 7 1 10 0 3 5 8 4 11 6
swap 1901 2 9 7 1 0 10 3 5 4 8 6 11
swap 1902 2 7 9 1 0 3 10 5 4 8 6 11
swap 1903 2 7 9 1 0 3 5 10 8 4 11 6
swap 1904 2 7 9 1 0 3 5 10 8 11 4 6
swap 1905 7 2 9 1 3 0 10 5 11 8 6 4
swap 1906 7 2 9 3 1 10 0 11 5 6 8 4
swap 1907 7 2 3 9 10 1 11 0 6 5 4 8
swap 1908 7 2 3 9 10 11 1 0 6 5 4 8
swap 1909 2 7 9 3 10 11 0 1 5 6 8 4
swap 1910 2 7 9 10 3 11 0 5 1 8 6 4
swap 1911 7 2 9 10 11 3 5 0 1 8 6 4
swap 1912 7 2 9 10 11 3 5 1 0 6 8 4
swap 1913 2 7 9 10 3 11 5 1 0 6 4 8
swap 1914 2 7 9 3 10 5 11 0 1 6 4 8
swap 1915 2 7 3 9 5 10 0 11 1 6 8 4
swap 1916 2 7 3 5 9 0 10 11 1 8 6 4
swap 1917 7 2 3 5 9 0 11 10 8 1 4 6
swap 1918 7 2 3 5 9 11 0 8 10 1 4 6
swap 1919 2 7 5 3 11 9 8 0 1 10 6 4
swap 1920 2 7 5 3 11 8 9 0 1 6 10 4
swap 1921 7 2 3 5 11 8 9 0 6 1 4 10
swap 1922 7 2 3 5 11 9 8 0 6 1 4 10
swap 1923 2 7 5 3 9 11 0 8 1 6 10 4
swap 1924 2 7 5 9 3 0 11 1 8 6 10 4
swap 1925 2 7 5 9 0 3 1 11 8 6 10 4
swap 1926 2 7 5 9 0 3 1 11 8 10 6 4
swap 1927 7 2 9 5 3 0 11 1 10 8 4 6
swap 1928 7 9 2 5 3 0 11 1 10 4 8 6
swap 1929 9 7 2 5 3 0 1 11 10 4 6 8
swap 1930 9 7 2 5 3 1 0 10 11 4 6 8
swap 1931 9 7 5 2 1 3 10 0 4 11 8 6
swap 1932 9 7 5 2 1 3 10 0 4 8 11 6
swap 1933 7 9 2 5 3 1 0 10 8 4 6 11
swap 1934 7 9 2 5 3 0 1 8 10 4 6 11
swap 1935 9 7 5 2 0 3 8 1 4 10 11 6
swap 1936 9 5 7 0 2 8 3 1 4 11 10 6
swap 1937 5 9 0 7 2 8 1 3 11 4 6 10
swap 1938 5 9 0 7 2 1 8 3 11 4 6 10
swap 1939 9 5 7 0 2 1 3 8 4 11 10 6
swap 1940 9 5 7 2 0 3 1 4 8 10 11 6
swap 1941 9 5 2 7 3 0 1 4 8 10 6 11
swap 1942 9 2 5 3 7 0 1 8 4 6 10 11
swap 1943 9 2 5 3 0 7 8 1 4 6 11 10
swap 1944 9 5 2 0 3 8 7 1 4 11 6 10
swap 1945 9 5 0 2 3 8 7 1 11 4 6 10
swap 1946 9 5 0 3 2 7 8 1 11 6 4 10
swap 1947 5 9 0 3 2 7 1 8 6 11 10 4
swap 1948 5 9 0 2 3 7 1 6 8 10 11 4
swap 1949 9 5 0 2 7 3 6 1 10 8 4 11
swap 1950 9 0 5 7 2 3 6 1 10 4 8 11
swap 1951 9 0 7 5 2 3 1 6 10 4 11 8
swap 1952 9 0 7 5 2 1 3 6 10 4 11 8
swap 1953 0 9 5 7 2 1 3 6 4 10 8 11
swap 1954 0 9 5 2 7 3 1 4 6 10 8 11
swap 1955 9 0 5 2 7 3 4 1 10 6 8 11
swap 1956 9 0 5 7 2 4 3 1 10 6 8 11
swap 1957 9 0 7 5 2 4 3 1 10 6 11 8
swap 1958 9 7 0 5 2 3 4 10 1 6 11 8
swap 1959 9 7 5 0 2 3 10 4 6 1 8 11
swap 1960 9 7 5 0 2 3 10 6 4 1 8 11
swap 1961 9 7 5 0 2 3 6 10 1 4 11 8
swap 1962 9 5 7 2 0 6 3 1 10 4 11 8
swap 1963 9 5 7 2 6 0 1 3 4 10 8 11
swap 1964 9 5 7 2 6 1 0 4 3 8 10 11
swap 1965 5 9 2 7 1 6 4 0 3 8 10 11
swap 1966 5 2 9 7 1 6 4 0 3 10 8 11
swap 1967 5 2 9 7 6 1 0 4 10 3 11 8
swap 1968 5 9 2 7 6 0 1 10 4 11 3 8
swap 1969 9 5 7 2 6 0 10 1 4 11 8 3
swap 1970 9 5 7 2 6 10 0 1 4 8 11 3
swap 1971 5 9 2 7 6 10 1 0 8 4 3 11
swap 1972 5 2 9 7 6 1 10 0 8 3 4 11
swap 1973 5 2 9 7 6 1 10 0 3 8 4 11
swap 1974 5 9 2 7 6 10 1 0 3 4 8 11
swap 1975 5 9 2 7 10 6 1 0 4 3 11 8
swap 1976 5 2 9 10 7 1 6 4 0 11 3 8
swap 1977 5 2 9 10 7 1 6 4 11 0 8 3
swap 1978 5 9 2 7 10 6 1 11 4 0 8 3
swap 1979 9 5 2 7 6 10 1 11 0 4 3 8
swap 1980 9 5 2 7 6 10 1 0 11 4 3 8
swap 1981 5 9 2 7 10 6 0 1 4 11 8 3
swap 1982 5 9 2 7 10 0 6 4 1 8 11 3
swap 1983 9 5 2 7 10 0 4 6 1 8 3 11
swap 1984 9 5 2 10 7 4 0 1 6 3 8 11
swap 1985 9 5 2 10 7 4 1 0 6 3 11 8
swap 1986 9 2 5 7 10 1 4 0 6 11 3 8
swap 1987 9 2 5 7 10 1 4 0 6 11 8 3
swap 1988 9 5 2 7 10 4 1 6 0 11 8 3
swap 1989 9 5 7 2 4 10 1 6 0 11 3 8
swap 1990 9 5 7 2 4 1 10 0 6 3 11 8
swap 1991 9 5 7 2 1 4 10 0 6 3 11 8
swap 1992 9 5 7 1 2 10 4 6 0 11 3 8
swap 1993 5 9 7 1 2 10 4 6 11 0 3 8
swap 1994 5 9 7 2 1 4 10 11 6 0 3 8
swap 1995 9 5 2 7 1 4 11 10 0 6 3 8
swap 1996 9 5 2 7 1 4 11 10 0 3 6 8
swap 1997 5 9 2 7 4 1 11 10 3 0 8 6
swap 1998 5 2 9 7 4 11 1 3 10 0 8 6
swap 1999 2 5 9 7 11 4 1 3 0 10 6 8
swap 2000 2 9 5 11 7 1 4 0 3 6 10 8
swap 2001 2 9 11 5 1 7 0 4 3 6 8 10
swap 2002 2 11 9 5 1 0 7 4 3 8 6 10
swap 2003 2 11 5 9 1 0 4 7 8 3 10 6
swap 2004 2 11 5 9 1 4 0 7 8 3 10 6
swap 2005 2 11 5 9 1 4 7 0 3 8 6 10
swap 2006 2 5 11 9 1 7 4 0 3 6 8 10
swap 2007 5 2 11 9 1 7 4 0 6 3 8 10
swap 2008 5 2 11 1 9 7 4 6 0 8 3 10
swap 2009 2 5 11 1 9 7 6 4 8 0 10 3
swap 2010 2 5 11 9 1 6 7 8 4 0 10 3
swap 2011 2 5 9 11 1 6 8 7 4 0 10 3
swap 2012 2 5 9 11 1 6 8 4 7 10 0 3
swap 2013 2 5 9 11 1 6 8 4 10 7 0 3
swap 2014 2 9 5 1 11 6 8 10 4 0 7 3
swap 2015 9 2 5 1 11 6 8 10 0 4 3 7
swap 2016 9 2 5 11 1 8 6 10 0 3 4 7
swap 2017 2 9 5 11 8 1 10 6 3 0 7 4
swap 2018 2 9 5 11 8 10 1 6 3 0 7 4
swap 2019 2 9 5 11 8 10 1 6 0 3 4 7
swap 2020 2 5 9 8 11 1 10 0 6 4 3 7
swap 2021 5 2 8 9 11 1 0 10 4 6 7 3
swap 2022 5 2 8 9 11 0 1 4 10 7 6 3
swap 2023 2 5 8 9 0 11 1 4 10 7 3 6
swap 2024 2 5 8 9 0 1 11 4 10 7 3 6
swap 2025 2 5 8 9 1 0 11 4 7 10 6 3
swap 2026 2 8 5 1 9 11 0 7 4 10 6 3
swap 2027 8 2 1 5 11 9 7 0 10 4 3 6
swap 2028 8 2 1 5 11 9 7 10 0 3 4 6
swap 2029 8 2 1 5 9 11 10 7 0 3 4 6
swap 2030 8 1 2 9 5 11 10 0 7 4 3 6
swap 2031 8 1 2 9 5 11 0 10 7 4 6 3
swap 2032 8 2 1 5 9 0 11 7 10 6 4 3
swap 2033 8 2 1 5 9 0 11 7 10 6 4 3
swap 2034 8 1 2 9 5 11 0 10 7 4 6 3
swap 2035 8 1 2 9 5 11 0 10 4 7 3 6
swap 2036 8 1 2 5 9 11 0 10 4 3 7 6
swap 2037 1 8 2 5 9 11 10 0 3 4 6 7
swap 2038 1 2 8 9 5 10 11 3 0 6 4 7
swap 2039 2 1 8 9 10 5 11 3 6 0 7 4
swap 2040 2 8 1 9 10 11 5 6 3 7 0 4
swap 2041 2 8 9 1 10 11 6 5 3 7 4 0
swap 2042 2 9 8 1 10 6 11 3 5 4 7 0
swap 2043 2 9 1 8 10 6 11 3 4 5 0 7
swap 2044 2 1 9 8 10 11 6 4 3 0 5 7
swap 2045 2 1 9 8 11 10 4 6 0 3 7 5
swap 2046 2 1 9 8 11 10 4 0 6 7 3 5
swap 2047 1 2 9 8 10 11 0 4 7 6 3 5
swap 2048 1 9 2 8 10 0 11 7 4 3 6 5
swap 2049 9 1 8 2 10 0 11 7 3 4 5 6
swap 2050 9 8 1 2 10 11 0 3 7 5 4 6
swap 2051 9 8 2 1 10 11 3 0 7 5 6 4
swap 2052 9 8 2 10 1 11 3 7 0 6 5 4
swap 2053 9 8 10 2 1 11 7 3 0 6 4 5
swap 2054 9 8 10 2 1 11 7 0 3 6 4 5
swap 2055 9 8 2 10 1 11 0 7 6 3 5 4
swap 2056 9 8 2 10 1 11 0 6 7 5 3 4
swap 2057 9 8 10 2 11 1 6 0 5 7 4 3
swap 2058 9 10 8 2 11 1 6 5 0 4 7 3
swap 2059 9 10 2 8 1 11 6 5 0 4 3 7
swap 2060 9 2 10 8 1 11 6 0 5 4 3 7
swap 2061 9 2 8 10 11 1 6 0 4 5 7 3
swap 2062 9 2 8 11 10 1 6 4 0 7 5 3
swap 2063 9 2 8 11 10 1 6 4 7 0 3 5
swap 2064 9 8 2 10 11 6 1 4 7 3 0 5
swap 2065 8 9 2 10 6 11 4 1 7 3 0 5
swap 2066 8 2 9 10 6 4 11 7 1 0 3 5
swap 2067 8 2 10 9 6 4 11 7 0 1 5 3
swap 2068 8 2 10 9 6 11 4 0 7 1 5 3
swap 2069 8 2 9 10 6 11 0 4 1 7 5 3
swap 2070 8 2 9 10 6 0 11 1 4 7 5 3
swap 2071 2 8 10 9 0 6 1 11 7 4 3 5
swap 2072 2 8 10 9 0 6 1 11 7 3 4 5
swap 2073 2 8 10 9 6 0 11 1 3 7 5 4
swap 2074 2 10 8 6 9 0 11 1 3 5 7 4
swap 2075 2 10 8 6 0 9 1 11 5 3 4 7
swap 2076 2 8 10 6 0 1 9 5 11 4 3 7
swap 2077 2 8 10 6 0 1 9 5 4 11 7 3
swap 2078 2 10 8 6 0 9 1 5 4 7 11 3
swap 2079 2 10 8 6 9 0 1 5 7 4 11 3
swap 2080 2 8 10 9 6 1 0 5 7 11 4 3
swap 2081 8 2 10 9 6 1 0 5 7 11 4 3
swap 2082 8 10 2 9 6 0 1 5 7 4 11 3
swap 2083 10 8 2 9 6 0 1 5 4 7 3 11
swap 2084 10 8 2 6 9 0 1 5 4 7 3 11
swap 2085 10 8 2 6 0 9 1 5 7 4 11 3
swap 2086 10 2 8 6 0 1 9 7 5 11 4 3
swap 2087 2 10 8 6 0 1 7 9 11 5 4 3
swap 2088 2 10 8 6 0 7 1 9 11 4 5 3
swap 2089 2 10 6 8 0 7 9 1 4 11 5 3
swap 2090 2 10 6 8 0 9 7 1 4 5 11 3
swap 2091 2 10 6 8 9 0 1 7 5 4 3 11
swap 2092 2 6 10 9 8 0 1 7 5 4 3 11
swap 2093 2 6 10 9 0 8 7 1 5 4 11 3
swap 2094 2 6 10 0 9 7 8 1 5 11 4 3
swap 2095 6 2 10 0 7 9 1 8 11 5 3 4
swap 2096 6 10 2 7 0 1 9 11 8 5 3 4
swap 2097 10 6 7 2 0 1 11 9 5 8 3 4
swap 2098 10 6 7 0 2 11 1 5 9 8 3 4
swap 2099 6 10 0 7 11 2 5 1 8 9 4 3
swap 2100 6 10 0 11 7 5 2 1 8 9 4 3
swap 2101 10 6 0 11 7 5 1 2 9 8 3 4
swap 2102 10 6 0 11 7 1 5 9 2 3 8 4
swap 2103 10 6 0 11 1 7 9 5 2 3 4 8
swap 2104 10 6 0 1 11 9 7 2 5 4 3 8
swap 2105 6 10 0 1 11 9 2 7 5 4 8 3
swap 2106 6 0 10 1 11 9 2 5 7 8 4 3
swap 2107 6 0 10 1 11 9 2 5 7 8 3 4
swap 2108 6 0 10 11 1 2 9 7 5 3 8 4
swap 2109 0 6 10 11 1 2 9 7 3 5 4 8
swap 2110 0 6 10 1 11 9 2 3 7 4 5 8
swap 2111 6 0 10 1 11 9 3 2 7 4 8 5
swap 2112 6 0 10 11 1 3 9 7 2 8 4 5
swap 2113 6 0 11 10 1 3 9 7 2 8 5 4
swap 2114 6 11 0 1 10 9 3 2 7 8 5 4
swap 2115 6 11 0 1 9 10 2 3 8 7 4 5
swap 2116 6 0 11 1 9 10 2 8 3 4 7 5
swap 2117 0 6 11 1 10 9 8 2 4 3 5 7
swap 2118 0 6 11 1 10 8 9 4 2 3 5 7
swap 2119 6 0 1 11 8 10 9 4 3 2 7 5
swap 2120 6 0 1 8 11 9 10 3 4 7 2 5
swap 2121 6 0 1 8 11 9 3 10 7 4 5 2
swap 2122 6 1 0 11 8 9 3 7 10 4 5 2
swap 2123 6 1 0 11 9 8 7 3 10 4 2 5
swap 2124 6 1 0 9 11 8 7 10 3 2 4 5
swap 2125 6 1 9 0 8 11 10 7 2 3 4 5
swap 2126 6 1 9 0 8 11 10 2 7 4 3 5
swap 2127 6 1 0 9 11 8 2 10 4 7 3 5
swap 2128 6 1 0 9 11 8 2 10 4 3 7 5
swap 2129 1 6 9 0 11 8 10 2 3 4 5 7
swap 2130 1 6 9 0 11 10 8 3 2 5 4 7
swap 2131 6 1 9 0 10 11 3 8 5 2 7 4
swap 2132 6 1 9 0 10 3 11 8 5 7 2 4
swap 2133 1 6 9 0 3 10 8 11 5 7 4 2
swap 2134 1 6 9 3 0 8 10 5 11 4 7 2
swap 2135 1 6 9 3 0 8 5 10 11 4 2 7
swap 2136 1 9 6 3 0 8 5 11 10 2 4 7
swap 2137 9 1 6 3 8 0 11 5 2 10 7 4
swap 2138 9 6 1 3 8 0 11 2 5 7 10 4
swap 2139 6 9 3 1 8 0 11 2 7 5 4 10
swap 2140 6 9 3 1 8 11 0 7 2 4 5 10
swap 2141 9 6 3 1 11 8 0 7 4 2 10 5
swap 2142 9 6 3 1 11 8 0 4 7 2 10 5
swap 2143 6 9 3 1 8 11 0 4 2 7 5 10
swap 2144 6 3 9 8 1 11 0 2 4 7 5 10
swap 2145 6 3 9 8 1 11 2 0 7 4 10 5
swap 2146 6 9 3 1 8 2 11 7 0 10 4 5
swap 2147 6 9 1 3 2 8 11 7 0 10 4 5
swap 2148 6 9 1 3 2 8 11 7 0 4 10 5
swap 2149 9 6 3 1 8 2 7 11 4 0 5 10
swap 2150 9 6 3 1 8 7 2 11 4 5 0 10
swap 2151 6 9 3 1 7 8 2 11 5 4 10 0
swap 2152 6 9 3 7 1 2 8 11 5 10 4 0
swap 2153 9 6 7 3 1 2 11 8 10 5 0 4
swap 2154 9 6 7 3 1 2 11 8 10 5 0 4
swap 2155 6 9 3 7 1 2 8 11 10 5 4 0
swap 2156 6 3 9 1 7 8 2 10 11 4 5 0
swap 2157 3 6 9 1 7 8 2 10 11 4 5 0
swap 2158 3 6 9 1 7 8 2 11 10 5 4 0
swap 2159 6 3 9 1 8 7 11 2 5 10 4 0
swap 2160 6 3 9 1 8 11 7 5 2 10 4 0
swap 2161 3 6 9 1 8 11 5 7 10 2 4 0
swap 2162 3 6 9 1 8 5 11 10 7 4 2 0
swap 2163 6 3 1 9 5 8 10 11 7 4 0 2
swap 2164 6 1 3 5 9 8 10 7 11 4 0 2
swap 2165 1 6 3 5 9 8 7 10 4 11 2 0
swap 2166 1 3 6 9 5 8 7 4 10 2 11 0
swap 2167 3 1 6 9 8 5 4 7 2 10 11 0
swap 2168 3 1 6 9 8 4 5 2 7 10 11 0
swap 2169 3 1 9 6 4 8 5 2 10 7 0 11
swap 2170 3 1 9 6 4 8 5 10 2 0 7 11
swap 2171 1 3 6 9 4 8 10 5 0 2 11 7
swap 2172 1 3 6 4 9 10 8 5 0 2 11 7
swap 2173 3 1 6 4 9 10 5 8 2 0 7 11
swap 2174 3 6 1 9 4 5 10 8 2 0 7 11
swap 2175 6 3 9 1 4 5 8 10 0 2 11 7
swap 2176 6 9 3 1 4 8 5 0 10 2 11 7
swap 2177 9 6 1 3 8 4 5 0 2 10 7 11
swap 2178 9 6 1 3 8 5 4 2 0 7 10 11
swap 2179 9 6 1 3 8 5 2 4 7 0 10 11
swap 2180 9 1 6 3 8 2 5 7 4 10 0 11
swap 2181 9 1 6 3 2 8 7 5 10 4 11 0
swap 2182 9 1 6 3 2 7 8 5 10 11 4 0
swap 2183 1 9 6 3 2 7 5 8 11 10 4 0
swap 2184 1 6 9 2 3 5 7 8 11 4 10 0
swap 2185 1 6 9 2 3 5 8 7 4 11 10 0
swap 2186 1 9 6 3 2 8 5 4 7 10 11 0
swap 2187 9 1 6 3 2 8 5 4 10 7 11 0
swap 2188 9 1 6 2 3 5 8 10 4 11 7 0
swap 2189 9 1 2 6 5 3 8 10 11 4 7 0
swap 2190 9 1 2 6 5 3 8 11 10 7 4 0
swap 2191 9 1 6 2 3 5 8 11 10 7 0 4
swap 2192 9 1 6 3 2 8 5 11 10 0 7 4
swap 2193 9 1 6 3 8 2 11 5 10 0 4 7
swap 2194 9 1 6 8 3 11 2 10 5 4 0 7
swap 2195 9 1 8 6 3 11 2 10 5 4 7 0
swap 2196 9 8 1 6 3 2 11 5 10 7 4 0
swap 2197 9 8 1 6 2 3 5 11 7 10 0 4
swap 2198 9 1 8 2 6 3 5 7 11 10 0 4
swap 2199 1 9 2 8 6 3 7 5 10 11 4 0
swap 2200 1 9 2 6 8 3 7 5 10 11 4 0
swap 2201 9 1 6 2 8 3 5 7 10 11 0 4
swap 2202 9 1 6 8 2 3 5 10 7 0 11 4
swap 2203 1 9 6 8 3 2 10 5 0 7 11 4
swap 2204 1 9 6 3 8 2 10 5 0 11 7 4
swap 2205 9 1 3 6 2 8 10 5 11 0 4 7
swap 2206 9 3 1 2 6 10 8 5 11 4 0 7
swap 2207 9 3 1 2 6 10 8 5 4 11 7 0
swap 2208 9 3 1 6 2 8 10 5 4 7 11 0
swap 2209 9 3 1 6 8 2 5 10 7 4 0 11
swap 2210 9 1 3 6 8 5 2 10 7 0 4 11
swap 2211 9 1 3 6 8 5 10 2 0 7 11 4
swap 2212 9 1 3 8 6 10 5 2 0 11 7 4
swap 2213 9 1 8 3 10 6 2 5 0 11 4 7
swap 2214 9 1 8 10 3 2 6 0 5 4 11 7
swap 2215 9 1 8 10 2 3 6 0 4 5 7 11
swap 2216 9 8 1 10 2 3 6 0 4 5 7 11
swap 2217 9 8 1 10 2 3 0 6 5 4 11 7
swap 2218 9 8 1 10 2 0 3 6 5 11 4 7
swap 2219 8 9 10 1 2 0 6 3 11 5 4 7
swap 2220 8 9 10 1 2 6 0 11 3 5 4 7
swap 2221 9 8 10 1 6 2 11 0 5 3 7 4
swap 2222 9 10 8 1 6 11 2 5 0 3 7 4
swap 2223 9 10 8 1 6 11 5 2 3 0 4 7
swap 2224 9 10 8 6 1 5 11 2 3 0 4 7
swap 2225 9 10 6 8 1 5 2 11 0 3 4 7
swap 2226 9 10 6 8 1 2 5 0 11 4 3 7
swap 2227 9 10 8 6 1 2 0 5 4 11 7 3
swap 2228 9 10 8 6 1 0 2 5 4 11 7 3
swap 2229 9 10 6 8 1 0 5 2 11 4 3 7
swap 2230 9 6 10 8 1 5 0 2 11 3 4 7
swap 2231 6 9 10 8 5 1 0 2 11 3 7 4
swap 2232 6 9 10 8 5 0 1 2 11 7 3 4
swap 2233 9 6 10 8 0 5 1 2 7 11 4 3
swap 2234 9 6 10 8 0 1 5 7 2 11 4 3
swap 2235 6 9 10 8 1 0 7 5 2 11 3 4
swap 2236 6 9 10 8 1 7 0 2 5 11 3 4
swap 2237 9 6 10 8 1 7 2 0 11 5 3 4
swap 2238 9 10 6 1 8 2 7 11 0 5 3 4
swap 2239 9 10 6 1 2 8 11 7 5 0 4 3
swap 2240 9 6 10 1 2 11 8 5 7 0 4 3
swap 2241 9 6 10 1 11 2 8 5 0 7 3 4
swap 2242 9 6 10 1 11 8 2 0 5 7 3 4
swap 2243 9 6 10 1 8 11 0 2 7 5 4 3
swap 2244 9 6 10 1 8 0 11 7 2 5 4 3
swap 2245 6 9 1 10 0 8 7 11 5 2 3 4
swap 2246 6 9 1 10 0 8 7 5 11 2 3 4
swap 2247 6 9 1 10 8 0 5 7 2 11 4 3
swap 2248 6 9 1 10 8 5 0 2 7 4 11 3
swap 2249 9 6 1 10 8 5 2 0 4 7 3 11
swap 2250 9 6 1 10 8 5 2 0 4 7 3 11
swap 2251 9 6 1 10 5 8 0 2 7 4 11 3
swap 2252 9 6 1 10 5 8 0 7 2 11 4 3
swap 2253 6 9 10 1 5 8 7 0 11 2 4 3
swap 2254 6 9 10 1 5 7 8 11 0 2 4 3
swap 2255 9 6 10 1 5 7 11 8 0 2 3 4
swap 2256 9 6 10 5 1 11 7 8 0 3 2 4
swap 2257 6 9 5 10 1 11 8 7 0 3 2 4
swap 2258 6 5 9 10 1 8 11 7 0 2 3 4
swap 2259 6 5 9 10 8 1 11 7 0 2 4 3
swap 2260 6 5 9 10 8 11 1 0 7 4 2 3
swap 2261 5 6 9 10 11 8 0 1 4 7 2 3
swap 2262 5 6 9 10 11 0 8 1 4 2 7 3
swap 2263 6 5 9 10 0 11 1 8 2 4 3 7
swap 2264 6 9 5 10 0 1 11 2 8 4 3 7
swap 2265 6 9 5 10 1 0 2 11 4 8 7 3
swap 2266 6 9 5 10 1 2 0 11 4 7 8 3
swap 2267 9 6 5 10 2 1 0 11 4 7 3 8
swap 2268 9 6 5 10 2 0 1 4 11 3 7 8
swap 2269 6 9 5 10 2 0 4 1 11 3 8 7
swap 2270 6 9 5 10 2 0 4 1 11 8 3 7
swap 2271 9 6 10 5 0 2 1 4 11 8 7 3
swap 2272 9 10 6 5 0 1 2 11 4 7 8 3
swap 2273 9 10 6 5 1 0 11 2 4 7 3 8
swap 2274 9 6 10 5 1 11 0 2 4 7 3 8
swap 2275 9 6 5 10 1 11 2 0 4 7 8 3
swap 2276 9 5 6 10 1 2 11 4 0 8 7 3
swap 2277 9 5 6 10 2 1 4 11 0 8 7 3
swap 2278 9 6 5 10 2 1 4 0 11 7 8 3
swap 2279 9 6 5 10 1 2 0 4 11 7 3 8
swap 2280 9 5 6 10 1 2 0 4 11 3 7 8
swap 2281 5 9 10 6 2 1 4 0 3 11 8 7
swap 2282 5 9 10 6 2 4 1 0 3 8 11 7
swap 2283 5 9 6 10 4 2 1 0 8 3 11 7
swap 2284 5 9 6 10 4 1 2 8 0 3 11 7
swap 2285 5 9 6 10 4 1 2 8 0 3 11 7
swap 2286 5 9 6 10 4 2 1 8 0 11 3 7
swap 2287 9 5 6 10 4 2 1 8 0 11 7 3
swap 2288 9 5 6 10 4 2 1 0 8 11 7 3
swap 2289 9 5 10 6 2 4 1 0 8 11 7 3
swap 2290 9 10 5 2 6 4 1 8 0 7 11 3
swap 2291 9 10 5 2 4 6 1 8 7 0 3 11
swap 2292 9 5 10 4 2 1 6 7 8 3 0 11
swap 2293 5 9 10 4 2 1 7 6 8 3 11 0
swap 2294 5 9 10 4 2 1 7 8 6 11 3 0
swap 2295 9 5 4 10 1 2 8 7 11 6 0 3
swap 2296 9 5 4 10 1 2 8 7 11 6 0 3
swap 2297 5 9 10 4 2 1 7 8 6 11 0 3
swap 2298 5 9 10 2 4 1 7 6 8 0 11 3
swap 2299 9 5 2 10 1 4 6 7 0 8 3 11
swap 2300 9 2 5 10 1 4 6 7 0 8 3 11
swap 2301 9 2 5 10 1 4 6 7 8 0 11 3
swap 2302 9 5 2 1 10 6 4 7 8 11 0 3
swap 2303 9 5 2 1 10 6 4 7 11 8 3 0
swap 2304 9 5 2 10 1 4 6 11 7 8 3 0
swap 2305 5 9 2 10 4 1 6 11 8 7 0 3
swap 2306 5 2 9 10 4 6 1 8 11 0 7 3
swap 2307 5 2 9 10 6 4 8 1 11 0 7 3
swap 2308 5 9 2 10 6 4 8 1 11 7 0 3
swap 2309 9 5 10 2 4 6 1 8 7 11 0 3
swap 2310 9 5 10 2 4 1 6 7 8 11 0 3
swap 2311 9 5 10 2 1 4 6 7 11 8 3 0
swap 2312 9 5 10 1 2 6 4 7 11 3 8 0
swap 2313 5 9 10 1 2 6 7 4 11 3 0 8
swap 2314 5 9 10 1 2 7 6 11 4 0 3 8
swap 2315 9 5 10 1 7 2 11 6 0 4 8 3
swap 2316 9 10 5 7 1 11 2 0 6 8 4 3
swap 2317 9 10 7 5 11 1 0 2 6 8 4 3
swap 2318 9 10 7 11 5 0 1 2 6 4 8 3
swap 2319 9 10 7 11 0 5 2 1 4 6 3 8
swap 2320 9 7 10 0 11 5 2 1 4 3 6 8
swap 2321 7 9 0 10 5 11 2 1 4 3 6 8
swap 2322 7 0 9 5 10 2 11 1 4 6 3 8
swap 2323 0 7 9 5 2 10 1 11 6 4 8 3
swap 2324 0 9 7 5 2 1 10 11 6 8 4 3
swap 2325 0 9 5 7 1 2 10 11 8 6 4 3
swap 2326 0 9 5 7 1 10 2 8 11 4 6 3
swap 2327 9 0 5 7 10 1 2 8 4 11 3 6
swap 2328 9 5 0 7 10 2 1 4 8 3 11 6
swap 2329 9 5 0 7 2 10 1 4 3 8 6 11
swap 2330 9 5 0 7 2 1 10 3 4 6 8 11
swap 2331 5 9 7 0 1 2 3 10 4 6 11 8
swap 2332 5 9 7 0 1 2 3 4 10 6 11 8
swap 2333 9 5 0 7 2 1 4 3 10 6 8 11
swap 2334 9 5 0 7 2 4 1 10 3 8 6 11
swap 2335 9 5 7 0 4 2 10 1 3 8 11 6
swap 2336 9 5 7 4 0 2 10 3 1 11 8 6
swap 2337 9 5 7 4 2 0 10 3 11 1 6 8
swap 2338 9 7 5 2 4 10 0 11 3 1 6 8
swap 2339 9 7 5 2 10 4 11 0 1 3 8 6
swap 2340 9 5 7 10 2 4 11 1 0 8 3 6
swap 2341 5 9 7 10 4 2 1 11 0 8 6 3
swap 2342 5 9 7 10 4 1 2 11 0 8 6 3
swap 2343 9 5 10 7 1 4 11 2 8 0 3 6
swap 2344 9 5 10 1 7 11 4 8 2 3 0 6
swap 2345 9 5 1 10 7 11 8 4 3 2 6 0
swap 2346 9 1 5 10 7 8 11 4 3 6 2 0
swap 2347 1 9 5 10 7 8 4 11 6 3 0 2
swap 2348 1 5 9 7 10 4 8 11 6 0 3 2
swap 2349 1 5 9 7 10 4 11 8 0 6 2 3
swap 2350 1 9 5 7 10 11 4 0 8 6 2 3
swap 2351 1 9 5 7 11 10 4 0 6 8 3 2
swap 2352 1 5 9 7 11 10 4 0 6 3 8 2
swap 2353 1 5 7 9 10 11 0 4 6 3 2 8
swap 2354 1 7 5 9 10 11 0 6 4 2 3 8
swap 2355 7 1 5 9 10 11 6 0 4 2 8 3
swap 2356 7 5 1 9 10 6 11 0 4 8 2 3
swap 2357 7 5 9 1 10 6 0 11 8 4 2 3
swap 2358 7 5 9 1 10 0 6 8 11 4 2 3
swap 2359 5 7 1 9 0 10 8 6 4 11 3 2
swap 2360 5 7 1 9 0 10 8 4 6 3 11 2
swap 2361 7 5 1 9 0 10 4 8 6 3 2 11
swap 2362 7 5 1 0 9 4 10 6 8 2 3 11
swap 2363 5 7 0 1 9 4 10 6 8 2 11 3
swap 2364 5 7 0 9 1 10 4 8 6 2 11 3
swap 2365 5 7 0 9 10 1 8 4 6 2 3 11
swap 2366 5 0 7 9 10 1 8 6 4 3 2 11
swap 2367 5 0 9 7 1 10 8 6 3 4 2 11
swap 2368 5 9 0 7 1 8 10 3 6 2 4 11
swap 2369 5 9 7 0 1 8 3 10 2 6 11 4
swap 2370 5 9 7 0 1 3 8 10 2 11 6 4
swap 2371 5 9 7 0 1 3 10 8 2 11 4 6
swap 2372 5 7 9 1 0 10 3 2 8 4 11 6
swap 2373 7 5 1 9 0 10 2 3 4 8 11 6
swap 2374 7 5 1 0 9 2 10 4 3 11 8 6
swap 2375 5 7 0 1 2 9 10 4 11 3 6 8
swap 2376 5 0 7 1 2 10 9 4 11 3 6 8
swap 2377 5 0 1 7 2 10 9 4 3 11 8 6
swap 2378 5 0 1 2 7 10 9 3 4 8 11 6
swap 2379 0 5 1 2 10 7 3 9 8 4 6 11
swap 2380 0 1 5 10 2 3 7 8 9 4 6 11
swap 2381 1 0 5 10 2 3 8 7 4 9 11 6
swap 2382 1 0 5 10 2 3 8 4 7 9 11 6
swap 2383 0 1 10 5 3 2 8 4 7 9 6 11
swap 2384 0 1 10 3 5 8 2 7 4 6 9 11
swap 2385 0 1 10 3 5 8 7 2 6 4 11 9
swap 2386 0 1 10 3 5 7 8 6 2 4 11 9
swap 2387 0 1 10 3 7 5 6 8 4 2 9 11
swap 2388 0 10 1 7 3 5 6 8 4 2 9 11
swap 2389 0 10 7 1 3 5 8 6 2 4 11 9
swap 2390 0 7 10 1 3 8 5 2 6 11 4 9
swap 2391 0 7 10 1 3 8 2 5 11 6 9 4
swap 2392 0 10 7 1 3 2 8 11 5 9 6 4
swap 2393 10 0 1 7 2 3 8 11 9 5 6 4
swap 2394 10 0 1 7 2 3 8 9 11 6 5 4
swap 2395 0 10 1 7 3 2 9 8 6 11 4 5
swap 2396 0 1 10 7 3 2 9 6 8 11 4 5
swap 2397 0 1 7 10 2 3 6 9 11 8 5 4
swap 2398 0 1 7 10 2 3 6 11 9 5 8 4
swap 2399 0 1 7 10 2 3 6 11 5 9 4 8
swap 2400 0 1 7 2 10 6 3 5 11 4 9 8
swap 2401 1 0 2 7 10 6 5 3 11 4 8 9
swap 2402 1 0 2 7 10 6 5 11 3 8 4 9
swap 2403 0 1 7 2 6 10 11 5 8 3 9 4
swap 2404 0 1 7 6 2 11 10 5 8 9 3 4
swap 2405 0 1 7 6 2 11 5 10 9 8 4 3
swap 2406 0 7 1 2 6 11 5 10 9 4 8 3
swap 2407 7 0 2 1 11 6 10 5 4 9 3 8
swap 2408 7 0 2 1 11 10 6 5 4 3 9 8
swap 2409 0 7 1 2 10 11 6 5 4 3 8 9
swap 2410 0 1 7 2 10 6 11 5 4 8 3 9
swap 2411 1 0 2 7 10 6 5 11 8 4 9 3
swap 2412 1 2 0 7 10 5 6 11 8 9 4 3
swap 2413 1 2 7 0 5 10 6 11 9 8 3 4
swap 2414 1 7 2 0 5 6 10 11 9 3 8 4
swap 2415 1 7 0 2 5 6 11 10 3 9 4 8
swap 2416 1 7 0 2 5 11 6 3 10 4 9 8
swap 2417 1 7 2 0 5 11 3 6 10 4 8 9
swap 2418 1 7 2 0 5 11 3 10 6 8 4 9
swap 2419 1 7 2 0 11 5 10 3 8 6 9 4
swap 2420 1 2 7 0 11 10 5 8 3 9 6 4
swap 2421 1 2 7 0 10 11 5 8 9 3 4 6
swap 2422 1 7 2 10 0 5 11 8 9 4 3 6
swap 2423 1 7 2 10 5 0 11 8 4 9 6 3
swap 2424 1 7 2 5 10 11 0 8 4 6 9 3
swap 2425 7 1 5 2 11 10 0 8 6 4 3 9
swap 2426 7 1 5 11 2 10 0 6 8 3 4 9
swap 2427 1 7 11 5 2 10 6 0 3 8 9 4
swap 2428 1 11 7 5 2 6 10 0 3 8 9 4
swap 2429 11 1 7 5 2 6 0 10 8 3 4 9
swap 2430 11 7 1 2 5 0 6 10 8 4 3 9
swap 2431 11 7 2 1 5 0 10 6 4 8 3 9
swap 2432 11 7 2 1 5 10 0 6 4 3 8 9
swap 2433 7 11 1 2 10 5 6 0 3 4 9 8
swap 2434 7 11 1 2 10 6 5 0 3 4 9 8
swap 2435 11 7 1 2 6 10 0 5 4 3 8 9
swap 2436 11 1 7 2 6 0 10 5 4 8 3 9
swap 2437 11 1 2 7 0 6 5 10 8 4 9 3
swap 2438 11 1 2 7 0 5 6 10 8 9 4 3
swap 2439 1 11 7 2 0 5 6 10 9 8 3 4
swap 2440 1 11 7 0 2 6 5 9 10 3 8 4
swap 2441 11 1 7 0 2 6 9 5 10 3 4 8
swap 2442 11 7 1 2 0 9 6 10 5 4 3 8
swap 2443 7 11 2 1 9 0 6 10 5 4 8 3
swap 2444 7 2 11 9 1 6 0 10 5 8 4 3
swap 2445 2 7 11 9 1 6 10 0 5 8 3 4
swap 2446 2 11 7 1 9 10 6 0 5 3 8 4
swap 2447 2 11 7 1 9 10 0 6 5 3 4 8
swap 2448 2 11 7 9 1 10 0 6 5 3 4 8
swap 2449 2 11 7 9 10 1 6 0 3 5 8 4
swap 2450 2 11 7 9 10 1 6 0 3 8 5 4
swap 2451 11 2 7 9 10 1 0 6 8 3 4 5
swap 2452 11 2 7 9 10 0 1 6 8 4 3 5
swap 2453 11 2 9 7 0 10 1 6 4 8 5 3
swap 2454 11 2 9 0 7 1 10 4 6 5 8 3
swap 2455 11 2 9 0 7 1 10 4 5 6 3 8
swap 2456 11 9 2 0 7 1 10 5 4 3 6 8
swap 2457 9 11 2 0 1 7 5 10 3 4 8 6
swap 2458 9 11 2 1 0 7 5 3 10 4 8 6
swap 2459 11 9 2 1 7 0 3 5 10 4 6 8
swap 2460 11 9 2 7 1 0 3 10 5 6 4 8
swap 2461 9 11 7 2 1 0 10 3 5 6 8 4
swap 2462 9 11 7 1 2 10 0 5 3 8 6 4
swap 2463 11 9 1 7 10 2 0 5 8 3 4 6
swap 2464 11 9 1 7 10 2 0 5 8 3 4 6
swap 2465 9 11 7 1 2 10 5 0 8 3 6 4
swap 2466 9 7 11 1 2 10 5 0 8 6 3 4
swap 2467 9 7 11 1 10 2 0 5 8 6 4 3
swap 2468 9 11 7 10 1 0 2 8 5 6 4 3
swap 2469 9 11 7 10 1 0 8 2 6 5 3 4
swap 2470 9 7 11 1 10 0 8 6 2 5 3 4
swap 2471 9 7 11 1 10 0 6 8 2 5 4 3
swap 2472 9 11 7 10 1 0 6 8 2 4 5 3
swap 2473 9 11 10 7 1 0 8 6 2 4 5 3
swap 2474 9 11 10 1 7 0 8 2 6 5 4 3
swap 2475 9 11 1 10 7 0 2 8 6 5 3 4
swap 2476 9 11 1 7 10 0 2 8 6 3 5 4
swap 2477 9 11 7 1 0 10 2 8 3 6 4 5
swap 2478 9 7 11 0 1 10 2 3 8 6 4 5
swap 2479 9 7 11 0 1 10 3 2 8 6 5 4
swap 2480 9 11 7 1 0 10 3 8 2 5 6 4
swap 2481 9 11 7 1 10 0 8 3 5 2 4 6
swap 2482 9 7 11 1 10 8 0 3 5 2 4 6
swap 2483 9 7 11 1 10 8 3 0 2 5 4 6
swap 2484 9 7 11 10 1 3 8 2 0 5 4 6
swap 2485 9 7 11 10 3 1 8 2 5 0 6 4
swap 2486 9 7 11 3 10 8 1 5 2 0 6 4
swap 2487 9 7 3 11 10 8 1 5 0 2 4 6
swap 2488 9 3 7 10 11 1 8 0 5 4 2 6
swap 2489 9 3 7 10 11 1 8 0 4 5 6 2
swap 2490 9 3 7 11 10 8 1 0 4 5 6 2
swap 2491 9 3 7 11 8 10 1 0 5 4 2 6
swap 2492 9 3 7 8 11 1 10 0 5 4 2 6
swap 2493 3 9 8 7 11 1 0 10 5 4 6 2
swap 2494 3 9 8 11 7 0 1 10 5 4 6 2
swap 2495 3 9 11 8 0 7 10 1 5 4 2 6
swap 2496 3 9 11 0 8 7 10 1 5 2 4 6
swap 2497 3 9 0 11 7 8 1 10 5 2 6 4
swap 2498 3 9 0 11 7 1 8 10 5 6 2 4
swap 2499 9 3 11 0 1 7 10 8 6 5 4 2
