swap 0 0 1 2 3 4 5 6 7 8 9 10 11
swap 1 0 1 3 2 4 5 6 7 9 8 11 10
swap 2 0 3 1 2 4 6 5 7 9 11 8 10
swap 3 3 0 2 1 4 6 5 7 9 11 10 8
swap 4 3 0 2 1 4 6 5 7 9 11 10 8
swap 5 0 3 1 2 6 4 5 7 11 9 10 8
swap 6 0 1 3 6 2 4 5 7 11 9 10 8
swap 7 0 1 6 3 2 4 7 5 9 11 8 10
swap 8 0 6 1 2 3 4 7 9 5 11 8 10
swap 9 6 0 2 1 4 3 9 7 11 5 10 8
swap 10 6 2 0 4 1 9 3 7 11 10 5 8
swap 11 2 6 0 4 9 1 7 3 10 11 8 5
swap 12 2 6 0 4 9 7 1 10 3 8 11 5
swap 13 6 2 4 0 9 7 10 1 3 8 5 11
swap 14 6 2 4 0 9 7 10 3 1 5 8 11
swap 15 2 6 4 0 7 9 3 10 5 1 11 8
swap 16 2 6 4 0 7 3 9 10 5 11 1 8
swap 17 6 2 4 0 3 7 9 10 11 5 8 1
swap 18 6 4 2 3 0 9 7 11 10 8 5 1
swap 19 6 4 3 2 0 9 7 11 10 8 1 5
swap 20 6 3 4 0 2 7 9 10 11 8 1 5
swap 21 3 6 0 4 7 2 10 9 8 11 5 1
swap 22 3 0 6 4 7 2 10 8 9 5 11 1
swap 23 3 0 4 6 2 7 8 10 5 9 11 1
swap 24 3 4 0 2 6 8 7 5 10 11 9 1
swap 25 4 3 2 0 6 8 5 7 11 10 1 9
swap 26 4 3 2 0 6 5 8 11 7 1 10 9
swap 27 3 4 0 2 6 5 11 8 1 7 9 10
swap 28 3 4 0 2 6 11 5 1 8 9 7 10
swap 29 3 4 2 0 11 6 1 5 8 9 10 7
swap 30 3 4 2 0 11 1 6 8 5 10 9 7
swap 31 3 4 2 0 11 1 8 6 10 5 9 7
swap 32 3 2 4 11 0 1 8 6 10 9 5 7
swap 33 2 3 4 11 0 1 6 8 9 10 5 7
swap 34 2 3 4 11 0 6 1 9 8 5 10 7
swap 35 3 2 4 11 6 0 9 1 5 8 10 7
swap 36 3 4 2 6 11 0 9 1 5 8 10 7
swap 37 3 4 2 6 0 11 9 1 8 5 7 10
swap 38 3 4 2 0 6 9 11 8 1 7 5 10
swap 39 3 4 0 2 6 9 8 11 7 1 10 5
swap 40 3 0 4 6 2 8 9 7 11 10 1 5
swap 41 0 3 6 4 8 2 9 7 11 10 1 5
swap 42 0 6 3 8 4 2 9 7 11 1 10 5
swap 43 0 6 3 8 4 2 9 7 1 11 10 5
swap 44 0 3 6 4 8 9 2 1 7 10 11 5
swap 45 0 3 4 6 9 8 2 1 7 10 11 5
swap 46 0 4 3 6 9 2 8 1 7 11 10 5
swap 47 4 0 3 6 9 2 8 1 11 7 5 10
swap 48 4 3 0 6 9 8 2 11 1 5 7 10
swap 49 3 4 0 6 9 8 11 2 5 1 10 7
swap 50 3 0 4 6 9 11 8 5 2 10 1 7
swap 51 3 0 6 4 9 11 5 8 10 2 7 1
swap 52 3 6 0 9 4 5 11 10 8 7 2 1
swap 53 6 3 0 9 4 5 10 11 7 8 2 1
swap 54 6 0 3 4 9 10 5 7 11 2 8 1
swap 55 6 0 3 4 9 10 7 5 2 11 8 1
swap 56 6 3 0 4 9 10 7 5 2 8 11 1
swap 57 6 3 4 0 9 10 5 7 8 2 11 1
swap 58 6 3 4 9 0 10 5 7 8 11 2 1
swap 59 6 3 4 9 10 0 7 5 8 11 1 2
swap 60 6 4 3 9 10 0 7 8 5 1 11 2
swap 61 6 4 9 3 0 10 8 7 1 5 11 2
swap 62 6 4 9 3 0 8 10 7 1 11 5 2
swap 63 6 4 3 9 8 0 7 10 11 1 2 5
swap 64 6 3 4 8 9 7 0 10 11 2 1 5
swap 65 6 3 4 8 9 7 10 0 11 2 1 5
swap 66 6 4 3 9 8 10 7 0 11 1 2 5
swap 67 6 4 9 3 10 8 7 0 1 11 5 2
swap 68 6 4 9 3 10 8 7 0 1 5 11 2
swap 69 6 4 3 9 8 10 0 7 5 1 2 11
swap 70 6 3 4 8 9 10 0 7 5 2 1 11
swap 71 6 3 8 4 10 9 7 0 2 5 11 1
swap 72 6 8 3 4 10 9 7 0 2 5 11 1
swap 73 6 8 3 4 9 10 0 7 5 2 1 11
swap 74 6 8 3 4 9 10 0 7 5 1 2 11
swap 75 6 8 3 4 10 9 7 0 1 5 11 2
swap 76 6 8 3 10 4 7 9 0 1 5 11 2
swap 77 6 8 10 3 4 7 0 9 1 5 2 11
swap 78 6 10 8 4 3 0 7 9 1 5 2 11
swap 79 6 10 8 4 3 0 9 7 5 1 2 11
swap 80 6 10 8 3 4 0 9 5 7 2 1 11
swap 81 10 6 8 3 4 0 5 9 7 2 11 1
swap 82 10 8 6 4 3 5 0 7 9 11 2 1
swap 83 10 8 6 4 5 3 7 0 11 9 2 1
swap 84 10 6 8 4 5 3 7 0 11 9 2 1
swap 85 10 6 4 8 3 5 0 7 11 9 1 2
swap 86 10 4 6 8 3 5 0 11 7 1 9 2
swap 87 10 4 8 6 5 3 0 11 1 7 2 9
swap 88 10 4 8 5 6 0 3 1 11 2 7 9
swap 89 4 10 8 5 6 0 1 3 2 11 9 7
swap 90 4 10 8 6 5 1 0 3 2 11 9 7
swap 91 10 4 6 8 1 5 3 0 11 2 7 9
swap 92 10 4 6 8 1 3 5 11 0 2 7 9
swap 93 10 4 6 8 3 1 5 11 0 2 9 7
swap 94 10 6 4 8 3 5 1 0 11 9 2 7
swap 95 10 6 4 8 3 5 1 0 11 9 7 2
swap 96 10 6 4 3 8 1 5 11 0 7 9 2
swap 97 6 10 4 3 8 1 11 5 0 7 2 9
swap 98 6 4 10 8 3 1 11 0 5 2 7 9
swap 99 6 4 10 8 3 1 0 11 2 5 9 7
swap 100 6 10 4 3 8 0 1 2 11 9 5 7
swap 101 10 6 4 3 8 0 1 2 11 9 7 5
swap 102 10 4 6 8 3 1 0 2 11 9 7 5
swap 103 10 4 6 8 1 3 2 0 9 11 5 7
swap 104 10 6 4 1 8 2 3 9 0 11 5 7
swap 105 10 6 1 4 2 8 9 3 11 0 7 5
swap 106 10 6 1 4 2 9 8 3 11 7 0 5
swap 107 6 10 4 1 9 2 8 3 11 7 5 0
swap 108 6 10 4 1 9 8 2 3 11 5 7 0
swap 109 10 6 4 1 8 9 3 2 11 5 0 7
swap 110 10 6 4 1 8 9 3 11 2 0 5 7
swap 111 10 6 1 4 9 8 3 11 0 2 7 5
swap 112 10 6 1 9 4 3 8 11 0 2 7 5
swap 113 10 6 9 1 3 4 8 11 2 0 7 5
swap 114 10 9 6 1 3 4 8 2 11 7 0 5
swap 115 10 9 6 1 3 4 2 8 11 7 0 5
swap 116 10 9 6 1 3 2 4 11 8 0 7 5
swap 117 9 10 6 1 3 2 11 4 0 8 5 7
swap 118 9 6 10 3 1 11 2 4 0 5 8 7
swap 119 9 6 10 3 1 11 4 2 5 0 7 8
swap 120 9 6 10 3 1 11 4 5 2 7 0 8
swap 121 6 9 10 3 1 11 4 5 7 2 8 0
swap 122 6 10 9 3 1 4 11 7 5 2 8 0
swap 123 10 6 9 3 1 4 7 11 2 5 0 8
swap 124 10 9 6 1 3 4 7 11 2 5 0 8
swap 125 9 10 6 1 3 4 7 11 2 5 8 0
swap 126 9 10 6 1 3 7 4 11 2 8 5 0
swap 127 10 9 6 1 3 7 11 4 8 2 0 5
swap 128 10 6 9 3 1 11 7 4 8 0 2 5
swap 129 6 10 9 3 11 1 4 7 0 8 2 5
swap 130 6 10 9 3 11 1 4 0 7 2 8 5
swap 131 10 6 9 3 11 1 0 4 2 7 5 8
swap 132 10 9 6 11 3 1 0 2 4 7 5 8
swap 133 9 10 6 11 3 1 0 2 7 4 8 5
swap 134 9 10 6 3 11 0 1 7 2 4 8 5
swap 135 9 10 3 6 0 11 1 7 4 2 8 5
swap 136 9 10 3 0 6 1 11 4 7 8 2 5
swap 137 10 9 3 0 6 1 11 4 8 7 5 2
swap 138 10 9 3 6 0 11 1 4 8 5 7 2
swap 139 9 10 3 6 11 0 1 4 5 8 7 2
swap 140 9 10 3 11 6 0 1 4 5 7 8 2
swap 141 10 9 11 3 6 0 4 1 7 5 2 8
swap 142 10 9 11 3 6 4 0 1 7 2 5 8
swap 143 9 10 11 3 4 6 1 0 2 7 8 5
swap 144 9 10 11 4 3 1 6 2 0 7 8 5
swap 145 10 9 11 4 3 1 2 6 0 7 5 8
swap 146 10 9 11 3 4 1 2 0 6 5 7 8
swap 147 10 9 3 11 1 4 0 2 6 5 7 8
swap 148 10 3 9 11 1 4 0 6 2 7 5 8
swap 149 3 10 9 11 4 1 6 0 2 7 8 5
swap 150 3 9 10 4 11 6 1 2 0 8 7 5
swap 151 3 9 10 4 11 6 2 1 8 0 5 7
swap 152 3 10 9 4 11 2 6 8 1 0 5 7
swap 153 10 3 9 4 2 11 6 8 1 0 7 5
swap 154 10 3 9 2 4 6 11 1 8 0 7 5
swap 155 10 3 9 2 4 6 11 1 0 8 5 7
swap 156 10 9 3 4 2 6 11 0 1 5 8 7
swap 157 10 9 4 3 2 6 0 11 1 5 7 8
swap 158 10 4 9 3 2 0 6 1 11 7 5 8
swap 159 10 4 3 9 2 0 1 6 7 11 8 5
swap 160 10 4 3 9 2 1 0 6 7 8 11 5
swap 161 10 4 9 3 1 2 6 0 8 7 5 11
swap 162 10 4 9 3 1 6 2 8 0 7 5 11
swap 163 10 4 9 3 6 1 8 2 7 0 11 5
swap 164 10 4 9 6 3 1 8 2 7 0 11 5
swap 165 10 4 6 9 3 1 8 2 0 7 5 11
swap 166 10 4 6 9 3 8 1 0 2 7 5 11
swap 167 4 10 9 6 3 8 0 1 7 2 11 5
swap 168 4 10 9 3 6 0 8 1 7 11 2 5
swap 169 10 4 9 3 6 0 8 1 11 7 2 5
swap 170 10 9 4 3 6 8 0 11 1 2 7 5
swap 171 10 9 4 3 6 8 0 11 2 1 5 7
swap 172 10 4 9 6 3 0 8 2 11 5 1 7
swap 173 10 4 6 9 3 0 2 8 11 5 7 1
swap 174 10 4 6 9 3 2 0 8 11 5 7 1
swap 175 10 4 9 6 3 2 8 0 5 11 7 1
swap 176 10 9 4 3 6 8 2 5 0 7 11 1
swap 177 9 10 3 4 8 6 2 5 7 0 1 11
swap 178 9 3 10 4 8 2 6 7 5 1 0 11
swap 179 3 9 4 10 2 8 7 6 1 5 11 0
swap 180 3 4 9 10 2 8 7 1 6 11 5 0
swap 181 4 3 10 9 8 2 7 1 11 6 0 5
swap 182 4 10 3 8 9 7 2 11 1 6 0 5
swap 183 4 10 8 3 9 7 11 2 6 1 5 0
swap 184 4 8 10 9 3 11 7 6 2 5 1 0
swap 185 4 8 10 9 3 11 6 7 5 2 1 0
swap 186 4 10 8 9 3 6 11 7 5 1 2 0
swap 187 4 10 9 8 6 3 7 11 1 5 2 0
swap 188 4 9 10 8 6 3 7 1 11 2 5 0
swap 189 4 9 10 8 3 6 7 1 2 11 5 0
swap 190 4 9 10 8 3 6 7 2 1 5 11 0
swap 191 4 9 8 10 3 6 2 7 5 1 0 11
swap 192 4 9 8 3 10 2 6 5 7 0 1 11
swap 193 9 4 8 3 2 10 5 6 0 7 1 11
swap 194 9 4 8 3 2 10 5 6 0 1 7 11
swap 195 4 9 8 3 10 2 6 5 1 0 11 7
swap 196 4 9 8 10 3 2 6 5 1 11 0 7
swap 197 4 9 8 10 3 2 5 6 11 1 7 0
swap 198 4 9 8 10 3 5 2 11 6 7 1 0
swap 199 9 4 10 8 3 5 11 2 6 7 0 1
swap 200 9 10 4 8 3 5 11 6 2 0 7 1
swap 201 10 9 4 8 3 5 6 11 2 0 1 7
swap 202 10 4 9 8 3 6 5 2 11 1 0 7
swap 203 4 10 9 8 6 3 2 5 11 1 0 7
swap 204 4 9 10 6 8 2 3 5 11 0 1 7
swap 205 9 4 10 6 8 2 5 3 0 11 7 1
swap 206 9 4 10 6 8 5 2 0 3 11 7 1
swap 207 4 9 6 10 5 8 0 2 3 11 1 7
swap 208 4 6 9 10 5 0 8 3 2 1 11 7
swap 209 4 6 10 9 5 0 3 8 2 1 7 11
swap 210 4 10 6 5 9 0 3 2 8 7 1 11
swap 211 4 10 6 5 0 9 2 3 7 8 11 1
swap 212 4 6 10 5 0 2 9 3 7 11 8 1
swap 213 4 6 10 5 0 2 3 9 11 7 1 8
swap 214 4 10 6 5 0 3 2 11 9 7 1 8
swap 215 4 10 6 5 0 3 2 11 7 9 1 8
swap 216 4 6 10 5 0 3 2 11 7 9 1 8
swap 217 6 4 10 5 3 0 11 2 9 7 8 1
swap 218 6 10 4 5 3 0 11 9 2 8 7 1
swap 219 6 10 4 5 3 0 9 11 2 8 7 1
swap 220 6 4 10 5 3 9 0 11 2 8 7 1
swap 221 6 4 10 5 3 9 0 11 8 2 1 7
swap 222 6 4 10 5 3 0 9 8 11 1 2 7
swap 223 6 4 10 5 3 0 8 9 11 1 7 2
swap 224 6 10 4 5 3 0 8 11 9 7 1 2
swap 225 10 6 4 5 3 0 8 11 7 9 2 1
swap 226 10 4 6 3 5 0 8 7 11 2 9 1
swap 227 10 4 6 3 0 5 7 8 2 11 1 9
swap 228 10 4 6 0 3 7 5 8 2 1 11 9
swap 229 10 4 0 6 7 3 5 8 1 2 9 11
swap 230 10 4 0 7 6 5 3 1 8 9 2 11
swap 231 10 4 7 0 5 6 3 1 8 9 11 2
swap 232 10 4 7 5 0 3 6 8 1 11 9 2
swap 233 4 10 7 5 3 0 6 8 11 1 2 9
swap 234 4 10 7 3 5 0 6 8 11 2 1 9
swap 235 10 4 7 3 0 5 6 8 2 11 9 1
swap 236 10 4 7 0 3 6 5 2 8 9 11 1
swap 237 10 4 7 0 6 3 2 5 8 9 1 11
swap 238 10 4 7 0 6 3 2 8 5 1 9 11
swap 239 4 10 7 0 3 6 2 8 1 5 11 9
swap 240 4 10 7 3 0 2 6 1 8 5 11 9
swap 241 10 4 7 3 2 0 6 1 5 8 11 9
swap 242 10 4 7 2 3 6 0 5 1 11 8 9
swap 243 10 4 7 2 3 6 5 0 1 11 9 8
swap 244 10 7 4 3 2 5 6 0 1 11 9 8
swap 245 10 7 4 3 2 5 6 0 11 1 9 8
swap 246 10 4 7 3 2 6 5 0 11 9 1 8
swap 247 10 4 3 7 6 2 0 5 9 11 8 1
swap 248 10 4 3 7 6 2 0 9 5 11 8 1
swap 249 4 10 3 7 2 6 9 0 11 5 1 8
swap 250 4 10 3 2 7 9 6 0 11 5 1 8
swap 251 4 10 3 2 9 7 0 6 5 11 8 1
swap 252 4 10 3 2 9 7 0 5 6 11 8 1
swap 253 4 10 3 2 9 7 5 0 6 11 8 1
swap 254 4 10 3 9 2 5 7 6 0 8 11 1
swap 255 10 4 9 3 5 2 6 7 8 0 1 11
swap 256 10 4 9 3 5 2 6 8 7 1 0 11
swap 257 4 10 9 3 2 5 6 8 7 1 0 11
swap 258 4 10 9 3 2 5 6 8 7 0 1 11
swap 259 10 4 9 3 2 5 8 6 0 7 11 1
swap 260 10 4 9 2 3 8 5 6 0 7 11 1
swap 261 10 4 9 2 8 3 6 5 0 7 1 11
swap 262 10 9 4 8 2 6 3 0 5 1 7 11
swap 263 10 9 4 8 2 6 3 0 5 1 11 7
swap 264 10 4 9 2 8 3 6 5 0 1 11 7
swap 265 10 4 9 2 8 3 5 6 1 0 11 7
swap 266 10 4 9 2 8 5 3 1 6 11 0 7
swap 267 4 10 9 2 5 8 1 3 11 6 7 0
swap 268 4 10 9 2 5 8 1 11 3 7 6 0
swap 269 10 4 2 9 8 5 1 11 7 3 0 6
swap 270 10 4 2 9 8 1 5 11 7 0 3 6
swap 271 4 10 2 9 8 1 11 5 0 7 6 3
swap 272 4 10 2 8 9 11 1 5 0 6 7 3
swap 273 10 4 2 8 11 9 1 5 6 0 3 7
swap 274 10 4 2 11 8 9 1 6 5 3 0 7
swap 275 4 10 2 11 9 8 6 1 3 5 0 7
swap 276 4 10 2 11 9 6 8 3 1 0 5 7
swap 277 10 4 2 11 9 6 3 8 0 1 5 7
swap 278 10 4 2 9 11 3 6 0 8 5 1 7
swap 279 10 4 2 9 11 3 0 6 8 5 7 1
swap 280 10 2 4 11 9 0 3 6 8 7 5 1
swap 281 10 2 4 11 0 9 6 3 7 8 1 5
swap 282 10 4 2 11 0 9 6 3 7 1 8 5
swap 283 10 4 2 11 9 0 3 6 1 7 5 8
swap 284 10 4 2 9 11 3 0 6 1 5 7 8
swap 285 10 4 9 2 11 3 6 0 1 5 8 7
swap 286 10 4 9 11 2 6 3 0 1 5 8 7
swap 287 4 10 9 11 2 6 0 3 5 1 7 8
swap 288 4 10 9 2 11 0 6 3 5 1 7 8
swap 289 10 4 9 2 11 0 6 3 1 5 8 7
swap 290 10 4 9 11 2 6 0 1 3 5 8 7
swap 291 10 4 9 11 2 6 1 0 5 3 7 8
swap 292 10 9 4 2 11 1 6 0 5 3 7 8
swap 293 9 10 4 2 1 11 0 6 3 5 8 7
swap 294 9 4 10 2 1 0 11 3 6 8 5 7
swap 295 4 9 10 2 1 0 3 11 8 6 7 5
swap 296 4 10 9 1 2 3 0 11 8 6 7 5
swap 297 10 4 9 1 3 2 11 0 6 8 5 7
swap 298 10 9 4 3 1 2 11 6 0 5 8 7
swap 299 9 10 4 3 1 2 6 11 0 5 7 8
swap 300 9 4 10 1 3 6 2 11 0 7 5 8
swap 301 4 9 10 1 3 6 2 11 7 0 8 5
swap 302 4 9 10 3 1 2 6 7 11 8 0 5
swap 303 9 4 10 3 1 2 6 7 8 11 5 0
swap 304 9 4 10 1 3 6 2 8 7 5 11 0
swap 305 9 4 10 1 3 6 2 8 5 7 11 0
swap 306 9 10 4 3 1 2 6 5 8 11 7 0
swap 307 10 9 4 3 2 1 5 6 8 11 7 0
swap 308 10 9 4 2 3 5 1 6 8 7 11 0
swap 309 9 10 4 2 5 3 6 1 7 8 0 11
swap 310 9 10 4 2 5 6 3 7 1 0 8 11
swap 311 10 9 2 4 6 5 7 3 1 0 11 8
swap 312 10 2 9 4 6 7 5 3 1 11 0 8
swap 313 2 10 9 4 7 6 5 3 1 11 0 8
swap 314 2 9 10 4 7 6 5 1 3 0 11 8
swap 315 9 2 4 10 6 7 1 5 0 3 8 11
swap 316 9 4 2 6 10 1 7 5 0 3 8 11
swap 317 4 9 6 2 10 1 7 5 3 0 11 8
swap 318 4 9 6 2 10 7 1 3 5 11 0 8
swap 319 9 4 2 6 7 10 1 3 11 5 0 8
swap 320 9 4 2 7 6 10 1 3 11 0 5 8
swap 321 9 4 7 2 10 6 1 3 0 11 5 8
swap 322 9 4 7 2 10 6 1 0 3 5 11 8
swap 323 4 9 2 7 10 6 1 0 5 3 8 11
swap 324 4 9 2 7 10 1 6 5 0 3 8 11
swap 325 9 4 7 2 1 10 5 6 3 0 11 8
swap 326 9 7 4 2 1 10 5 6 3 0 11 8
swap 327 7 9 2 4 10 1 6 5 0 3 11 8
swap 328 7 2 9 10 4 6 1 0 5 11 3 8
swap 329 2 7 9 10 6 4 1 0 11 5 3 8
swap 330 2 9 7 6 10 1 4 0 11 3 5 8
swap 331 2 9 7 6 10 1 0 4 3 11 5 8
swap 332 2 9 7 10 6 1 0 4 3 5 11 8
swap 333 9 2 10 7 1 6 4 0 3 5 8 11
swap 334 9 10 2 1 7 4 6 3 0 5 8 11
swap 335 10 9 2 1 7 4 3 6 5 0 11 8
swap 336 10 9 2 7 1 3 4 6 5 0 11 8
swap 337 9 10 7 2 1 3 4 6 0 5 8 11
swap 338 9 10 7 1 2 4 3 0 6 8 5 11
swap 339 10 9 7 1 2 4 3 0 8 6 11 5
swap 340 10 9 7 1 2 4 3 8 0 6 11 5
swap 341 9 10 1 7 2 4 8 3 6 0 5 11
swap 342 9 10 1 2 7 4 8 6 3 5 0 11
swap 343 9 10 1 2 4 7 6 8 3 5 11 0
swap 344 9 1 10 4 2 7 6 3 8 11 5 0
swap 345 9 1 10 4 2 7 6 3 11 8 5 0
swap 346 9 10 1 4 2 7 6 11 3 5 8 0
swap 347 9 10 1 4 7 2 6 11 3 5 0 8
swap 348 9 1 10 4 7 6 2 3 11 0 5 8
swap 349 9 1 4 10 6 7 3 2 0 11 8 5
swap 350 9 4 1 10 6 3 7 2 0 8 11 5
swap 351 4 9 10 1 3 6 2 7 8 0 5 11
swap 352 4 10 9 3 1 2 6 7 8 5 0 11
swap 353 4 10 9 3 1 2 6 7 5 8 11 0
swap 354 4 10 9 1 3 6 2 5 7 11 8 0
swap 355 10 4 1 9 3 6 5 2 7 11 0 8
swap 356 10 4 1 9 3 6 5 2 7 0 11 8
swap 357 4 10 9 1 6 3 2 5 0 7 11 8
swap 358 4 10 9 1 6 2 3 0 5 7 11 8
swap 359 4 10 1 9 2 6 0 3 5 7 8 11
swap 360 4 10 1 2 9 6 0 3 5 8 7 11
swap 361 10 4 2 1 6 9 3 0 5 8 11 7
swap 362 10 4 2 1 6 9 3 0 5 11 8 7
swap 363 10 4 1 2 9 6 0 3 11 5 7 8
swap 364 10 4 1 9 2 0 6 3 11 5 7 8
swap 365 10 4 9 1 2 0 3 6 5 11 8 7
swap 366 10 4 9 2 1 3 0 5 6 11 8 7
swap 367 4 10 2 9 1 3 5 0 6 11 8 7
swap 368 4 10 2 1 9 5 3 6 0 8 11 7
swap 369 10 4 1 2 9 5 6 3 8 0 7 11
swap 370 10 1 4 9 2 6 5 8 3 7 0 11
swap 371 10 1 4 9 6 2 8 5 3 7 11 0
swap 372 10 4 1 9 6 2 8 3 5 11 7 0
swap 373 10 4 9 1 2 6 3 8 5 11 7 0
swap 374 10 4 9 1 2 3 6 5 8 7 11 0
swap 375 4 10 1 9 2 3 5 6 7 8 0 11
swap 376 4 10 1 2 9 3 5 6 7 8 0 11
swap 377 10 4 2 1 3 9 6 5 8 7 11 0
swap 378 10 2 4 3 1 6 9 5 8 11 7 0
swap 379 10 2 3 4 1 6 9 5 8 11 0 7
swap 380 10 3 2 4 1 9 6 5 8 0 11 7
swap 381 10 3 4 2 9 1 6 5 8 0 7 11
swap 382 10 4 3 2 9 6 1 8 5 7 0 11
swap 383 10 4 3 2 6 9 8 1 7 5 11 0
swap 384 10 3 4 2 6 9 8 7 1 11 5 0
swap 385 3 10 2 4 6 9 8 7 11 1 5 0
swap 386 3 10 2 4 6 8 9 11 7 5 1 0
swap 387 3 10 2 4 8 6 11 9 5 7 0 1
swap 388 3 10 2 8 4 11 6 9 5 0 7 1
swap 389 3 10 2 8 11 4 9 6 0 5 7 1
swap 390 3 2 10 11 8 9 4 0 6 5 7 1
swap 391 3 2 11 10 9 8 0 4 6 5 1 7
swap 392 3 2 11 10 9 8 0 6 4 1 5 7
swap 393 3 2 10 11 8 9 6 0 1 4 7 5
swap 394 3 10 2 8 11 6 9 1 0 7 4 5
swap 395 3 10 8 2 11 6 9 1 0 7 5 4
swap 396 3 8 10 11 2 6 9 0 1 5 7 4
swap 397 3 8 10 11 2 6 0 9 1 5 4 7
swap 398 3 8 10 2 11 6 0 1 9 4 5 7
swap 399 8 3 10 2 6 11 1 0 9 4 7 5
swap 400 8 10 3 6 2 1 11 9 0 7 4 5
swap 401 10 8 3 6 1 2 9 11 7 0 5 4
swap 402 10 3 8 6 1 2 9 7 11 0 5 4
swap 403 10 3 8 6 2 1 7 9 0 11 5 4
swap 404 10 3 8 2 6 7 1 0 9 5 11 4
swap 405 3 10 8 2 6 7 0 1 9 5 4 11
swap 406 3 10 8 6 2 0 7 9 1 5 4 11
swap 407 10 3 8 6 0 2 9 7 5 1 4 11
swap 408 10 3 8 0 6 2 9 7 5 4 1 11
swap 409 10 3 0 8 2 6 7 9 5 4 11 1
swap 410 10 0 3 2 8 7 6 5 9 11 4 1
swap 411 10 0 3 2 8 7 5 6 11 9 1 4
swap 412 10 3 0 2 8 5 7 6 11 1 9 4
swap 413 10 3 2 0 5 8 6 7 1 11 4 9
swap 414 10 2 3 0 5 8 6 7 1 4 11 9
swap 415 10 2 3 0 5 8 6 7 1 4 9 11
swap 416 10 2 3 0 5 6 8 7 1 4 9 11
swap 417 10 2 0 3 5 6 7 8 4 1 9 11
swap 418 10 0 2 3 5 6 7 4 8 9 1 11
swap 419 10 0 3 2 5 6 4 7 9 8 11 1
swap 420 10 3 0 2 5 4 6 7 9 11 8 1
swap 421 10 3 2 0 4 5 7 6 11 9 1 8
swap 422 10 2 3 0 4 5 7 11 6 1 9 8
swap 423 10 2 0 3 5 4 7 11 1 6 8 9
swap 424 10 2 0 5 3 7 4 1 11 6 8 9
swap 425 2 10 5 0 3 7 1 4 6 11 9 8
swap 426 2 10 5 0 3 1 7 4 6 9 11 8
swap 427 10 2 5 0 3 1 4 7 6 9 11 8
swap 428 10 2 5 3 0 4 1 6 7 11 9 8
swap 429 10 2 3 5 0 4 6 1 11 7 8 9
swap 430 10 2 3 5 0 6 4 1 11 8 7 9
swap 431 2 10 5 3 6 0 4 1 8 11 7 9
swap 432 2 10 5 6 3 0 4 8 1 7 11 9
swap 433 2 10 6 5 3 0 8 4 1 7 11 9
swap 434 2 10 6 3 5 8 0 4 1 11 7 9
swap 435 10 2 6 3 8 5 4 0 1 11 9 7
swap 436 10 2 6 3 8 4 5 1 0 9 11 7
swap 437 2 10 3 6 4 8 5 1 0 9 7 11
swap 438 2 10 3 6 4 5 8 0 1 7 9 11
swap 439 10 2 3 6 5 4 0 8 7 1 11 9
swap 440 10 2 3 6 5 0 4 8 7 1 11 9
swap 441 2 10 3 6 5 0 8 4 1 7 9 11
swap 442 2 3 10 6 5 8 0 4 1 9 7 11
swap 443 3 2 10 6 8 5 0 4 1 9 11 7
swap 444 3 2 10 8 6 0 5 4 1 11 9 7
swap 445 2 3 8 10 0 6 4 5 11 1 7 9
swap 446 2 8 3 10 0 6 4 11 5 1 7 9
swap 447 8 2 10 3 6 0 4 11 5 1 9 7
swap 448 8 10 2 3 6 4 0 5 11 1 9 7
swap 449 10 8 2 3 4 6 5 0 1 11 7 9
swap 450 10 2 8 3 4 6 5 1 0 11 7 9
swap 451 2 10 8 3 6 4 1 5 0 11 9 7
swap 452 2 10 8 3 6 1 4 0 5 9 11 7
swap 453 10 2 8 3 1 6 0 4 9 5 7 11
swap 454 10 8 2 1 3 0 6 4 9 5 7 11
swap 455 8 10 2 1 3 0 6 4 5 9 11 7
swap 456 8 2 10 3 1 6 0 4 5 9 11 7
swap 457 2 8 10 3 1 6 4 0 9 5 7 11
swap 458 2 10 8 1 3 4 6 9 0 7 5 11
swap 459 10 2 8 1 3 4 9 6 0 7 5 11
swap 460 10 8 2 1 3 4 9 0 6 5 7 11
swap 461 10 8 1 2 4 3 9 0 6 5 11 7
swap 462 10 8 1 2 4 9 3 6 0 11 5 7
swap 463 8 10 2 1 4 9 3 6 11 0 7 5
swap 464 8 10 2 1 4 3 9 11 6 7 0 5
swap 465 10 8 1 2 3 4 9 11 6 7 5 0
swap 466 10 1 8 2 3 4 9 6 11 5 7 0
swap 467 10 1 2 8 3 4 6 9 5 11 0 7
swap 468 10 2 1 8 3 6 4 9 5 11 0 7
swap 469 2 10 1 8 6 3 9 4 11 5 7 0
swap 470 2 10 1 6 8 9 3 4 11 5 7 0
swap 471 10 2 6 1 8 9 4 3 5 11 0 7
swap 472 10 6 2 8 1 4 9 3 5 0 11 7
swap 473 10 6 2 8 1 4 9 3 5 0 7 11
swap 474 10 2 6 1 8 9 4 5 3 0 7 11
swap 475 10 2 1 6 8 9 5 4 3 0 11 7
swap 476 10 2 1 6 8 5 9 3 4 11 0 7
swap 477 2 10 6 1 5 8 3 9 4 11 7 0
swap 478 2 10 6 5 1 3 8 4 9 7 11 0
swap 479 10 2 6 5 1 3 4 8 9 7 0 11
swap 480 10 2 6 1 5 3 4 9 8 0 7 11
swap 481 2 10 6 1 3 5 9 4 0 8 11 7
swap 482 2 10 6 3 1 5 9 4 0 8 11 7
swap 483 10 2 3 6 5 1 4 9 8 0 7 11
swap 484 10 3 2 6 5 4 1 9 8 0 7 11
swap 485 10 3 2 6 5 4 9 1 0 8 11 7
swap 486 10 2 3 5 6 9 4 0 1 11 8 7
swap 487 10 2 5 3 9 6 0 4 11 1 7 8
swap 488 10 2 5 3 9 0 6 4 11 1 7 8
swap 489 10 2 3 5 0 9 4 6 1 11 8 7
swap 490 10 2 3 5 0 4 9 1 6 11 8 7
swap 491 2 10 5 3 0 4 9 1 11 6 7 8
swap 492 2 10 5 3 0 9 4 11 1 7 6 8
swap 493 10 2 3 5 9 0 4 11 1 7 6 8
swap 494 10 2 3 5 9 4 0 1 11 6 7 8
swap 495 10 2 3 5 4 9 0 1 6 11 7 8
swap 496 10 3 2 5 4 0 9 6 1 7 11 8
swap 497 10 3 2 5 0 4 6 9 7 1 11 8
swap 498 10 2 3 0 5 6 4 9 7 11 1 8
swap 499 10 2 3 0 6 5 9 4 11 7 1 8
swap 500 10 2 3 6 0 9 5 11 4 1 7 8
swap 501 10 2 3 6 0 9 5 11 4 1 8 7
swap 502 10 3 2 0 6 5 9 4 11 8 1 7
swap 503 10 3 2 0 5 6 9 4 8 11 7 1
swap 504 10 2 3 5 0 6 9 8 4 7 11 1
swap 505 10 2 3 5 6 0 9 8 4 7 1 11
swap 506 10 3 2 6 5 9 0 4 8 1 7 11
swap 507 10 3 6 2 5 9 4 0 1 8 7 11
swap 508 10 6 3 2 5 9 4 0 1 7 8 11
swap 509 10 6 2 3 9 5 4 0 1 7 11 8
swap 510 10 2 6 3 9 4 5 1 0 11 7 8
swap 511 10 2 3 6 4 9 1 5 11 0 8 7
swap 512 10 3 2 4 6 1 9 5 11 0 8 7
swap 513 10 3 2 4 6 1 5 9 0 11 7 8
swap 514 10 2 3 6 4 1 5 0 9 11 7 8
swap 515 2 10 3 6 4 1 5 0 11 9 8 7
swap 516 2 10 3 4 6 5 1 11 0 8 9 7
swap 517 10 2 3 4 5 6 1 11 8 0 7 9
swap 518 10 2 3 4 5 6 1 8 11 7 0 9
swap 519 2 10 3 4 6 5 8 1 7 11 9 0
swap 520 2 3 10 4 6 8 5 7 1 9 11 0
swap 521 3 2 10 4 8 6 7 5 1 9 11 0
swap 522 3 10 2 4 8 6 7 1 5 11 9 0
swap 523 10 3 2 4 6 8 1 7 5 11 0 9
swap 524 10 2 3 4 6 1 8 5 7 11 0 9
swap 525 2 10 4 3 1 6 5 8 11 7 9 0
swap 526 2 10 4 1 3 6 5 8 11 7 9 0
swap 527 2 10 4 1 3 6 8 5 11 7 0 9
swap 528 2 10 4 1 3 6 8 11 5 0 7 9
swap 529 10 2 4 1 6 3 11 8 5 0 9 7
swap 530 10 2 4 6 1 3 11 8 5 9 0 7
swap 531 2 10 6 4 3 1 8 11 9 5 7 0
swap 532 2 6 10 4 3 8 1 9 11 7 5 0
swap 533 2 6 10 4 8 3 9 1 11 7 0 5
swap 534 2 6 10 8 4 9 3 11 1 0 7 5
swap 535 2 6 8 10 4 9 11 3 0 1 7 5
swap 536 2 6 8 10 4 9 11 0 3 7 1 5
swap 537 2 6 10 8 4 9 0 11 3 7 1 5
swap 538 2 10 6 8 4 0 9 3 11 1 7 5
swap 539 10 2 6 8 4 0 9 3 11 1 5 7
swap 540 10 2 6 8 4 9 0 11 3 5 1 7
swap 541 10 2 8 6 4 9 11 0 5 3 1 7
swap 542 10 8 2 6 4 11 9 0 5 1 3 7
swap 543 10 8 6 2 4 11 9 0 1 5 3 7
swap 544 10 6 8 2 4 9 11 1 0 3 5 7
swap 545 10 6 8 2 4 9 11 1 3 0 5 7
swap 546 10 6 8 4 2 9 11 3 1 5 0 7
swap 547 10 6 4 8 9 2 11 3 5 1 7 0
swap 548 10 6 4 8 9 2 11 5 3 1 7 0
swap 549 10 6 4 8 9 2 5 11 1 3 0 7
swap 550 10 6 4 9 8 5 2 11 1 0 3 7
swap 551 10 6 4 9 8 5 2 11 0 1 3 7
swap 552 10 6 4 8 9 5 2 0 11 3 1 7
swap 553 6 10 8 4 5 9 0 2 3 11 7 1
swap 554 6 10 8 4 5 0 9 3 2 11 7 1
swap 555 10 6 8 4 0 5 9 3 11 2 1 7
swap 556 10 6 8 0 4 9 5 3 11 1 2 7
swap 557 10 6 8 0 9 4 3 5 11 1 7 2
swap 558 10 8 6 0 9 3 4 11 5 7 1 2
swap 559 8 10 0 6 9 3 11 4 7 5 2 1
swap 560 8 10 0 6 9 3 11 7 4 5 2 1
swap 561 10 8 6 0 9 3 7 11 4 5 1 2
swap 562 10 6 8 9 0 7 3 4 11 1 5 2
swap 563 6 10 8 9 0 7 4 3 11 1 2 5
swap 564 6 8 10 0 9 4 7 11 3 2 1 5
swap 565 8 6 10 0 4 9 11 7 3 2 1 5
swap 566 8 10 6 0 4 9 11 3 7 1 2 5
swap 567 10 8 0 6 9 4 3 11 1 7 5 2
swap 568 10 8 0 6 9 4 3 11 1 7 5 2
swap 569 8 10 6 0 4 9 11 3 7 1 5 2
swap 570 8 10 6 4 0 9 11 3 7 5 1 2
swap 571 10 8 6 4 9 0 3 11 5 7 2 1
swap 572 10 8 6 9 4 3 0 5 11 7 2 1
swap 573 8 10 9 6 4 3 5 0 11 7 1 2
swap 574 8 9 10 6 4 3 5 11 0 1 7 2
swap 575 8 9 6 10 3 4 11 5 0 1 7 2
swap 576 8 9 6 10 3 4 11 0 5 7 1 2
swap 577 9 8 10 6 4 3 0 11 5 7 2 1
swap 578 9 10 8 6 4 0 3 11 5 2 7 1
swap 579 10 9 8 6 0 4 11 3 5 2 7 1
swap 580 10 9 8 6 0 11 4 5 3 7 2 1
swap 581 10 9 8 6 11 0 4 5 3 7 1 2
swap 582 10 8 9 6 11 0 4 3 5 7 1 2
swap 583 10 8 6 9 0 11 3 4 5 7 1 2
swap 584 10 8 6 9 0 3 11 5 4 1 7 2
swap 585 10 8 9 6 0 3 11 5 1 4 2 7
swap 586 10 9 8 0 6 11 3 1 5 4 2 7
swap 587 10 9 8 0 6 11 1 3 4 5 7 2
swap 588 10 9 8 6 0 1 11 4 3 7 5 2
swap 589 10 9 8 6 0 1 11 4 3 7 2 5
swap 590 10 8 9 0 6 11 1 4 3 7 2 5
swap 591 10 8 0 9 6 11 4 1 7 3 5 2
swap 592 10 0 8 9 6 4 11 7 1 3 5 2
swap 593 10 0 8 9 4 6 7 11 1 3 5 2
swap 594 10 0 8 4 9 6 7 11 1 5 3 2
swap 595 0 10 8 4 9 6 11 7 5 1 3 2
swap 596 0 10 8 4 9 6 11 5 7 3 1 2
swap 597 10 0 4 8 6 9 5 11 3 7 2 1
swap 598 10 0 4 8 6 9 5 3 11 2 7 1
swap 599 0 10 4 8 9 6 5 3 2 11 7 1
swap 600 0 10 4 9 8 6 5 3 2 7 11 1
swap 601 10 0 9 4 8 6 5 3 2 7 1 11
swap 602 10 0 9 8 4 5 6 2 3 1 7 11
swap 603 10 0 9 8 4 5 2 6 1 3 7 11
swap 604 10 0 9 4 8 2 5 1 6 3 7 11
swap 605 10 0 9 4 2 8 1 5 6 3 11 7
swap 606 10 0 9 2 4 8 1 6 5 3 11 7
swap 607 10 0 9 2 8 4 6 1 3 5 11 7
swap 608 10 0 9 8 2 4 6 3 1 5 11 7
swap 609 10 0 9 8 4 2 3 6 5 1 7 11
swap 610 10 9 0 4 8 3 2 5 6 7 1 11
swap 611 10 9 0 4 3 8 5 2 7 6 1 11
swap 612 10 0 9 4 3 5 8 7 2 1 6 11
swap 613 0 10 9 4 5 3 7 8 2 1 11 6
swap 614 0 9 10 4 5 7 3 8 2 11 1 6
swap 615 0 9 10 4 7 5 3 8 11 2 6 1
swap 616 0 9 10 4 7 3 5 11 8 2 6 1
swap 617 9 0 4 10 3 7 5 11 8 2 6 1
swap 618 9 0 4 3 10 7 5 8 11 6 2 1
swap 619 9 0 4 3 7 10 5 8 6 11 2 1
swap 620 9 0 4 7 3 10 5 6 8 11 2 1
swap 621 0 9 7 4 10 3 5 6 11 8 1 2
swap 622 0 9 7 10 4 3 5 6 11 8 1 2
swap 623 9 0 7 10 3 4 5 6 8 11 2 1
swap 624 9 0 7 3 10 5 4 8 6 2 11 1
swap 625 0 9 7 3 10 5 4 8 6 2 1 11
swap 626 0 9 7 10 3 4 5 6 8 1 2 11
swap 627 0 9 10 7 4 3 6 5 1 8 11 2
swap 628 0 9 10 7 4 3 6 5 1 11 8 2
swap 629 9 0 7 10 3 4 5 6 11 1 2 8
swap 630 9 0 7 10 3 5 4 11 6 1 2 8
swap 631 0 9 10 7 5 3 11 4 1 6 8 2
swap 632 0 10 9 5 7 3 11 1 4 6 8 2
swap 633 10 0 9 5 7 3 1 11 6 4 2 8
swap 634 10 9 0 7 5 1 3 6 11 2 4 8
swap 635 10 9 0 7 5 1 6 3 2 11 8 4
swap 636 10 0 9 5 7 6 1 3 2 8 11 4
swap 637 10 0 9 5 7 6 1 3 2 8 11 4
swap 638 10 9 0 7 5 1 6 2 3 11 8 4
swap 639 10 9 0 7 1 5 2 6 3 11 8 4
swap 640 10 0 9 1 7 5 2 3 6 8 11 4
swap 641 0 10 9 1 7 5 3 2 8 6 4 11
swap 642 0 10 9 7 1 3 5 2 8 4 6 11
swap 643 10 0 7 9 3 1 2 5 4 8 6 11
swap 644 10 0 7 9 3 2 1 5 4 6 8 11
swap 645 10 0 9 7 2 3 5 1 6 4 11 8
swap 646 10 9 0 2 7 3 5 6 1 11 4 8
swap 647 10 9 0 2 7 3 6 5 1 11 8 4
swap 648 10 9 0 2 7 6 3 5 1 11 8 4
swap 649 10 9 0 2 7 6 5 3 11 1 4 8
swap 650 10 0 9 2 7 6 5 11 3 1 4 8
swap 651 10 0 9 2 7 6 11 5 1 3 8 4
swap 652 10 9 0 2 7 6 11 1 5 3 8 4
swap 653 10 9 0 2 6 7 1 11 3 5 4 8
swap 654 10 0 9 2 6 7 1 3 11 5 4 8
swap 655 10 0 9 2 6 7 3 1 5 11 8 4
swap 656 10 9 0 2 6 3 7 5 1 8 11 4
swap 657 10 9 0 2 3 6 5 7 8 1 11 4
swap 658 10 9 0 3 2 5 6 8 7 11 1 4
swap 659 9 10 0 3 5 2 6 8 7 11 4 1
swap 660 9 10 0 5 3 2 6 7 8 4 11 1
swap 661 9 10 0 5 2 3 7 6 4 8 1 11
swap 662 9 10 0 2 5 3 7 4 6 1 8 11
swap 663 9 10 0 2 3 5 7 4 6 1 11 8
swap 664 9 10 0 2 3 5 7 6 4 11 1 8
swap 665 9 10 0 2 5 3 6 7 11 4 8 1
swap 666 9 10 0 2 5 3 6 11 7 8 4 1
swap 667 10 9 0 2 3 5 11 6 7 8 1 4
swap 668 10 9 0 3 2 11 5 7 6 1 8 4
swap 669 9 10 0 3 2 11 5 7 6 1 4 8
swap 670 9 0 10 3 2 11 5 6 7 4 1 8
swap 671 9 0 10 3 2 11 6 5 4 7 8 1
swap 672 9 10 0 3 2 6 11 4 5 7 8 1
swap 673 9 10 3 0 2 6 4 11 7 5 8 1
swap 674 9 10 3 2 0 4 6 7 11 8 5 1
swap 675 9 10 3 2 0 4 7 6 8 11 1 5
swap 676 9 10 3 0 2 4 7 6 8 11 1 5
swap 677 10 9 0 3 4 2 7 6 11 8 5 1
swap 678 10 9 0 4 3 7 2 11 6 5 8 1
swap 679 9 10 0 4 3 7 11 2 5 6 1 8
swap 680 9 10 0 3 4 7 11 2 5 6 1 8
swap 681 9 10 0 3 4 7 2 11 6 5 1 8
swap 682 9 10 0 4 3 7 2 6 11 1 5 8
swap 683 9 10 0 4 7 3 2 6 1 11 5 8
swap 684 9 10 0 7 4 2 3 1 6 11 5 8
swap 685 10 9 0 7 2 4 3 1 6 11 8 5
swap 686 10 9 0 2 7 3 4 6 1 8 11 5
swap 687 9 10 0 2 3 7 4 6 8 1 5 11
swap 688 9 0 10 3 2 7 4 8 6 1 5 11
swap 689 0 9 10 3 7 2 8 4 1 6 11 5
swap 690 0 10 9 7 3 2 8 1 4 11 6 5
swap 691 0 10 9 7 2 3 8 1 11 4 6 5
swap 692 0 9 10 2 7 8 3 1 11 6 4 5
swap 693 9 0 10 2 7 8 1 3 6 11 4 5
swap 694 9 0 10 7 2 1 8 3 6 4 11 5
swap 695 9 0 10 7 1 2 3 8 4 6 11 5
swap 696 9 10 0 7 1 3 2 4 8 6 11 5
swap 697 10 9 7 0 1 3 4 2 8 6 5 11
swap 698 10 9 7 0 1 4 3 8 2 6 5 11
swap 699 9 10 0 7 4 1 8 3 2 6 11 5
swap 700 9 10 0 7 4 1 8 3 2 11 6 5
swap 701 10 9 0 7 4 1 3 8 11 2 5 6
swap 702 10 0 9 7 4 3 1 11 8 5 2 6
swap 703 0 10 9 7 4 3 11 1 8 5 6 2
swap 704 0 10 9 7 4 3 11 1 8 6 5 2
swap 705 10 0 9 7 3 4 1 11 6 8 5 2
swap 706 10 9 0 3 7 1 4 6 11 5 8 2
swap 707 10 9 0 3 7 1 6 4 11 5 8 2
swap 708 10 9 0 3 7 6 1 11 4 8 5 2
swap 709 10 9 3 0 6 7 11 1 4 8 2 5
swap 710 10 9 3 0 6 7 11 4 1 2 8 5
swap 711 10 9 0 3 6 7 4 11 1 2 5 8
swap 712 10 9 0 3 6 7 4 11 1 5 2 8
swap 713 10 9 3 0 6 7 11 4 1 5 8 2
swap 714 10 9 3 6 0 11 7 1 4 8 5 2
swap 715 10 9 6 3 0 11 7 1 8 4 2 5
swap 716 10 9 6 3 0 7 11 1 8 2 4 5
swap 717 10 9 3 6 0 7 1 11 2 8 4 5
swap 718 10 3 9 0 6 1 7 11 2 4 8 5
swap 719 10 3 0 9 1 6 7 11 2 4 5 8
swap 720 10 3 0 9 1 7 6 2 11 5 4 8
swap 721 10 3 9 0 7 1 6 2 5 11 4 8
swap 722 10 9 3 7 0 6 1 5 2 11 4 8
swap 723 10 9 3 7 6 0 5 1 2 11 4 8
swap 724 10 3 9 6 7 0 5 2 1 4 11 8
swap 725 10 3 6 9 0 7 5 2 4 1 11 8
swap 726 10 3 6 9 0 7 5 2 4 11 1 8
swap 727 10 3 9 6 7 0 2 5 11 4 1 8
swap 728 10 9 3 7 6 2 0 5 11 1 4 8
swap 729 10 9 3 7 2 6 5 0 1 11 4 8
swap 730 10 3 9 2 7 5 6 1 0 4 11 8
swap 731 10 3 9 2 5 7 6 1 0 4 11 8
swap 732 10 9 3 2 5 6 7 0 1 4 11 8
swap 733 10 9 2 3 6 5 0 7 4 1 11 8
swap 734 10 2 9 3 6 0 5 4 7 11 1 8
swap 735 10 2 3 9 6 0 4 5 7 11 8 1
swap 736 10 3 2 9 6 4 0 7 5 11 8 1
swap 737 10 3 9 2 4 6 7 0 11 5 1 8
swap 738 10 3 9 4 2 7 6 0 11 1 5 8
swap 739 3 10 4 9 7 2 0 6 1 11 8 5
swap 740 3 4 10 9 7 0 2 1 6 11 8 5
swap 741 4 3 10 9 0 7 2 1 6 11 5 8
swap 742 4 10 3 9 0 2 7 6 1 5 11 8
swap 743 4 10 3 9 2 0 6 7 5 1 8 11
swap 744 4 10 3 9 2 6 0 5 7 8 1 11
swap 745 10 4 3 9 6 2 0 5 8 7 11 1
swap 746 10 4 3 9 6 0 2 8 5 7 11 1
swap 747 10 4 9 3 0 6 8 2 7 5 11 1
swap 748 10 9 4 0 3 6 8 2 7 11 5 1
swap 749 10 9 0 4 3 6 2 8 11 7 1 5
swap 750 10 0 9 4 3 2 6 11 8 1 7 5
swap 751 10 0 4 9 3 2 6 11 1 8 5 7
swap 752 10 4 0 3 9 2 6 1 11 5 8 7
swap 753 4 10 0 3 9 2 1 6 11 5 7 8
swap 754 4 0 10 9 3 1 2 11 6 5 7 8
swap 755 0 4 10 9 1 3 11 2 6 5 8 7
swap 756 0 10 4 9 1 11 3 6 2 5 8 7
swap 757 10 0 9 4 1 11 6 3 5 2 7 8
swap 758 10 9 0 4 1 6 11 3 5 2 7 8
swap 759 9 10 0 4 1 6 11 3 5 2 8 7
swap 760 9 10 0 1 4 11 6 5 3 8 2 7
swap 761 10 9 0 1 4 11 5 6 8 3 7 2
swap 762 10 9 0 4 1 5 11 6 8 7 3 2
swap 763 9 10 4 0 1 5 6 11 7 8 3 2
swap 764 9 10 4 1 0 6 5 7 11 3 8 2
swap 765 9 10 4 1 6 0 5 7 3 11 8 2
swap 766 9 10 4 6 1 0 5 3 7 11 8 2
swap 767 9 10 6 4 0 1 5 3 11 7 2 8
swap 768 9 10 6 4 0 1 5 11 3 2 7 8
swap 769 10 9 4 6 0 1 11 5 3 2 8 7
swap 770 10 9 4 6 0 1 11 5 3 8 2 7
swap 771 9 10 4 6 0 1 11 5 8 3 2 7
swap 772 9 10 4 0 6 11 1 8 5 3 2 7
swap 773 9 10 0 4 6 11 8 1 3 5 7 2
swap 774 9 10 0 6 4 8 11 3 1 5 7 2
swap 775 9 10 6 0 4 8 3 11 1 5 2 7
swap 776 9 10 6 4 0 3 8 1 11 5 2 7
swap 777 10 9 4 6 0 3 1 8 5 11 7 2
swap 778 10 9 4 6 0 1 3 8 5 7 11 2
swap 779 9 10 6 4 0 1 3 8 5 7 2 11
swap 780 9 10 6 0 4 3 1 5 8 2 7 11
swap 781 10 9 0 6 4 3 5 1 2 8 11 7
swap 782 10 0 9 4 6 5 3 1 2 11 8 7
swap 783 0 10 4 9 6 5 3 1 11 2 7 8
swap 784 0 10 4 9 6 3 5 11 1 2 7 8
swap 785 10 0 9 4 6 3 11 5 2 1 7 8
swap 786 10 9 0 4 6 11 3 5 2 1 7 8
swap 787 10 9 4 0 6 11 5 3 1 2 8 7
swap 788 10 4 9 0 6 5 11 1 3 2 8 7
swap 789 10 4 0 9 5 6 11 1 2 3 7 8
swap 790 10 4 0 9 5 11 6 1 2 7 3 8
swap 791 10 4 9 0 11 5 6 1 7 2 8 3
swap 792 10 9 4 0 11 6 5 7 1 8 2 3
swap 793 10 9 4 0 11 6 7 5 8 1 3 2
swap 794 10 4 9 11 0 7 6 5 8 1 3 2
swap 795 4 10 11 9 7 0 5 6 1 8 2 3
swap 796 4 11 10 9 7 0 5 1 6 8 2 3
swap 797 4 11 10 9 0 7 1 5 8 6 3 2
swap 798 4 10 11 0 9 1 7 5 8 6 3 2
swap 799 10 4 0 11 9 1 5 7 8 6 3 2
swap 800 10 0 4 9 11 5 1 7 8 6 3 2
swap 801 0 10 4 9 11 5 1 7 6 8 2 3
swap 802 0 10 4 9 11 5 1 7 6 8 2 3
swap 803 10 0 4 9 11 5 7 1 6 8 2 3
swap 804 10 4 0 9 11 5 7 1 6 2 8 3
swap 805 10 4 9 0 11 5 1 7 6 2 3 8
swap 806 10 9 4 11 0 1 5 7 6 3 2 8
swap 807 10 9 4 11 1 0 5 7 6 3 8 2
swap 808 10 4 9 1 11 5 0 7 6 8 3 2
swap 809 10 4 9 1 5 11 0 7 8 6 3 2
swap 810 10 4 9 5 1 0 11 8 7 3 6 2
swap 811 10 4 9 5 0 1 11 8 3 7 6 2
swap 812 10 9 4 5 0 11 1 3 8 7 6 2
swap 813 9 10 4 5 0 11 1 3 7 8 6 2
swap 814 9 10 4 0 5 11 1 7 3 6 8 2
swap 815 10 9 4 0 11 5 7 1 6 3 2 8
swap 816 10 4 9 11 0 5 7 6 1 3 2 8
swap 817 4 10 9 11 0 5 7 6 1 3 8 2
swap 818 4 9 10 0 11 5 7 6 1 8 3 2
swap 819 9 4 0 10 11 5 6 7 1 8 2 3
swap 820 9 0 4 10 11 6 5 7 1 2 8 3
swap 821 9 0 10 4 11 6 5 7 1 2 8 3
swap 822 9 0 10 4 11 6 5 1 7 2 8 3
swap 823 0 9 10 4 6 11 5 1 2 7 3 8
swap 824 0 9 10 4 6 5 11 2 1 3 7 8
swap 825 9 0 4 10 5 6 2 11 1 3 8 7
swap 826 9 0 4 10 5 2 6 1 11 8 3 7
swap 827 0 9 4 10 5 2 1 6 8 11 7 3
swap 828 0 4 9 5 10 2 1 8 6 7 11 3
swap 829 4 0 9 5 10 2 8 1 6 7 3 11
swap 830 4 9 0 10 5 2 8 6 1 3 7 11
swap 831 9 4 0 10 5 2 6 8 1 3 11 7
swap 832 9 0 4 5 10 6 2 8 1 11 3 7
swap 833 0 9 4 5 6 10 8 2 11 1 7 3
swap 834 0 9 4 6 5 10 8 2 11 1 7 3
swap 835 9 0 4 6 5 10 2 8 1 11 3 7
swap 836 9 0 4 5 6 2 10 8 1 11 3 7
swap 837 9 0 5 4 6 2 8 10 11 1 7 3
swap 838 9 0 5 4 6 8 2 10 11 1 7 3
swap 839 0 9 5 4 6 8 2 10 1 11 3 7
swap 840 0 9 5 6 4 2 8 10 1 11 3 7
swap 841 9 0 5 6 4 2 8 10 1 11 7 3
swap 842 9 5 0 4 6 8 2 1 10 7 11 3
swap 843 5 9 4 0 8 6 1 2 7 10 11 3
swap 844 5 9 4 0 8 1 6 7 2 10 11 3
swap 845 9 5 0 4 1 8 7 6 2 10 3 11
swap 846 9 0 5 4 1 7 8 2 6 10 3 11
swap 847 0 9 5 4 7 1 2 8 10 6 3 11
swap 848 0 5 9 7 4 2 1 10 8 6 3 11
swap 849 0 5 9 7 2 4 10 1 6 8 3 11
swap 850 0 5 9 2 7 4 10 6 1 3 8 11
swap 851 5 0 9 2 4 7 10 6 3 1 8 11
swap 852 5 0 9 4 2 7 10 3 6 8 1 11
swap 853 0 5 9 4 7 2 10 3 8 6 11 1
swap 854 0 5 9 7 4 10 2 8 3 11 6 1
swap 855 0 5 7 9 4 10 8 2 3 11 6 1
swap 856 0 7 5 9 4 10 8 3 2 6 11 1
swap 857 0 7 9 5 10 4 3 8 2 6 1 11
swap 858 0 9 7 10 5 3 4 2 8 1 6 11
swap 859 9 0 10 7 5 3 4 2 1 8 11 6
swap 860 9 0 10 5 7 4 3 1 2 8 11 6
swap 861 9 0 5 10 4 7 1 3 2 8 6 11
swap 862 9 0 5 4 10 1 7 2 3 8 6 11
swap 863 0 9 4 5 10 1 2 7 3 8 11 6
swap 864 0 4 9 10 5 2 1 7 3 8 11 6
swap 865 0 4 10 9 2 5 7 1 8 3 6 11
swap 866 0 4 10 9 2 5 7 8 1 3 6 11
swap 867 4 0 9 10 5 2 8 7 3 1 11 6
swap 868 4 9 0 5 10 8 2 7 3 11 1 6
swap 869 9 4 0 5 10 8 2 7 11 3 6 1
swap 870 9 0 4 10 5 2 8 11 7 6 3 1
swap 871 9 0 10 4 2 5 11 8 6 7 3 1
swap 872 9 10 0 4 2 11 5 6 8 3 7 1
swap 873 9 10 4 0 2 11 5 6 3 8 1 7
swap 874 9 4 10 2 0 5 11 3 6 1 8 7
swap 875 9 4 10 2 5 0 11 3 6 1 7 8
swap 876 9 10 4 5 2 11 0 3 6 7 1 8
swap 877 10 9 5 4 11 2 0 3 7 6 8 1
swap 878 10 9 5 11 4 2 0 3 7 8 6 1
swap 879 10 9 5 11 4 2 0 3 8 7 1 6
swap 880 10 9 5 4 11 0 2 8 3 1 7 6
swap 881 9 10 4 5 0 11 2 8 3 1 6 7
swap 882 9 10 4 0 5 11 2 3 8 6 1 7
swap 883 10 9 4 0 5 11 3 2 8 6 7 1
swap 884 10 9 4 5 0 3 11 8 2 7 6 1
swap 885 9 10 5 4 3 0 8 11 2 7 1 6
swap 886 9 10 5 4 3 0 8 11 2 1 7 6
swap 887 9 10 4 5 0 3 11 8 2 1 6 7
swap 888 9 4 10 5 0 11 3 2 8 1 6 7
swap 889 9 4 10 5 0 11 2 3 8 1 7 6
swap 890 9 10 4 5 0 2 11 8 3 7 1 6
swap 891 9 10 4 5 2 0 8 11 3 7 6 1
swap 892 9 10 4 5 2 0 8 3 11 6 7 1
swap 893 9 10 5 4 0 2 3 8 11 6 1 7
swap 894 9 10 5 0 4 3 2 11 8 1 6 7
swap 895 9 10 5 0 4 3 2 11 1 8 7 6
swap 896 9 10 5 4 0 2 3 1 11 8 7 6
swap 897 10 9 4 5 2 0 1 3 8 11 6 7
swap 898 10 9 4 5 2 0 1 3 8 11 6 7
swap 899 10 9 4 5 0 2 3 1 8 11 7 6
swap 900 10 9 4 5 0 3 2 8 1 7 11 6
swap 901 9 10 4 5 3 0 8 2 1 7 11 6
swap 902 9 10 4 3 5 0 8 1 2 11 7 6
swap 903 9 10 4 3 0 5 1 8 2 11 6 7
swap 904 9 4 10 0 3 1 5 2 8 6 11 7
swap 905 4 9 10 0 1 3 2 5 6 8 7 11
swap 906 4 9 10 1 0 3 2 5 6 8 7 11
swap 907 9 4 1 10 0 3 5 2 8 6 7 11
swap 908 9 4 1 10 0 5 3 2 8 7 6 11
swap 909 4 9 1 10 0 5 2 3 7 8 11 6
swap 910 4 1 9 10 0 2 5 3 7 8 11 6
swap 911 4 1 10 9 2 0 3 5 8 7 6 11
swap 912 4 10 1 9 2 3 0 8 5 6 7 11
swap 913 10 4 1 9 3 2 8 0 6 5 11 7
swap 914 10 1 4 3 9 8 2 6 0 11 5 7
swap 915 10 1 4 3 9 8 6 2 0 11 5 7
swap 916 10 4 1 9 3 8 6 0 2 5 11 7
swap 917 10 4 1 9 8 3 0 6 2 5 7 11
swap 918 10 1 4 8 9 0 3 2 6 7 5 11
swap 919 1 10 4 8 0 9 2 3 7 6 11 5
swap 920 1 10 4 0 8 9 2 3 7 11 6 5
swap 921 10 1 4 0 9 8 2 3 11 7 5 6
swap 922 10 1 4 9 0 2 8 11 3 5 7 6
swap 923 1 10 4 9 2 0 11 8 5 3 6 7
swap 924 1 4 10 9 2 0 11 5 8 6 3 7
swap 925 1 4 10 9 0 2 5 11 8 6 7 3
swap 926 1 10 4 9 0 2 5 11 8 7 6 3
swap 927 10 1 9 4 2 0 5 11 8 7 3 6
swap 928 10 1 9 2 4 0 5 8 11 7 3 6
swap 929 10 1 2 9 0 4 8 5 7 11 6 3
swap 930 10 2 1 9 0 4 8 5 7 11 6 3
swap 931 2 10 9 1 0 4 8 5 11 7 6 3
swap 932 2 10 9 0 1 4 8 5 11 6 7 3
swap 933 10 2 0 9 4 1 8 5 11 6 7 3
swap 934 10 2 0 9 4 1 8 5 11 7 6 3
swap 935 2 10 9 0 4 1 8 5 7 11 6 3
swap 936 2 10 9 4 0 8 1 5 7 6 11 3
swap 937 10 2 4 9 0 8 5 1 7 6 3 11
swap 938 10 2 4 9 0 8 5 7 1 3 6 11
swap 939 2 10 9 4 0 8 7 5 3 1 11 6
swap 940 2 10 9 0 4 8 7 3 5 11 1 6
swap 941 10 2 0 9 8 4 3 7 5 11 6 1
swap 942 10 2 0 9 8 4 3 5 7 6 11 1
swap 943 2 10 9 0 4 8 5 3 7 6 1 11
swap 944 2 10 9 0 4 8 5 3 7 1 6 11
swap 945 10 2 9 0 4 8 5 3 1 7 6 11
swap 946 10 2 9 4 0 5 8 3 1 6 7 11
swap 947 2 10 4 9 0 5 8 3 6 1 7 11
swap 948 2 4 10 0 9 8 5 6 3 7 1 11
swap 949 4 2 0 10 9 8 5 6 7 3 11 1
swap 950 4 2 0 10 9 5 8 7 6 3 11 1
swap 951 2 4 10 0 9 5 8 7 6 3 1 11
swap 952 2 4 10 9 0 5 8 6 7 3 1 11
swap 953 4 2 10 9 0 5 6 8 3 7 11 1
swap 954 4 10 2 0 9 6 5 3 8 7 11 1
swap 955 4 10 2 0 6 9 3 5 8 7 1 11
swap 956 4 2 10 6 0 9 3 8 5 7 1 11
swap 957 4 2 10 6 0 9 8 3 5 7 1 11
swap 958 4 10 2 0 6 8 9 5 3 1 7 11
swap 959 4 10 0 2 6 8 5 9 1 3 7 11
swap 960 4 0 10 2 6 8 5 1 9 3 7 11
swap 961 4 0 10 2 8 6 5 1 3 9 11 7
swap 962 4 10 0 2 8 6 5 1 3 11 9 7
swap 963 4 10 0 2 6 8 5 1 3 11 7 9
swap 964 4 0 10 6 2 8 5 3 1 7 11 9
swap 965 4 0 10 6 2 8 5 3 7 1 11 9
swap 966 4 10 0 2 6 5 8 7 3 1 11 9
swap 967 4 10 2 0 5 6 7 8 1 3 9 11
swap 968 4 10 2 5 0 7 6 1 8 9 3 11
swap 969 10 4 5 2 7 0 6 1 8 9 3 11
swap 970 10 5 4 2 7 0 6 8 1 3 9 11
swap 971 5 10 2 4 0 7 8 6 1 3 11 9
swap 972 5 2 10 4 0 8 7 1 6 11 3 9
swap 973 2 5 10 4 0 8 1 7 11 6 9 3
swap 974 2 5 10 4 0 1 8 11 7 9 6 3
swap 975 5 2 4 10 1 0 8 11 7 9 3 6
swap 976 5 2 4 1 10 0 8 7 11 9 3 6
swap 977 5 2 1 4 0 10 7 8 9 11 6 3
swap 978 5 2 1 0 4 7 10 9 8 11 6 3
swap 979 2 5 0 1 4 7 9 10 11 8 3 6
swap 980 2 0 5 4 1 9 7 11 10 3 8 6
swap 981 0 2 5 4 9 1 11 7 3 10 8 6
swap 982 0 2 5 4 9 1 11 7 3 10 8 6
swap 983 2 0 4 5 1 9 7 11 3 10 8 6
swap 984 2 0 4 5 1 9 7 3 11 10 8 6
swap 985 2 0 5 4 9 1 3 7 10 11 6 8
swap 986 2 0 5 4 9 1 3 10 7 6 11 8
swap 987 2 0 4 5 9 1 10 3 7 6 11 8
swap 988 2 4 0 9 5 1 10 7 3 11 6 8
swap 989 4 2 0 9 1 5 7 10 11 3 8 6
swap 990 4 2 0 1 9 5 7 11 10 3 8 6
swap 991 2 4 1 0 9 5 11 7 3 10 6 8
swap 992 2 4 1 9 0 5 11 3 7 6 10 8
swap 993 4 2 9 1 0 5 3 11 6 7 10 8
swap 994 4 2 9 0 1 5 3 6 11 10 7 8
swap 995 2 4 0 9 1 5 6 3 10 11 8 7
swap 996 2 0 4 1 9 5 6 10 3 8 11 7
swap 997 0 2 4 1 5 9 6 10 8 3 11 7
swap 998 0 4 2 1 5 9 6 8 10 11 3 7
swap 999 0 4 1 2 9 5 8 6 11 10 7 3
swap 1000 0 4 1 2 9 5 8 11 6 7 10 3
swap 1001 4 0 2 1 9 5 8 11 7 6 3 10
swap 1002 4 0 2 1 9 8 5 7 11 6 3 10
swap 1003 0 4 2 1 9 8 5 7 6 11 10 3
swap 1004 0 2 4 1 9 8 5 6 7 10 11 3
swap 1005 0 2 4 1 8 9 5 6 10 7 11 3
swap 1006 0 4 2 8 1 5 9 6 10 11 7 3
swap 1007 0 4 2 8 5 1 9 6 11 10 3 7
swap 1008 0 4 2 8 5 9 1 6 11 3 10 7
swap 1009 0 4 2 8 9 5 1 6 3 11 10 7
swap 1010 0 4 2 9 8 1 5 6 3 11 10 7
swap 1011 0 4 2 9 1 8 6 5 11 3 7 10
swap 1012 0 4 2 1 9 6 8 5 11 3 7 10
swap 1013 0 4 2 1 9 6 5 8 3 11 10 7
swap 1014 0 4 2 1 9 5 6 3 8 10 11 7
swap 1015 0 4 1 2 9 5 3 6 8 10 7 11
swap 1016 0 4 1 2 9 5 3 6 8 10 7 11
swap 1017 0 4 2 1 9 5 6 3 10 8 11 7
swap 1018 0 4 2 9 1 5 6 10 3 11 8 7
swap 1019 0 4 9 2 1 5 10 6 3 11 7 8
swap 1020 0 4 9 1 2 10 5 3 6 11 7 8
swap 1021 4 0 9 1 2 10 3 5 6 11 8 7
swap 1022 4 9 0 2 1 10 3 6 5 11 8 7
swap 1023 4 9 0 2 1 10 3 6 11 5 7 8
swap 1024 4 0 9 2 1 3 10 6 11 7 5 8
swap 1025 0 4 2 9 3 1 6 10 11 7 8 5
swap 1026 0 4 2 3 9 1 6 11 10 8 7 5
swap 1027 4 0 3 2 1 9 11 6 10 8 5 7
swap 1028 4 0 3 2 1 9 11 10 6 5 8 7
swap 1029 0 4 2 3 1 9 10 11 5 6 8 7
swap 1030 0 4 2 1 3 9 10 5 11 8 6 7
swap 1031 0 4 1 2 9 3 5 10 8 11 7 6
swap 1032 0 1 4 9 2 3 5 10 8 7 11 6
swap 1033 1 0 9 4 3 2 10 5 7 8 6 11
swap 1034 1 0 9 3 4 2 10 5 7 6 8 11
swap 1035 0 1 3 9 2 4 5 10 6 7 11 8
swap 1036 0 3 1 9 2 4 5 10 6 11 7 8
swap 1037 3 0 1 9 4 2 10 5 11 6 8 7
swap 1038 3 0 1 4 9 2 10 11 5 6 8 7
swap 1039 0 3 1 4 2 9 11 10 5 6 7 8
swap 1040 0 3 1 2 4 9 11 5 10 7 6 8
swap 1041 3 0 1 2 4 9 5 11 7 10 8 6
swap 1042 3 0 1 4 2 9 5 7 11 8 10 6
swap 1043 3 0 4 1 2 9 7 5 8 11 10 6
swap 1044 3 4 0 1 2 7 9 8 5 11 10 6
swap 1045 4 3 0 1 2 7 8 9 11 5 10 6
swap 1046 4 3 0 1 2 8 7 9 11 5 10 6
swap 1047 3 4 1 0 8 2 9 7 11 5 6 10
swap 1048 3 4 1 8 0 9 2 7 11 6 5 10
swap 1049 4 3 1 8 0 9 7 2 6 11 10 5
swap 1050 4 3 1 0 8 7 9 6 2 10 11 5
swap 1051 3 4 0 1 8 7 9 6 10 2 5 11
swap 1052 3 4 0 1 8 7 9 10 6 2 5 11
swap 1053 3 4 1 0 8 7 9 10 6 2 11 5
swap 1054 3 4 1 0 8 9 7 6 10 11 2 5
swap 1055 4 3 0 1 8 9 6 7 11 10 5 2
swap 1056 4 0 3 8 1 6 9 7 11 5 10 2
swap 1057 0 4 3 8 1 6 9 7 5 11 10 2
swap 1058 0 4 3 8 1 9 6 5 7 11 10 2
swap 1059 4 0 8 3 9 1 5 6 11 7 2 10
swap 1060 4 0 8 9 3 5 1 11 6 2 7 10
swap 1061 4 0 9 8 5 3 11 1 2 6 10 7
swap 1062 4 9 0 5 8 11 3 1 2 6 10 7
swap 1063 4 9 0 5 11 8 1 3 6 2 7 10
swap 1064 4 0 9 5 11 1 8 3 6 2 7 10
swap 1065 0 4 5 9 1 11 3 8 6 2 10 7
swap 1066 0 4 5 9 1 11 3 8 6 10 2 7
swap 1067 4 0 9 5 11 1 8 3 10 6 2 7
swap 1068 4 0 9 5 11 8 1 3 10 6 2 7
swap 1069 0 4 5 9 8 11 3 1 10 6 7 2
swap 1070 0 5 4 8 9 11 3 10 1 6 7 2
swap 1071 5 0 4 8 9 11 10 3 1 6 2 7
swap 1072 5 0 4 9 8 10 11 3 1 2 6 7
swap 1073 5 0 9 4 10 8 3 11 2 1 7 6
swap 1074 5 9 0 4 10 3 8 2 11 1 7 6
swap 1075 5 9 4 0 3 10 2 8 11 1 6 7
swap 1076 5 4 9 0 3 10 2 8 11 1 6 7
swap 1077 5 4 0 9 10 3 8 2 1 11 7 6
swap 1078 5 0 4 9 10 8 3 2 1 7 11 6
swap 1079 5 0 4 9 8 10 2 3 7 1 11 6
swap 1080 5 4 0 9 8 2 10 7 3 11 1 6
swap 1081 4 5 0 9 8 2 10 7 11 3 6 1
swap 1082 4 0 5 8 9 10 2 11 7 6 3 1
swap 1083 0 4 5 8 9 10 11 2 7 6 1 3
swap 1084 0 4 5 9 8 10 11 7 2 1 6 3
swap 1085 4 0 5 9 10 8 7 11 1 2 3 6
swap 1086 4 5 0 9 10 7 8 1 11 3 2 6
swap 1087 5 4 0 9 7 10 1 8 3 11 6 2
swap 1088 5 4 0 7 9 10 1 3 8 6 11 2
swap 1089 5 4 7 0 10 9 3 1 8 6 2 11
swap 1090 5 7 4 0 10 9 3 8 1 2 6 11
swap 1091 7 5 4 0 10 9 8 3 1 2 11 6
swap 1092 7 4 5 0 10 9 8 3 1 11 2 6
swap 1093 4 7 5 0 9 10 3 8 11 1 6 2
swap 1094 4 5 7 0 9 3 10 11 8 6 1 2
swap 1095 4 5 0 7 3 9 10 11 6 8 1 2
swap 1096 4 5 0 7 3 9 10 6 11 8 1 2
swap 1097 5 4 0 7 9 3 10 6 8 11 1 2
swap 1098 5 4 0 7 9 3 10 8 6 1 11 2
swap 1099 5 4 7 0 3 9 10 8 1 6 2 11
swap 1100 5 7 4 3 0 10 9 8 1 6 2 11
swap 1101 5 7 4 3 10 0 8 9 1 6 11 2
swap 1102 5 4 7 10 3 0 8 1 9 11 6 2
swap 1103 4 5 10 7 3 0 1 8 9 11 2 6
swap 1104 4 10 5 3 7 1 0 8 9 2 11 6
swap 1105 4 10 5 3 7 1 8 0 2 9 6 11
swap 1106 4 5 10 7 3 1 8 2 0 6 9 11
swap 1107 5 4 10 7 3 1 2 8 0 6 11 9
swap 1108 5 10 4 7 3 2 1 0 8 11 6 9
swap 1109 5 10 4 7 2 3 1 0 11 8 9 6
swap 1110 5 10 4 7 2 3 1 0 11 9 8 6
swap 1111 5 10 4 7 2 3 0 1 9 11 6 8
swap 1112 5 4 10 2 7 0 3 9 1 11 6 8
swap 1113 5 4 10 2 0 7 3 9 11 1 8 6
swap 1114 5 10 4 0 2 7 3 11 9 8 1 6
swap 1115 5 10 4 0 2 7 3 11 8 9 6 1
swap 1116 5 4 10 2 0 7 3 8 11 6 9 1
swap 1117 5 4 10 2 7 0 3 8 11 6 1 9
swap 1118 5 4 10 7 2 3 0 11 8 6 1 9
swap 1119 5 4 10 7 3 2 11 0 8 6 9 1
swap 1120 5 10 4 7 3 11 2 8 0 6 9 1
swap 1121 5 10 4 7 11 3 8 2 6 0 1 9
swap 1122 5 10 4 11 7 8 3 6 2 0 1 9
swap 1123 5 10 11 4 8 7 6 3 0 2 9 1
swap 1124 5 11 10 4 8 7 6 0 3 2 9 1
swap 1125 11 5 10 4 7 8 0 6 3 2 1 9
swap 1126 11 10 5 4 7 0 8 3 6 1 2 9
swap 1127 11 10 5 4 0 7 3 8 1 6 9 2
swap 1128 11 5 10 4 0 3 7 8 1 9 6 2
swap 1129 5 11 4 10 0 3 7 8 1 9 2 6
swap 1130 5 4 11 10 0 7 3 8 1 2 9 6
swap 1131 4 5 11 10 7 0 8 3 1 2 9 6
swap 1132 4 11 5 10 7 8 0 3 1 9 2 6
swap 1133 4 11 10 5 8 7 3 0 9 1 6 2
swap 1134 4 10 11 5 8 3 7 9 0 6 1 2
swap 1135 10 4 5 11 8 3 9 7 6 0 1 2
swap 1136 10 5 4 8 11 9 3 6 7 1 0 2
swap 1137 5 10 8 4 9 11 3 6 7 1 0 2
swap 1138 5 10 8 4 9 11 3 7 6 0 1 2
swap 1139 10 5 4 8 11 9 7 3 0 6 1 2
swap 1140 10 4 5 8 11 7 9 3 0 6 1 2
swap 1141 10 4 8 5 11 7 3 9 6 0 2 1
swap 1142 10 8 4 5 11 3 7 6 9 0 2 1
swap 1143 8 10 5 4 11 3 7 6 9 0 1 2
swap 1144 8 10 5 11 4 7 3 9 6 1 0 2
swap 1145 8 10 11 5 4 7 3 9 1 6 2 0
swap 1146 8 11 10 5 4 3 7 9 1 2 6 0
swap 1147 11 8 5 10 3 4 9 7 2 1 6 0
swap 1148 11 8 5 3 10 9 4 7 2 1 6 0
swap 1149 8 11 5 3 9 10 7 4 1 2 6 0
swap 1150 8 5 11 3 9 10 7 1 4 6 2 0
swap 1151 5 8 11 3 10 9 1 7 4 6 0 2
swap 1152 5 11 8 3 10 1 9 4 7 6 0 2
swap 1153 11 5 3 8 10 1 4 9 7 6 0 2
swap 1154 11 5 3 8 10 1 4 7 9 0 6 2
swap 1155 11 5 3 8 1 10 7 4 9 0 2 6
swap 1156 11 5 3 1 8 7 10 9 4 2 0 6
swap 1157 5 11 1 3 7 8 9 10 2 4 6 0
swap 1158 5 11 1 7 3 8 9 10 2 4 6 0
swap 1159 11 5 7 1 3 8 10 9 4 2 0 6
swap 1160 11 7 5 1 3 8 10 4 9 0 2 6
swap 1161 7 11 1 5 8 3 10 4 9 0 2 6
swap 1162 7 1 11 5 8 3 10 9 4 2 0 6
swap 1163 7 1 11 5 3 8 10 9 2 4 6 0
swap 1164 7 1 11 5 3 10 8 2 9 6 4 0
swap 1165 7 1 5 11 10 3 8 2 9 6 0 4
swap 1166 7 1 5 10 11 3 8 9 2 0 6 4
swap 1167 1 7 10 5 3 11 9 8 0 2 4 6
swap 1168 1 7 10 3 5 9 11 0 8 4 2 6
swap 1169 7 1 10 3 9 5 11 0 8 4 6 2
swap 1170 7 1 10 9 3 5 11 0 8 6 4 2
swap 1171 7 1 9 10 5 3 0 11 6 8 2 4
swap 1172 7 1 9 5 10 0 3 11 6 8 2 4
swap 1173 7 1 9 5 10 0 11 3 8 6 4 2
swap 1174 7 1 9 5 10 0 11 8 3 4 6 2
swap 1175 7 1 5 9 0 10 8 11 4 3 2 6
swap 1176 7 1 5 9 0 8 10 11 4 3 2 6
swap 1177 7 1 9 5 0 8 10 11 3 4 6 2
swap 1178 7 1 9 0 5 10 8 3 11 6 4 2
swap 1179 1 7 0 9 5 10 3 8 11 6 2 4
swap 1180 1 0 7 5 9 3 10 11 8 2 6 4
swap 1181 0 1 7 5 3 9 11 10 2 8 4 6
swap 1182 0 1 7 3 5 9 11 10 2 8 4 6
swap 1183 1 0 7 3 9 5 10 11 8 2 6 4
swap 1184 1 7 0 9 3 10 5 8 11 6 2 4
swap 1185 7 1 0 9 10 3 5 8 6 11 4 2
swap 1186 7 1 0 9 10 5 3 8 6 4 11 2
swap 1187 7 1 9 0 5 10 3 8 4 6 2 11
swap 1188 7 9 1 5 0 10 3 8 4 6 2 11
swap 1189 7 9 1 5 10 0 8 3 4 6 11 2
swap 1190 7 9 1 10 5 8 0 4 3 6 11 2
swap 1191 7 9 1 10 5 8 4 0 3 6 11 2
swap 1192 7 1 9 5 10 8 4 3 0 11 6 2
swap 1193 1 7 9 5 8 10 3 4 11 0 2 6
swap 1194 1 9 7 8 5 3 10 4 11 2 0 6
swap 1195 9 1 7 8 5 3 10 4 2 11 6 0
swap 1196 9 7 1 5 8 3 10 4 2 11 6 0
swap 1197 7 9 5 1 3 8 10 4 11 2 6 0
swap 1198 7 5 9 1 3 10 8 11 4 6 2 0
swap 1199 5 7 9 1 10 3 11 8 6 4 0 2
swap 1200 5 7 9 1 10 3 11 6 8 4 0 2
swap 1201 7 5 9 1 3 10 6 11 4 8 2 0
swap 1202 7 9 5 3 1 6 10 4 11 8 2 0
swap 1203 9 7 3 5 1 6 4 10 8 11 0 2
swap 1204 9 3 7 1 5 6 4 8 10 11 0 2
swap 1205 9 3 7 1 5 6 8 4 11 10 2 0
swap 1206 9 7 3 1 5 8 6 4 11 10 2 0
swap 1207 7 9 1 3 5 8 4 6 10 11 0 2
swap 1208 7 1 9 3 5 4 8 10 6 0 11 2
swap 1209 7 1 3 9 4 5 8 10 6 0 11 2
swap 1210 7 1 3 4 9 8 5 6 10 11 0 2
swap 1211 7 1 4 3 9 8 6 5 11 10 2 0
swap 1212 7 4 1 3 9 6 8 5 11 2 10 0
swap 1213 7 4 1 3 9 6 5 8 2 11 10 0
swap 1214 7 1 4 3 9 6 5 2 8 10 11 0
swap 1215 1 7 4 3 9 6 5 2 10 8 11 0
swap 1216 1 4 7 9 3 6 5 2 10 11 8 0
swap 1217 4 1 7 9 6 3 2 5 10 11 8 0
swap 1218 4 1 7 9 6 3 2 5 10 8 11 0
swap 1219 4 1 7 9 3 6 2 5 8 10 0 11
swap 1220 4 7 1 9 3 2 6 5 8 0 10 11
swap 1221 4 7 1 9 2 3 5 6 0 8 11 10
swap 1222 4 1 7 9 2 5 3 6 0 11 8 10
swap 1223 1 4 7 9 5 2 3 6 11 0 10 8
swap 1224 1 4 7 9 5 3 2 11 6 0 10 8
swap 1225 4 1 7 9 3 5 11 2 0 6 8 10
swap 1226 4 7 1 3 9 11 5 0 2 8 6 10
swap 1227 7 4 3 1 9 11 0 5 2 8 10 6
swap 1228 7 4 3 9 1 0 11 5 2 10 8 6
swap 1229 4 7 3 9 1 0 5 11 10 2 8 6
swap 1230 4 7 3 1 9 5 0 10 11 8 2 6
swap 1231 7 4 1 3 9 5 10 0 8 11 6 2
swap 1232 7 4 1 3 9 5 10 8 0 11 6 2
swap 1233 7 4 3 1 5 9 10 8 11 0 2 6
swap 1234 7 4 3 5 1 9 10 8 11 2 0 6
swap 1235 4 7 5 3 9 1 10 8 2 11 6 0
swap 1236 4 5 7 3 9 10 1 8 2 6 11 0
swap 1237 4 5 3 7 10 9 8 1 6 2 11 0
swap 1238 4 5 3 10 7 8 9 1 6 11 2 0
swap 1239 5 4 3 10 7 8 1 9 6 11 0 2
swap 1240 5 3 4 7 10 1 8 9 6 0 11 2
swap 1241 3 5 4 7 10 1 9 8 0 6 2 11
swap 1242 3 5 4 7 10 9 1 8 0 6 2 11
swap 1243 5 3 7 4 9 10 8 1 6 0 11 2
swap 1244 5 3 7 4 9 10 8 1 6 0 11 2
swap 1245 5 3 4 7 10 9 1 8 0 6 2 11
swap 1246 5 3 4 7 10 1 9 0 8 6 2 11
swap 1247 5 3 4 7 1 10 0 9 8 6 11 2
swap 1248 5 4 3 1 7 0 10 8 9 6 11 2
swap 1249 4 5 1 3 7 0 10 8 6 9 2 11
swap 1250 4 1 5 7 3 0 10 6 8 2 9 11
swap 1251 4 1 7 5 3 0 10 6 8 2 9 11
swap 1252 4 7 1 3 5 0 10 6 8 9 2 11
swap 1253 4 7 1 3 5 0 6 10 8 9 11 2
swap 1254 4 1 7 5 3 0 6 8 10 9 11 2
swap 1255 4 1 7 5 3 0 6 8 10 9 2 11
swap 1256 4 1 7 3 5 6 0 8 10 2 9 11
swap 1257 1 4 7 3 5 6 0 8 10 2 11 9
swap 1258 1 4 7 3 5 0 6 8 10 11 2 9
swap 1259 4 1 3 7 0 5 8 6 10 11 9 2
swap 1260 4 3 1 7 0 5 8 10 6 9 11 2
swap 1261 4 3 7 1 5 0 10 8 6 9 11 2
swap 1262 4 7 3 1 5 0 10 6 8 9 11 2
swap 1263 4 7 1 3 0 5 10 6 9 8 11 2
swap 1264 4 7 1 3 0 5 10 9 6 11 8 2
swap 1265 7 4 1 3 0 5 10 9 6 11 2 8
swap 1266 7 4 1 3 0 10 5 6 9 2 11 8
swap 1267 4 7 3 1 10 0 5 6 9 2 8 11
swap 1268 4 7 3 10 1 0 5 6 9 2 8 11
swap 1269 7 4 3 10 1 0 6 5 2 9 11 8
swap 1270 7 4 3 1 10 6 0 2 5 11 9 8
swap 1271 4 7 1 3 10 6 2 0 5 11 8 9
swap 1272 4 7 1 10 3 2 6 0 5 8 11 9
swap 1273 7 4 1 10 3 2 0 6 5 8 11 9
swap 1274 7 4 1 10 3 0 2 6 5 8 11 9
swap 1275 4 7 1 10 3 0 6 2 5 8 9 11
swap 1276 4 7 1 3 10 6 0 2 5 9 8 11
swap 1277 7 4 1 3 6 10 0 2 5 9 11 8
swap 1278 7 4 1 6 3 10 0 5 2 11 9 8
swap 1279 4 7 6 1 10 3 0 5 2 11 9 8
swap 1280 4 6 7 10 1 0 3 5 2 9 11 8
swap 1281 4 6 7 10 1 0 3 5 9 2 8 11
swap 1282 4 7 6 1 10 0 3 9 5 8 2 11
swap 1283 7 4 6 1 0 10 9 3 8 5 11 2
swap 1284 7 6 4 0 1 10 9 3 8 5 11 2
swap 1285 7 6 4 0 10 1 9 3 5 8 11 2
swap 1286 7 4 6 10 0 9 1 5 3 11 8 2
swap 1287 4 7 6 10 9 0 5 1 11 3 8 2
swap 1288 4 6 7 9 10 5 0 11 1 8 3 2
swap 1289 6 4 7 9 5 10 11 0 8 1 2 3
swap 1290 6 4 7 9 5 10 11 8 0 2 1 3
swap 1291 4 6 9 7 10 5 8 11 2 0 3 1
swap 1292 4 6 9 10 7 8 5 11 2 3 0 1
swap 1293 4 6 9 10 8 7 5 11 3 2 1 0
swap 1294 4 6 9 8 10 7 5 11 3 1 2 0
swap 1295 4 6 9 8 7 10 5 11 1 3 0 2
swap 1296 4 9 6 7 8 5 10 1 11 0 3 2
swap 1297 4 9 7 6 8 5 1 10 11 0 2 3
swap 1298 4 7 9 8 6 1 5 10 11 0 2 3
swap 1299 4 7 8 9 6 1 10 5 0 11 3 2
swap 1300 4 8 7 6 9 10 1 0 5 11 3 2
swap 1301 4 8 6 7 9 10 0 1 5 11 2 3
swap 1302 4 8 6 9 7 0 10 5 1 2 11 3
swap 1303 4 8 9 6 7 0 5 10 2 1 3 11
swap 1304 4 9 8 7 6 5 0 10 2 3 1 11
swap 1305 4 9 7 8 6 5 10 0 3 2 11 1
swap 1306 4 9 7 8 6 10 5 0 3 11 2 1
swap 1307 9 4 8 7 6 10 0 5 11 3 1 2
swap 1308 9 4 8 6 7 0 10 11 5 1 3 2
swap 1309 4 9 8 6 0 7 10 11 1 5 3 2
swap 1310 4 9 8 0 6 10 7 1 11 5 3 2
swap 1311 9 4 8 0 10 6 7 1 5 11 3 2
swap 1312 9 8 4 10 0 7 6 1 5 3 11 2
swap 1313 9 8 4 10 0 7 1 6 3 5 11 2
swap 1314 9 4 8 10 0 7 1 3 6 11 5 2
swap 1315 9 4 8 10 7 0 3 1 6 11 2 5
swap 1316 9 8 4 10 7 0 3 6 1 2 11 5
swap 1317 8 9 10 4 7 0 6 3 1 2 5 11
swap 1318 8 9 10 7 4 0 6 1 3 5 2 11
swap 1319 9 8 10 7 4 0 1 6 5 3 11 2
swap 1320 9 10 8 4 7 0 1 5 6 11 3 2
swap 1321 9 10 4 8 7 0 5 1 11 6 2 3
swap 1322 9 4 10 7 8 5 0 11 1 2 6 3
swap 1323 9 4 10 7 8 5 11 0 1 2 6 3
swap 1324 9 10 4 8 7 11 5 0 1 6 2 3
swap 1325 9 10 4 8 7 11 0 5 6 1 3 2
swap 1326 9 10 4 7 8 0 11 5 6 3 1 2
swap 1327 10 9 4 7 8 0 5 11 3 6 1 2
swap 1328 10 9 4 8 7 5 0 3 11 1 6 2
swap 1329 10 9 8 4 7 5 0 3 1 11 2 6
swap 1330 10 9 8 7 4 5 0 1 3 11 2 6
swap 1331 10 9 7 8 5 4 0 1 3 11 6 2
swap 1332 10 7 9 5 8 0 4 1 3 6 11 2
swap 1333 7 10 5 9 0 8 4 1 6 3 11 2
swap 1334 7 10 5 9 0 4 8 1 6 11 3 2
swap 1335 10 7 9 5 4 0 1 8 11 6 2 3
swap 1336 10 7 9 4 5 0 1 8 11 2 6 3
swap 1337 10 7 4 9 5 0 8 1 11 2 3 6
swap 1338 10 7 4 5 9 8 0 11 1 3 2 6
swap 1339 10 7 4 5 8 9 0 11 3 1 2 6
swap 1340 10 4 7 8 5 9 0 3 11 2 1 6
swap 1341 4 10 7 8 9 5 3 0 2 11 6 1
swap 1342 4 7 10 8 9 3 5 0 2 11 6 1
swap 1343 7 4 10 8 3 9 0 5 11 2 1 6
swap 1344 7 10 4 8 3 0 9 11 5 1 2 6
swap 1345 7 10 4 8 0 3 9 11 1 5 2 6
swap 1346 7 4 10 0 8 9 3 1 11 2 5 6
swap 1347 7 4 10 0 9 8 3 1 2 11 5 6
swap 1348 7 4 10 9 0 3 8 2 1 5 11 6
swap 1349 7 4 10 9 3 0 8 2 5 1 11 6
swap 1350 7 4 10 3 9 8 0 5 2 11 1 6
swap 1351 4 7 3 10 8 9 0 5 11 2 1 6
swap 1352 4 7 3 10 8 0 9 11 5 1 2 6
swap 1353 7 4 10 3 8 0 11 9 1 5 6 2
swap 1354 7 4 10 3 8 0 11 1 9 5 6 2
swap 1355 7 4 3 10 8 0 11 1 5 9 2 6
swap 1356 7 4 3 8 10 11 0 5 1 9 2 6
swap 1357 4 7 3 8 10 11 5 0 9 1 6 2
swap 1358 4 7 3 10 8 5 11 0 9 6 1 2
swap 1359 7 4 10 3 5 8 0 11 9 6 2 1
swap 1360 7 4 10 5 3 0 8 9 11 6 2 1
swap 1361 4 7 5 10 3 0 8 9 6 11 2 1
swap 1362 4 7 5 3 10 8 0 6 9 2 11 1
swap 1363 7 4 3 5 8 10 0 6 9 2 11 1
swap 1364 7 3 4 8 5 0 10 9 6 11 2 1
swap 1365 7 3 4 8 5 0 9 10 6 11 1 2
swap 1366 7 4 3 8 5 9 0 6 10 1 11 2
swap 1367 4 7 8 3 9 5 0 6 10 1 11 2
swap 1368 4 7 8 9 3 5 0 10 6 11 1 2
swap 1369 7 4 9 8 5 3 10 0 6 11 1 2
swap 1370 7 4 9 5 8 10 3 6 0 11 1 2
swap 1371 7 4 9 5 8 10 3 6 0 11 2 1
swap 1372 7 4 9 5 8 10 3 0 6 2 11 1
swap 1373 7 4 5 9 10 8 0 3 6 2 1 11
swap 1374 7 4 5 10 9 8 0 3 6 1 2 11
swap 1375 4 7 10 5 9 8 0 3 6 1 11 2
swap 1376 4 7 10 5 9 0 8 3 6 11 1 2
swap 1377 7 4 10 5 0 9 3 8 11 6 2 1
swap 1378 7 10 4 5 0 9 3 11 8 6 2 1
swap 1379 10 7 4 5 9 0 11 3 6 8 2 1
swap 1380 10 7 4 5 9 11 0 6 3 2 8 1
swap 1381 7 10 5 4 11 9 0 6 2 3 1 8
swap 1382 7 5 10 4 11 0 9 6 2 1 3 8
swap 1383 7 5 4 10 0 11 6 9 1 2 3 8
swap 1384 7 5 4 10 0 11 6 1 9 3 2 8
swap 1385 5 7 10 4 11 0 1 6 3 9 8 2
swap 1386 5 7 10 11 4 1 0 3 6 9 8 2
swap 1387 7 5 11 10 1 4 3 0 9 6 8 2
swap 1388 7 11 5 10 1 3 4 0 9 6 8 2
swap 1389 7 11 10 5 3 1 0 4 9 6 2 8
swap 1390 7 11 10 5 3 1 0 9 4 2 6 8
swap 1391 11 7 5 10 1 3 0 9 4 2 8 6
swap 1392 11 7 5 10 1 3 0 4 9 2 8 6
swap 1393 7 11 10 5 3 1 0 4 2 9 6 8
swap 1394 7 11 10 3 5 0 1 2 4 6 9 8
swap 1395 7 11 10 3 0 5 1 2 6 4 8 9
swap 1396 7 10 11 0 3 5 1 6 2 4 8 9
swap 1397 7 10 11 0 5 3 6 1 4 2 9 8
swap 1398 7 11 10 5 0 3 6 4 1 2 9 8
swap 1399 7 11 5 10 0 3 4 6 2 1 9 8
swap 1400 7 11 5 0 10 4 3 2 6 9 1 8
swap 1401 7 11 0 5 4 10 2 3 9 6 1 8
swap 1402 7 0 11 4 5 10 2 9 3 1 6 8
swap 1403 0 7 11 4 10 5 9 2 1 3 8 6
swap 1404 0 7 11 10 4 9 5 1 2 8 3 6
swap 1405 7 0 10 11 4 9 5 1 8 2 3 6
swap 1406 7 10 0 11 4 5 9 8 1 2 3 6
swap 1407 7 10 0 11 5 4 8 9 2 1 6 3
swap 1408 7 0 10 5 11 4 8 2 9 6 1 3
swap 1409 0 7 10 5 11 4 8 2 6 9 1 3
swap 1410 0 7 10 11 5 8 4 2 6 1 9 3
swap 1411 7 0 10 11 8 5 2 4 1 6 9 3
swap 1412 7 10 0 11 8 2 5 4 1 9 6 3
swap 1413 7 10 0 11 2 8 4 5 9 1 6 3
swap 1414 7 0 10 2 11 4 8 9 5 6 1 3
swap 1415 7 0 10 2 4 11 9 8 5 6 1 3
swap 1416 7 10 0 2 4 9 11 5 8 6 1 3
swap 1417 10 7 2 0 4 9 5 11 6 8 3 1
swap 1418 10 7 2 0 4 9 5 6 11 3 8 1
swap 1419 7 10 0 2 4 9 6 5 3 11 1 8
swap 1420 7 10 0 4 2 6 9 5 3 11 1 8
swap 1421 10 7 4 0 2 6 5 9 11 3 8 1
swap 1422 10 7 4 2 0 5 6 11 9 3 8 1
swap 1423 7 10 2 4 5 0 11 6 3 9 1 8
swap 1424 7 10 2 4 5 11 0 6 3 9 1 8
swap 1425 7 10 4 2 11 5 0 6 9 3 8 1
swap 1426 7 10 4 2 11 0 5 6 9 3 8 1
swap 1427 10 7 2 4 11 0 5 6 3 9 1 8
swap 1428 10 7 2 4 11 5 0 3 6 1 9 8
swap 1429 7 10 4 2 11 5 3 0 6 1 9 8
swap 1430 7 4 10 11 2 3 5 0 6 9 1 8
swap 1431 7 4 11 10 3 2 0 5 9 6 1 8
swap 1432 7 11 4 3 10 0 2 9 5 6 1 8
swap 1433 7 11 4 3 0 10 9 2 5 6 8 1
swap 1434 7 4 11 3 0 10 9 2 5 8 6 1
swap 1435 4 7 11 3 10 0 2 9 8 5 1 6
swap 1436 4 7 11 10 3 0 2 9 8 5 1 6
swap 1437 7 4 11 10 3 0 9 2 5 8 6 1
swap 1438 7 4 11 3 10 0 9 5 2 6 8 1
swap 1439 7 4 11 3 0 10 5 9 6 2 1 8
swap 1440 7 11 4 3 0 5 10 9 6 1 2 8
swap 1441 7 11 4 3 5 0 9 10 6 1 8 2
swap 1442 7 4 11 5 3 9 0 10 6 8 1 2
swap 1443 4 7 11 5 3 9 10 0 8 6 2 1
swap 1444 4 11 7 5 3 9 10 8 0 2 6 1
swap 1445 4 11 7 5 3 9 10 8 2 0 6 1
swap 1446 4 11 7 3 5 10 9 2 8 6 0 1
swap 1447 4 11 7 3 10 5 9 2 8 6 1 0
swap 1448 4 7 11 3 10 9 5 8 2 1 6 0
swap 1449 7 4 3 11 10 9 5 8 1 2 0 6
swap 1450 7 3 4 11 10 5 9 8 1 0 2 6
swap 1451 7 3 4 11 5 10 9 8 0 1 6 2
swap 1452 7 4 3 5 11 10 9 0 8 1 6 2
swap 1453 7 4 5 3 10 11 0 9 1 8 2 6
swap 1454 7 4 5 10 3 11 0 9 1 8 2 6
swap 1455 4 7 10 5 3 11 9 0 8 1 6 2
swap 1456 4 7 10 3 5 11 9 8 0 6 1 2
swap 1457 7 4 3 10 11 5 9 8 0 6 2 1
swap 1458 7 3 4 11 10 9 5 0 8 2 6 1
swap 1459 7 3 4 11 10 9 0 5 2 8 1 6
swap 1460 7 4 3 10 11 9 0 5 2 1 8 6
swap 1461 4 7 10 3 11 9 5 0 1 2 6 8
swap 1462 4 10 7 3 11 9 5 0 1 2 6 8
swap 1463 4 10 3 7 9 11 0 5 2 1 6 8
swap 1464 4 3 10 7 9 11 0 2 5 1 6 8
swap 1465 4 3 7 10 9 11 0 2 1 5 6 8
swap 1466 4 7 3 9 10 11 0 1 2 5 6 8
swap 1467 7 4 9 3 10 11 0 1 5 2 8 6
swap 1468 7 9 4 10 3 11 0 5 1 8 2 6
swap 1469 7 9 4 10 11 3 5 0 8 1 6 2
swap 1470 7 4 9 11 10 3 5 0 8 6 1 2
swap 1471 7 4 9 11 10 3 0 5 8 6 1 2
swap 1472 7 4 9 10 11 3 0 5 8 1 6 2
swap 1473 7 4 10 9 11 3 0 5 1 8 2 6
swap 1474 7 4 10 9 11 0 3 1 5 2 8 6
swap 1475 7 4 10 9 0 11 3 1 5 2 6 8
swap 1476 7 4 10 0 9 3 11 5 1 6 2 8
swap 1477 7 4 10 0 3 9 5 11 6 1 8 2
swap 1478 7 4 10 0 3 5 9 11 6 8 1 2
swap 1479 7 4 0 10 5 3 11 9 8 6 2 1
swap 1480 7 0 4 10 5 11 3 9 8 6 2 1
swap 1481 7 0 10 4 11 5 9 3 6 8 1 2
swap 1482 7 0 10 4 11 9 5 6 3 1 8 2
swap 1483 7 0 10 4 11 9 5 6 1 3 2 8
swap 1484 7 10 0 11 4 5 9 6 1 3 2 8
swap 1485 7 10 0 11 4 5 6 9 3 1 8 2
swap 1486 7 10 0 4 11 5 6 3 9 8 1 2
swap 1487 7 10 4 0 5 11 6 3 9 8 1 2
swap 1488 7 10 4 5 0 11 6 9 3 1 8 2
swap 1489 7 10 4 5 0 11 9 6 3 1 2 8
swap 1490 7 10 4 5 0 9 11 3 6 2 1 8
swap 1491 7 10 5 4 0 9 3 11 6 2 8 1
swap 1492 7 5 10 0 4 3 9 6 11 8 2 1
swap 1493 7 5 10 0 3 4 6 9 8 11 1 2
swap 1494 7 5 10 3 0 6 4 9 8 11 1 2
swap 1495 5 7 10 3 6 0 9 4 11 8 2 1
swap 1496 5 7 10 3 6 9 0 4 11 2 8 1
swap 1497 7 5 10 3 9 6 4 0 11 2 1 8
swap 1498 7 5 10 9 3 4 6 0 11 1 2 8
swap 1499 7 5 10 9 4 3 0 6 11 1 2 8
swap 1500 7 5 10 4 9 0 3 11 6 2 1 8
swap 1501 5 7 4 10 0 9 3 11 6 2 8 1
swap 1502 5 4 7 10 0 3 9 6 11 8 2 1
swap 1503 4 5 10 7 0 3 9 6 11 8 1 2
swap 1504 4 5 10 7 0 9 3 6 11 1 8 2
swap 1505 4 5 7 10 9 0 3 6 11 1 2 8
swap 1506 4 5 7 9 10 3 0 11 6 1 2 8
swap 1507 5 4 9 7 3 10 11 0 6 1 8 2
swap 1508 5 9 4 7 3 11 10 6 0 8 1 2
swap 1509 5 9 4 7 11 3 6 10 8 0 2 1
swap 1510 5 4 9 7 11 6 3 10 8 0 2 1
swap 1511 5 4 9 7 11 6 10 3 0 8 1 2
swap 1512 5 9 4 11 7 10 6 0 3 1 8 2
swap 1513 9 5 4 11 7 10 6 0 3 1 2 8
swap 1514 9 4 5 7 11 6 10 3 0 2 1 8
swap 1515 9 4 5 7 6 11 3 10 2 0 8 1
swap 1516 9 4 5 7 6 3 11 10 2 8 0 1
swap 1517 4 9 7 5 3 6 11 10 2 8 0 1
swap 1518 4 9 7 5 3 11 6 2 10 0 8 1
swap 1519 9 4 7 5 11 3 2 6 0 10 8 1
swap 1520 9 4 7 11 5 2 3 0 6 8 10 1
swap 1521 4 9 11 7 5 2 0 3 8 6 10 1
swap 1522 4 9 11 7 5 2 0 8 3 10 6 1
swap 1523 4 9 7 11 2 5 0 8 10 3 1 6
swap 1524 4 7 9 2 11 0 5 10 8 3 1 6
swap 1525 4 7 9 2 11 0 10 5 3 8 1 6
swap 1526 4 9 7 2 11 10 0 3 5 1 8 6
swap 1527 4 9 2 7 10 11 3 0 1 5 6 8
swap 1528 4 2 9 7 10 11 3 1 0 6 5 8
swap 1529 2 4 9 7 11 10 3 1 6 0 5 8
swap 1530 2 4 9 7 11 3 10 6 1 0 5 8
swap 1531 4 2 7 9 11 3 6 10 1 0 8 5
swap 1532 4 7 2 9 11 6 3 1 10 8 0 5
swap 1533 7 4 2 9 11 6 1 3 8 10 5 0
swap 1534 7 2 4 11 9 1 6 8 3 5 10 0
swap 1535 2 7 4 11 1 9 8 6 3 5 0 10
swap 1536 2 7 4 1 11 8 9 6 3 0 5 10
swap 1537 7 2 4 1 8 11 6 9 0 3 5 10
swap 1538 7 4 2 1 8 6 11 9 0 5 3 10
swap 1539 4 7 2 1 6 8 9 11 5 0 10 3
swap 1540 4 2 7 1 6 9 8 11 5 0 10 3
swap 1541 2 4 1 7 9 6 11 8 0 5 3 10
swap 1542 2 4 1 7 9 11 6 0 8 3 5 10
swap 1543 4 2 7 1 11 9 6 0 3 8 10 5
swap 1544 4 2 7 1 11 6 9 3 0 10 8 5
swap 1545 4 2 7 1 6 11 9 3 10 0 8 5
swap 1546 4 2 7 1 6 9 11 3 10 8 0 5
swap 1547 4 2 1 7 9 6 3 11 8 10 0 5
swap 1548 4 1 2 7 9 3 6 8 11 0 10 5
swap 1549 1 4 7 2 3 9 8 6 11 0 5 10
swap 1550 1 4 7 3 2 8 9 11 6 5 0 10
swap 1551 1 4 3 7 8 2 11 9 6 5 10 0
swap 1552 1 3 4 8 7 11 2 9 6 5 10 0
swap 1553 1 3 4 8 7 11 9 2 5 6 0 10
swap 1554 1 4 3 7 8 9 11 5 2 0 6 10
swap 1555 1 4 7 3 9 8 5 11 2 0 10 6
swap 1556 1 7 4 3 9 5 8 2 11 10 0 6
swap 1557 1 7 3 4 5 9 2 8 10 11 0 6
swap 1558 1 7 3 5 4 2 9 10 8 11 0 6
swap 1559 7 1 3 5 4 2 10 9 11 8 6 0
swap 1560 7 3 1 4 5 10 2 11 9 8 6 0
swap 1561 7 3 4 1 5 10 11 2 9 8 0 6
swap 1562 7 4 3 1 5 11 10 2 9 8 0 6
swap 1563 4 7 1 3 5 11 2 10 8 9 6 0
swap 1564 4 7 1 5 3 2 11 10 8 6 9 0
swap 1565 4 7 5 1 3 2 10 11 6 8 9 0
swap 1566 4 5 7 1 3 10 2 6 11 9 8 0
swap 1567 4 5 7 1 3 10 6 2 11 9 8 0
swap 1568 4 7 5 3 1 6 10 11 2 9 8 0
swap 1569 4 7 5 3 1 6 11 10 9 2 0 8
swap 1570 4 5 7 1 3 11 6 9 10 0 2 8
swap 1571 4 5 7 1 11 3 9 6 0 10 8 2
swap 1572 4 5 7 1 11 9 3 6 0 10 8 2
swap 1573 4 5 1 7 11 9 6 3 0 10 2 8
swap 1574 4 5 1 7 11 9 6 0 3 2 10 8
swap 1575 4 5 7 1 9 11 6 0 2 3 8 10
swap 1576 4 5 7 9 1 11 6 0 2 8 3 10
swap 1577 5 4 9 7 11 1 0 6 8 2 10 3
swap 1578 5 4 9 7 11 0 1 6 8 10 2 3
swap 1579 4 5 9 7 0 11 6 1 10 8 3 2
swap 1580 4 5 9 7 0 6 11 1 10 3 8 2
swap 1581 4 5 7 9 6 0 1 11 10 3 2 8
swap 1582 4 7 5 9 6 0 1 10 11 3 2 8
swap 1583 4 7 5 9 0 6 1 10 3 11 8 2
swap 1584 4 5 7 9 0 6 1 3 10 8 11 2
swap 1585 4 5 7 9 0 6 1 3 8 10 2 11
swap 1586 4 5 7 0 9 1 6 8 3 2 10 11
swap 1587 5 4 7 0 9 1 8 6 2 3 11 10
swap 1588 5 7 4 9 0 8 1 2 6 3 11 10
swap 1589 7 5 4 9 8 0 2 1 3 6 10 11
swap 1590 7 4 5 9 8 0 2 1 3 6 10 11
swap 1591 4 7 9 5 0 8 1 2 6 3 11 10
swap 1592 4 7 9 5 0 1 8 6 2 3 11 10
swap 1593 7 4 9 5 0 1 8 6 3 2 11 10
swap 1594 7 4 9 5 0 1 8 6 3 11 2 10
swap 1595 7 4 5 9 0 1 6 8 11 3 10 2
swap 1596 7 5 4 9 0 1 6 11 8 3 10 2
swap 1597 7 5 4 9 0 1 11 6 8 3 2 10
swap 1598 7 4 5 9 0 11 1 8 6 2 3 10
swap 1599 7 4 9 5 11 0 8 1 6 2 10 3
swap 1600 7 4 9 5 11 0 8 6 1 10 2 3
swap 1601 4 7 9 5 0 11 6 8 10 1 3 2
swap 1602 4 9 7 5 0 11 6 10 8 1 3 2
swap 1603 4 9 7 5 0 11 6 10 1 8 2 3
swap 1604 4 7 9 0 5 11 6 1 10 2 8 3
swap 1605 7 4 0 9 11 5 1 6 2 10 3 8
swap 1606 7 4 0 11 9 5 1 6 2 3 10 8
swap 1607 4 7 11 0 5 9 6 1 3 2 10 8
swap 1608 4 7 11 0 5 9 6 3 1 10 2 8
swap 1609 7 4 11 0 9 5 6 3 1 10 8 2
swap 1610 7 4 11 0 9 6 5 3 1 8 10 2
swap 1611 4 7 0 11 6 9 3 5 8 1 2 10
swap 1612 4 7 0 11 6 3 9 5 8 1 2 10
swap 1613 7 4 11 0 3 6 5 9 1 8 10 2
swap 1614 7 4 11 0 3 5 6 1 9 10 8 2
swap 1615 7 4 0 11 5 3 1 6 9 10 8 2
swap 1616 7 0 4 11 5 1 3 9 6 8 10 2
swap 1617 0 7 4 11 1 5 9 3 6 8 10 2
swap 1618 0 4 7 11 1 5 9 6 3 10 8 2
swap 1619 0 4 7 11 5 1 9 6 3 10 2 8
swap 1620 0 4 7 11 5 9 1 3 6 2 10 8
swap 1621 4 0 7 11 5 9 3 1 2 6 8 10
swap 1622 4 0 7 5 11 3 9 1 2 6 8 10
swap 1623 4 0 7 5 11 3 1 9 6 2 10 8
swap 1624 4 0 7 11 5 1 3 6 9 2 10 8
swap 1625 4 0 7 11 5 1 6 3 2 9 8 10
swap 1626 4 0 7 5 11 6 1 3 2 9 8 10
swap 1627 4 0 7 5 11 6 3 1 9 2 10 8
swap 1628 4 0 7 11 5 3 6 9 1 10 2 8
swap 1629 0 4 11 7 5 3 9 6 10 1 8 2
swap 1630 0 4 11 7 5 9 3 6 10 8 1 2
swap 1631 0 4 11 7 9 5 6 3 8 10 2 1
swap 1632 0 4 11 9 7 5 6 3 8 2 10 1
swap 1633 0 4 9 11 5 7 3 6 2 8 1 10
swap 1634 0 4 9 11 5 7 3 2 6 1 8 10
swap 1635 4 0 11 9 5 7 2 3 6 1 10 8
swap 1636 4 0 11 9 5 2 7 6 3 10 1 8
swap 1637 4 0 11 9 5 2 6 7 10 3 8 1
swap 1638 4 11 0 5 9 6 2 7 10 3 8 1
swap 1639 11 4 0 5 6 9 7 2 3 10 1 8
swap 1640 11 4 0 6 5 7 9 3 2 1 10 8
swap 1641 4 11 0 6 7 5 3 9 1 2 10 8
swap 1642 4 11 0 7 6 5 3 1 9 2 10 8
swap 1643 4 11 0 7 5 6 3 1 2 9 8 10
swap 1644 4 0 11 7 5 3 6 1 2 8 9 10
swap 1645 0 4 7 11 3 5 6 1 8 2 10 9
swap 1646 0 7 4 3 11 6 5 1 8 10 2 9
swap 1647 7 0 4 3 6 11 1 5 10 8 2 9
swap 1648 7 4 0 6 3 11 1 5 10 2 8 9
swap 1649 4 7 0 6 11 3 5 1 10 2 8 9
swap 1650 4 7 0 11 6 5 3 1 10 8 2 9
swap 1651 4 7 11 0 6 5 1 3 10 8 9 2
swap 1652 4 7 11 0 6 5 1 3 10 8 9 2
swap 1653 4 7 0 11 5 6 3 1 8 10 9 2
swap 1654 4 7 0 5 11 3 6 8 1 9 10 2
swap 1655 4 7 5 0 11 3 8 6 1 9 10 2
swap 1656 4 7 5 0 11 3 8 1 6 10 9 2
swap 1657 4 7 5 0 3 11 1 8 6 10 2 9
swap 1658 4 5 7 0 3 11 1 6 8 10 2 9
swap 1659 4 5 7 0 11 3 6 1 10 8 2 9
swap 1660 4 7 5 0 11 6 3 10 1 2 8 9
swap 1661 7 4 5 0 6 11 3 10 1 2 9 8
swap 1662 7 5 4 0 6 3 11 1 10 2 9 8
swap 1663 7 5 4 0 3 6 1 11 2 10 8 9
swap 1664 7 4 5 3 0 1 6 11 2 10 8 9
swap 1665 7 4 5 3 0 1 11 6 10 2 9 8
swap 1666 7 4 5 0 3 11 1 6 10 2 9 8
swap 1667 7 4 0 5 11 3 6 1 2 10 8 9
swap 1668 7 0 4 5 11 3 6 1 2 8 10 9
swap 1669 7 0 4 5 11 3 1 6 8 2 9 10
swap 1670 7 4 0 11 5 1 3 8 6 9 2 10
swap 1671 7 4 11 0 5 1 3 8 9 6 10 2
swap 1672 7 11 4 0 5 3 1 9 8 10 6 2
swap 1673 7 11 0 4 3 5 9 1 10 8 2 6
swap 1674 7 0 11 4 3 5 9 10 1 8 2 6
swap 1675 7 0 4 11 5 3 10 9 8 1 2 6
swap 1676 7 0 4 11 5 3 10 8 9 2 1 6
swap 1677 0 7 11 4 3 5 10 8 2 9 1 6
swap 1678 0 7 11 3 4 10 5 2 8 1 9 6
swap 1679 0 7 11 3 4 10 2 5 1 8 6 9
swap 1680 0 11 7 4 3 2 10 1 5 6 8 9
swap 1681 0 11 7 4 2 3 1 10 6 5 9 8
swap 1682 0 7 11 2 4 3 1 6 10 9 5 8
swap 1683 0 7 11 2 3 4 1 6 9 10 5 8
swap 1684 0 11 7 3 2 4 1 9 6 10 5 8
swap 1685 0 11 7 3 4 2 1 9 10 6 8 5
swap 1686 0 7 11 4 3 1 2 9 10 8 6 5
swap 1687 7 0 4 11 1 3 9 2 10 8 6 5
swap 1688 7 4 0 11 1 9 3 2 10 6 8 5
swap 1689 7 4 0 11 9 1 2 3 6 10 8 5
swap 1690 7 0 4 11 9 2 1 3 6 8 10 5
swap 1691 0 7 11 4 2 9 3 1 8 6 10 5
swap 1692 0 7 11 4 2 3 9 8 1 6 10 5
swap 1693 7 0 4 11 2 3 8 9 1 6 5 10
swap 1694 7 0 4 11 2 3 8 1 9 6 5 10
swap 1695 7 0 11 4 2 3 1 8 6 9 5 10
swap 1696 7 11 0 4 2 1 3 8 6 5 9 10
swap 1697 7 11 4 0 2 1 3 8 5 6 9 10
swap 1698 7 4 11 0 2 3 1 5 8 9 6 10
swap 1699 7 4 0 11 3 2 5 1 8 9 6 10
swap 1700 7 4 0 3 11 5 2 8 1 6 9 10
swap 1701 7 4 0 3 5 11 2 8 6 1 10 9
swap 1702 7 0 4 3 5 2 11 6 8 10 1 9
swap 1703 0 7 4 3 2 5 11 6 8 10 9 1
swap 1704 0 7 4 2 3 11 5 8 6 9 10 1
swap 1705 7 0 2 4 11 3 5 8 6 9 1 10
swap 1706 7 0 2 4 11 5 3 8 6 9 1 10
swap 1707 7 0 2 4 11 5 3 8 9 6 10 1
swap 1708 7 0 2 11 4 3 5 8 9 6 10 1
swap 1709 7 0 11 2 3 4 5 8 6 9 1 10
swap 1710 7 0 11 3 2 4 5 6 8 1 9 10
swap 1711 7 0 11 3 4 2 6 5 1 8 9 10
swap 1712 7 11 0 4 3 2 6 5 1 9 8 10
swap 1713 7 11 0 4 2 3 5 6 9 1 10 8
swap 1714 7 0 11 4 2 5 3 9 6 10 1 8
swap 1715 7 0 4 11 2 5 9 3 6 10 8 1
swap 1716 7 4 0 11 2 9 5 6 3 8 10 1
swap 1717 7 4 0 11 9 2 6 5 3 8 1 10
swap 1718 7 0 4 9 11 6 2 3 5 1 8 10
swap 1719 7 0 4 9 11 6 2 3 5 1 10 8
swap 1720 7 0 4 11 9 2 6 5 3 10 1 8
swap 1721 7 0 4 11 9 2 5 6 3 10 8 1
swap 1722 7 0 4 9 11 5 2 3 6 8 10 1
swap 1723 7 0 9 4 5 11 2 3 6 8 1 10
swap 1724 7 9 0 5 4 2 11 6 3 8 1 10
swap 1725 7 9 0 5 4 2 6 11 8 3 10 1
swap 1726 7 9 0 4 5 6 2 11 8 3 10 1
swap 1727 7 9 0 4 5 6 11 2 3 8 10 1
swap 1728 7 9 0 5 4 11 6 2 3 8 10 1
swap 1729 9 7 5 0 4 11 6 2 8 3 1 10
swap 1730 9 7 5 4 0 6 11 8 2 1 3 10
swap 1731 7 9 5 4 0 6 11 8 1 2 10 3
swap 1732 7 9 5 0 4 6 11 1 8 2 10 3
swap 1733 9 7 0 5 4 6 1 11 2 8 3 10
swap 1734 9 7 0 5 4 6 1 11 2 3 8 10
swap 1735 7 9 5 0 4 6 11 1 3 2 8 10
swap 1736 7 5 9 0 4 6 11 1 3 8 2 10
swap 1737 7 5 0 9 6 4 1 11 3 8 10 2
swap 1738 7 5 0 9 6 4 1 11 3 8 10 2
swap 1739 5 7 9 0 4 6 11 1 8 3 2 10
swap 1740 5 7 9 0 4 6 11 8 1 2 3 10
swap 1741 7 5 0 9 4 6 8 11 2 1 3 10
swap 1742 7 5 0 4 9 6 8 11 2 3 1 10
swap 1743 7 5 0 4 9 6 11 8 3 2 10 1
swap 1744 7 5 0 9 4 6 11 3 8 2 10 1
swap 1745 5 7 0 9 6 4 3 11 2 8 1 10
swap 1746 5 0 7 9 6 3 4 2 11 1 8 10
swap 1747 0 5 7 9 3 6 4 2 1 11 10 8
swap 1748 0 5 7 3 9 4 6 1 2 11 10 8
swap 1749 5 0 3 7 4 9 1 6 11 2 10 8
swap 1750 5 3 0 7 4 9 1 6 11 10 2 8
swap 1751 3 5 0 7 9 4 6 1 10 11 8 2
swap 1752 3 0 5 7 9 4 6 10 1 11 8 2
swap 1753 0 3 7 5 4 9 6 10 1 11 8 2
swap 1754 0 7 3 4 5 6 9 1 10 8 11 2
swap 1755 7 0 3 4 6 5 9 1 8 10 2 11
swap 1756 7 3 0 6 4 9 5 8 1 10 2 11
swap 1757 7 3 0 6 4 9 8 5 10 1 11 2
swap 1758 7 0 3 4 6 8 9 10 5 11 1 2
swap 1759 7 0 4 3 6 8 9 10 5 11 2 1
swap 1760 7 4 0 6 3 9 8 5 10 11 2 1
swap 1761 7 4 0 6 9 3 8 5 11 10 1 2
swap 1762 7 4 0 6 9 8 3 5 11 10 1 2
swap 1763 7 4 6 0 8 9 5 3 10 11 2 1
swap 1764 7 6 4 8 0 9 5 3 10 11 2 1
swap 1765 7 6 8 4 9 0 5 3 11 10 1 2
swap 1766 7 6 8 9 4 5 0 11 3 1 10 2
swap 1767 7 6 9 8 5 4 11 0 3 1 2 10
swap 1768 7 9 6 8 5 4 11 3 0 2 1 10
swap 1769 7 9 6 8 4 5 11 3 2 0 10 1
swap 1770 7 6 9 4 8 11 5 2 3 10 0 1
swap 1771 7 6 9 4 11 8 5 2 10 3 0 1
swap 1772 7 9 6 11 4 8 5 10 2 0 3 1
swap 1773 7 9 6 11 4 8 10 5 0 2 1 3
swap 1774 7 9 6 4 11 10 8 5 0 2 1 3
swap 1775 9 7 4 6 11 10 5 8 2 0 1 3
swap 1776 9 7 4 11 6 5 10 2 8 0 1 3
swap 1777 9 7 4 11 6 5 2 10 0 8 1 3
swap 1778 9 4 7 6 11 2 5 0 10 1 8 3
swap 1779 9 4 6 7 2 11 0 5 1 10 3 8
swap 1780 9 6 4 7 2 11 0 1 5 3 10 8
swap 1781 9 6 7 4 2 11 1 0 3 5 10 8
swap 1782 9 7 6 4 2 11 1 0 3 10 5 8
swap 1783 7 9 4 6 11 2 1 0 3 10 8 5
swap 1784 7 9 4 6 11 1 2 3 0 10 8 5
swap 1785 9 7 4 6 11 1 2 3 0 10 5 8
swap 1786 9 4 7 11 6 2 1 0 3 5 10 8
swap 1787 9 4 11 7 6 2 0 1 5 3 10 8
swap 1788 9 4 11 6 7 0 2 5 1 3 10 8
swap 1789 9 4 6 11 0 7 5 2 3 1 10 8
swap 1790 9 4 6 11 0 5 7 3 2 10 1 8
swap 1791 4 9 6 11 5 0 3 7 10 2 8 1
swap 1792 4 9 6 5 11 3 0 10 7 8 2 1
swap 1793 9 4 6 5 11 3 0 10 8 7 1 2
swap 1794 9 6 4 11 5 0 3 8 10 1 7 2
swap 1795 9 6 4 11 5 0 8 3 1 10 2 7
swap 1796 9 4 6 11 5 0 8 3 1 2 10 7
swap 1797 4 9 11 6 5 0 3 8 2 1 10 7
swap 1798 4 9 11 5 6 0 3 2 8 10 1 7
swap 1799 4 9 5 11 6 0 2 3 10 8 1 7
swap 1800 4 9 5 6 11 2 0 10 3 8 1 7
swap 1801 9 4 6 5 11 2 10 0 3 8 7 1
swap 1802 9 4 6 11 5 10 2 3 0 8 7 1
swap 1803 4 9 11 6 5 10 3 2 0 8 7 1
swap 1804 4 9 11 5 6 3 10 0 2 8 7 1
swap 1805 9 4 11 5 3 6 10 0 2 8 1 7
swap 1806 9 4 11 3 5 10 6 2 0 1 8 7
swap 1807 9 4 11 3 10 5 2 6 0 1 7 8
swap 1808 9 4 11 10 3 2 5 0 6 7 1 8
swap 1809 4 9 11 10 2 3 5 0 6 7 8 1
swap 1810 4 9 11 2 10 5 3 6 0 8 7 1
swap 1811 9 4 2 11 10 5 6 3 8 0 7 1
swap 1812 9 4 2 11 10 6 5 8 3 0 7 1
swap 1813 4 9 11 2 10 6 8 5 0 3 1 7
swap 1814 4 9 11 2 10 8 6 0 5 1 3 7
swap 1815 9 4 11 2 8 10 0 6 1 5 3 7
swap 1816 9 4 11 2 8 0 10 6 1 3 5 7
swap 1817 9 4 11 2 0 8 6 10 3 1 5 7
swap 1818 9 11 4 2 0 6 8 10 3 5 1 7
swap 1819 11 9 4 2 0 6 8 10 5 3 1 7
swap 1820 11 9 4 0 2 8 6 10 5 1 3 7
swap 1821 9 11 0 4 2 8 10 6 5 1 7 3
swap 1822 9 0 11 2 4 10 8 5 6 1 7 3
swap 1823 0 9 11 2 4 10 5 8 1 6 3 7
swap 1824 0 9 11 4 2 5 10 8 1 6 3 7
swap 1825 9 0 11 4 2 5 8 10 6 1 7 3
swap 1826 9 0 11 2 4 8 5 10 6 1 7 3
swap 1827 0 9 2 11 4 8 10 5 1 6 3 7
swap 1828 0 2 9 11 4 10 8 5 1 6 3 7
swap 1829 0 2 9 11 4 10 5 8 1 6 3 7
swap 1830 0 2 9 11 4 5 10 1 8 3 6 7
swap 1831 2 0 11 9 4 5 1 10 3 8 7 6
swap 1832 2 0 11 4 9 1 5 10 3 7 8 6
swap 1833 0 2 4 11 1 9 10 5 3 7 6 8
swap 1834 0 4 2 11 1 9 10 3 5 6 7 8
swap 1835 0 4 11 2 9 1 3 10 6 5 8 7
swap 1836 0 4 11 2 9 1 3 6 10 8 5 7
swap 1837 0 4 11 2 1 9 6 3 8 10 5 7
swap 1838 0 4 11 2 1 6 9 3 8 5 10 7
swap 1839 0 4 2 11 6 1 9 3 5 8 7 10
swap 1840 0 4 2 11 6 1 9 5 3 7 8 10
swap 1841 0 4 2 11 6 1 5 9 3 7 10 8
swap 1842 0 4 2 11 6 5 1 3 9 10 7 8
swap 1843 0 4 11 2 5 6 3 1 10 9 8 7
swap 1844 0 11 4 2 5 6 3 10 1 8 9 7
swap 1845 0 11 2 4 6 5 3 10 8 1 9 7
swap 1846 0 11 2 4 6 3 5 10 8 9 1 7
swap 1847 11 0 4 2 6 3 5 10 8 9 7 1
swap 1848 11 4 0 6 2 3 5 8 10 7 9 1
swap 1849 4 11 6 0 3 2 5 8 7 10 1 9
swap 1850 4 6 11 3 0 5 2 8 7 1 10 9
swap 1851 6 4 3 11 0 5 2 8 1 7 9 10
swap 1852 6 3 4 0 11 2 5 1 8 9 7 10
swap 1853 6 3 4 0 11 2 1 5 9 8 10 7
swap 1854 6 4 3 0 11 1 2 5 9 10 8 7
swap 1855 4 6 3 0 11 1 5 2 10 9 7 8
swap 1856 4 6 3 11 0 1 5 2 10 9 7 8
swap 1857 4 6 11 3 0 1 2 5 9 10 8 7
swap 1858 4 11 6 0 3 2 1 9 5 10 8 7
swap 1859 4 11 0 6 2 3 9 1 10 5 8 7
swap 1860 4 0 11 6 2 3 9 1 10 5 8 7
swap 1861 4 0 6 11 2 3 9 1 5 10 7 8
swap 1862 4 6 0 11 2 9 3 5 1 7 10 8
swap 1863 6 4 0 11 9 2 5 3 7 1 10 8
swap 1864 6 4 0 11 9 5 2 7 3 10 1 8
swap 1865 6 4 0 11 5 9 7 2 10 3 8 1
swap 1866 6 0 4 5 11 9 7 10 2 8 3 1
swap 1867 0 6 4 5 9 11 10 7 2 8 1 3
swap 1868 0 4 6 5 9 10 11 2 7 1 8 3
swap 1869 4 0 6 5 10 9 2 11 1 7 3 8
swap 1870 4 0 6 10 5 2 9 1 11 3 7 8
swap 1871 0 4 10 6 5 2 9 1 11 3 8 7
swap 1872 0 4 10 5 6 9 2 11 1 8 3 7
swap 1873 4 0 5 10 9 6 11 2 1 8 7 3
swap 1874 4 5 0 9 10 6 11 1 2 8 7 3
swap 1875 5 4 9 0 10 6 1 11 2 8 3 7
swap 1876 5 4 9 10 0 6 1 2 11 3 8 7
swap 1877 4 5 10 9 0 6 2 1 11 3 7 8
swap 1878 4 5 10 9 0 2 6 1 11 7 3 8
swap 1879 5 4 9 10 0 2 6 1 7 11 3 8
swap 1880 5 4 9 0 10 6 2 1 7 3 11 8
swap 1881 4 5 0 9 10 6 2 1 3 7 11 8
swap 1882 4 5 0 10 9 2 6 3 1 11 7 8
swap 1883 4 5 0 10 2 9 3 6 1 11 8 7
swap 1884 4 5 0 10 2 3 9 1 6 8 11 7
swap 1885 5 4 0 10 2 3 1 9 8 6 7 11
swap 1886 5 0 4 10 2 1 3 8 9 6 7 11
swap 1887 5 0 4 10 1 2 3 8 6 9 11 7
swap 1888 5 4 0 1 10 3 2 6 8 11 9 7
swap 1889 5 4 1 0 3 10 6 2 11 8 7 9
swap 1890 5 4 1 0 3 6 10 2 11 7 8 9
swap 1891 4 5 1 0 6 3 10 2 11 7 9 8
swap 1892 4 5 1 0 6 10 3 11 2 9 7 8
swap 1893 4 5 0 1 10 6 11 3 2 9 8 7
swap 1894 4 5 0 1 10 11 6 3 2 8 9 7
swap 1895 4 5 0 1 10 11 3 6 2 8 9 7
swap 1896 4 0 5 10 1 11 3 2 6 8 9 7
swap 1897 4 0 5 10 11 1 3 2 6 8 7 9
swap 1898 4 0 5 10 11 3 1 2 6 8 7 9
swap 1899 4 0 10 5 11 3 2 1 8 6 9 7
swap 1900 4 10 0 11 5 2 3 8 1 9 6 7
swap 1901 10 4 0 11 2 5 8 3 9 1 7 6
swap 1902 10 0 4 2 11 8 5 3 9 7 1 6
swap 1903 0 10 4 2 11 8 5 3 7 9 6 1
swap 1904 0 10 4 2 11 5 8 3 7 6 9 1
swap 1905 10 0 4 2 5 11 3 8 6 7 1 9
swap 1906 10 0 4 5 2 3 11 6 8 1 7 9
swap 1907 0 10 4 5 3 2 11 6 1 8 9 7
swap 1908 0 10 4 5 3 11 2 1 6 9 8 7
swap 1909 10 0 4 5 11 3 2 1 6 9 7 8
swap 1910 10 4 0 11 5 2 3 1 6 7 9 8
swap 1911 4 10 11 0 5 2 3 1 6 7 8 9
swap 1912 4 10 11 5 0 3 2 1 6 7 8 9
swap 1913 10 4 5 11 3 0 2 1 6 7 9 8
swap 1914 10 4 5 3 11 0 2 6 1 9 7 8
swap 1915 10 4 3 5 0 11 2 6 9 1 8 7
swap 1916 10 4 3 5 0 2 11 9 6 8 1 7
swap 1917 10 4 5 3 0 2 11 9 8 6 1 7
swap 1918 10 4 5 3 0 11 2 9 8 1 6 7
swap 1919 4 10 5 3 0 11 9 2 1 8 7 6
swap 1920 4 5 10 3 0 11 9 1 2 7 8 6
swap 1921 4 5 10 3 0 11 1 9 7 2 6 8
swap 1922 4 10 5 0 3 1 11 9 7 6 2 8
swap 1923 10 4 0 5 3 1 9 11 6 7 8 2
swap 1924 10 4 0 3 5 9 1 11 6 8 7 2
swap 1925 10 4 0 3 9 5 1 11 6 8 2 7
swap 1926 10 4 0 3 9 1 5 6 11 2 8 7
swap 1927 4 10 0 3 9 1 6 5 11 2 7 8
swap 1928 4 10 0 3 9 6 1 11 5 7 2 8
swap 1929 10 4 3 0 6 9 11 1 7 5 8 2
swap 1930 10 4 3 0 6 11 9 1 7 8 5 2
swap 1931 10 4 0 3 11 6 1 9 8 7 2 5
swap 1932 10 0 4 11 3 1 6 8 9 2 7 5
swap 1933 0 10 4 11 3 1 8 6 9 2 5 7
swap 1934 0 10 4 11 3 8 1 9 6 5 2 7
swap 1935 0 10 11 4 3 8 9 1 5 6 7 2
swap 1936 0 11 10 4 3 8 9 5 1 7 6 2
swap 1937 0 11 4 10 8 3 5 9 1 7 2 6
swap 1938 0 4 11 10 8 5 3 1 9 2 7 6
swap 1939 0 4 10 11 5 8 1 3 9 2 6 7
swap 1940 0 4 10 11 5 1 8 9 3 6 2 7
swap 1941 4 0 10 11 1 5 8 9 3 6 7 2
swap 1942 4 0 10 11 1 8 5 9 3 7 6 2
swap 1943 0 4 10 11 8 1 5 9 3 7 2 6
swap 1944 0 4 10 8 11 5 1 9 3 2 7 6
swap 1945 4 0 10 8 11 5 9 1 3 2 7 6
swap 1946 4 10 0 11 8 5 9 3 1 2 7 6
swap 1947 10 4 0 11 5 8 9 3 1 2 6 7
swap 1948 10 4 0 5 11 8 9 3 1 2 6 7
swap 1949 4 10 0 5 11 8 3 9 2 1 7 6
swap 1950 4 10 0 5 11 3 8 2 9 7 1 6
swap 1951 10 4 0 5 11 3 8 2 7 9 6 1
swap 1952 10 0 4 5 11 8 3 7 2 9 6 1
swap 1953 0 10 4 5 8 11 7 3 9 2 1 6
swap 1954 0 4 10 5 8 7 11 9 3 1 2 6
swap 1955 4 0 10 5 8 7 11 9 1 3 6 2
swap 1956 4 10 0 8 5 11 7 1 9 3 6 2
swap 1957 4 10 0 8 5 11 7 1 3 9 6 2
swap 1958 4 0 10 5 8 11 7 1 3 6 9 2
swap 1959 4 0 10 5 11 8 1 7 6 3 2 9
swap 1960 4 10 0 11 5 1 8 6 7 2 3 9
swap 1961 10 4 11 0 5 1 8 6 2 7 9 3
swap 1962 10 11 4 0 5 8 1 2 6 9 7 3
swap 1963 11 10 0 4 8 5 1 2 9 6 7 3
swap 1964 11 10 0 4 8 5 1 2 9 7 6 3
swap 1965 10 11 4 0 8 5 1 2 7 9 3 6
swap 1966 10 4 11 0 8 5 1 2 7 9 3 6
swap 1967 10 4 11 0 5 8 2 1 7 9 6 3
swap 1968 10 4 11 0 5 8 2 7 1 9 6 3
swap 1969 4 10 0 11 8 5 2 7 9 1 3 6
swap 1970 4 10 0 11 8 5 2 9 7 1 3 6
swap 1971 10 4 0 11 5 8 2 9 1 7 6 3
swap 1972 10 0 4 11 5 8 2 1 9 6 7 3
swap 1973 0 10 4 11 8 5 1 2 9 6 3 7
swap 1974 0 4 10 11 8 5 1 2 9 3 6 7
swap 1975 4 0 10 11 8 5 1 2 3 9 7 6
swap 1976 4 0 10 11 8 1 5 3 2 7 9 6
swap 1977 0 4 11 10 1 8 5 3 2 7 9 6
swap 1978 0 4 11 10 1 5 8 2 3 9 7 6
swap 1979 4 0 10 11 1 5 2 8 9 3 6 7
swap 1980 4 10 0 1 11 2 5 9 8 6 3 7
swap 1981 4 10 0 1 11 2 5 9 8 6 7 3
swap 1982 4 0 10 11 1 5 2 9 8 7 6 3
swap 1983 4 0 11 10 5 1 2 9 8 7 3 6
swap 1984 4 0 11 10 5 2 1 9 8 3 7 6
swap 1985 4 0 11 10 5 2 9 1 3 8 6 7
swap 1986 4 0 11 10 5 2 9 3 1 6 8 7
swap 1987 4 0 11 10 2 5 3 9 6 1 7 8
swap 1988 4 11 0 10 2 3 5 6 9 7 1 8
swap 1989 4 11 0 10 2 3 5 6 9 7 8 1
swap 1990 4 0 11 10 2 3 5 6 9 8 7 1
swap 1991 4 0 10 11 3 2 5 6 8 9 1 7
swap 1992 4 10 0 11 3 5 2 8 6 1 9 7
swap 1993 4 10 11 0 3 5 8 2 1 6 7 9
swap 1994 4 10 11 0 3 8 5 1 2 7 6 9
swap 1995 4 10 11 0 8 3 5 1 7 2 9 6
swap 1996 4 11 10 0 8 5 3 1 7 9 2 6
swap 1997 4 11 10 0 5 8 3 1 9 7 2 6
swap 1998 4 10 11 5 0 3 8 9 1 2 7 6
swap 1999 4 10 11 5 3 0 8 9 2 1 6 7
swap 2000 4 11 10 3 5 8 0 9 2 6 1 7
swap 2001 4 11 3 10 8 5 0 9 6 2 7 1
swap 2002 4 11 3 8 10 0 5 9 6 2 7 1
swap 2003 11 4 8 3 10 0 5 9 2 6 1 7
swap 2004 11 4 8 3 10 5 0 2 9 1 6 7
swap 2005 4 11 3 8 10 5 2 0 1 9 6 7
swap 2006 4 3 11 8 10 2 5 1 0 6 9 7
swap 2007 4 3 8 11 10 2 1 5 0 6 9 7
swap 2008 4 8 3 11 10 2 1 0 5 9 6 7
swap 2009 4 8 3 11 10 2 1 0 5 9 6 7
swap 2010 4 8 3 10 11 1 2 5 0 6 9 7
swap 2011 4 8 10 3 1 11 5 2 0 6 9 7
swap 2012 4 8 10 1 3 5 11 0 2 9 6 7
swap 2013 4 8 1 10 3 5 11 0 9 2 7 6
swap 2014 4 8 1 3 10 5 11 9 0 2 7 6
swap 2015 4 8 1 3 10 5 9 11 2 0 6 7
swap 2016 4 1 8 10 3 5 9 11 2 6 0 7
swap 2017 4 1 8 10 5 3 11 9 2 6 7 0
swap 2018 4 1 8 10 5 3 11 9 2 7 6 0
swap 2019 4 1 10 8 3 5 9 11 2 7 0 6
swap 2020 4 10 1 8 3 9 5 2 11 7 0 6
swap 2021 4 10 1 8 3 9 5 2 11 7 6 0
swap 2022 4 10 1 3 8 5 9 11 2 7 6 0
swap 2023 10 4 1 3 5 8 9 11 7 2 0 6
swap 2024 10 4 1 3 5 8 9 7 11 2 0 6
swap 2025 4 10 1 3 8 5 7 9 2 11 6 0
swap 2026 4 1 10 8 3 7 5 9 2 6 11 0
swap 2027 1 4 10 8 3 7 9 5 2 6 0 11
swap 2028 1 10 4 8 3 9 7 2 5 0 6 11
swap 2029 1 10 4 8 3 9 7 2 0 5 11 6
swap 2030 1 4 10 8 3 7 9 0 2 5 11 6
swap 2031 4 1 8 10 7 3 9 0 5 2 11 6
swap 2032 4 8 1 7 10 9 3 5 0 11 2 6
swap 2033 4 8 1 7 9 10 3 5 11 0 2 6
swap 2034 4 1 8 9 7 3 10 11 5 0 2 6
swap 2035 1 4 9 8 3 7 11 10 0 5 2 6
swap 2036 1 4 9 3 8 11 7 0 10 2 5 6
swap 2037 1 4 3 9 11 8 0 7 10 2 5 6
swap 2038 1 3 4 11 9 0 8 7 10 2 5 6
swap 2039 1 3 4 11 0 9 7 8 2 10 5 6
swap 2040 1 3 4 0 11 7 9 8 2 10 5 6
swap 2041 3 1 4 0 7 11 8 9 10 2 6 5
swap 2042 3 1 4 7 0 11 8 10 9 2 6 5
swap 2043 1 3 4 7 11 0 10 8 9 2 5 6
swap 2044 1 3 4 11 7 10 0 9 8 5 2 6
swap 2045 1 3 11 4 7 10 9 0 5 8 2 6
swap 2046 1 3 11 7 4 9 10 0 5 2 8 6
swap 2047 1 3 7 11 9 4 0 10 2 5 6 8
swap 2048 1 3 7 11 9 0 4 2 10 6 5 8
swap 2049 1 3 11 7 0 9 2 4 6 10 8 5
swap 2050 1 11 3 0 7 2 9 6 4 8 10 5
swap 2051 1 11 3 0 7 2 9 6 8 4 5 10
swap 2052 1 3 11 7 0 2 9 8 6 4 5 10
swap 2053 1 3 7 11 2 0 9 8 6 4 10 5
swap 2054 1 7 3 11 2 9 0 6 8 10 4 5
swap 2055 7 1 11 3 9 2 0 6 8 10 5 4
swap 2056 7 1 11 3 9 2 0 8 6 5 10 4
swap 2057 1 7 3 11 2 9 8 0 6 5 4 10
swap 2058 1 7 3 2 11 9 8 6 0 4 5 10
swap 2059 1 7 2 3 9 11 6 8 4 0 10 5
swap 2060 1 7 2 3 9 11 6 4 8 10 0 5
swap 2061 7 1 3 2 11 9 4 6 10 8 5 0
swap 2062 7 1 3 2 11 4 9 6 10 8 5 0
swap 2063 1 7 2 3 4 11 6 9 8 10 0 5
swap 2064 1 7 2 3 4 11 6 9 8 0 10 5
swap 2065 7 1 2 3 11 4 9 6 0 8 5 10
swap 2066 7 1 2 3 11 9 4 6 0 8 5 10
swap 2067 1 7 3 2 9 11 4 6 8 0 5 10
swap 2068 1 3 7 2 9 4 11 6 8 5 0 10
swap 2069 1 3 7 2 4 9 11 6 5 8 10 0
swap 2070 1 7 3 4 2 11 9 6 5 10 8 0
swap 2071 1 7 3 4 11 2 6 9 5 10 8 0
swap 2072 1 3 7 11 4 2 6 5 9 10 8 0
swap 2073 3 1 7 11 2 4 5 6 9 10 0 8
swap 2074 3 7 1 2 11 5 4 9 6 0 10 8
swap 2075 3 7 1 2 11 5 4 9 0 6 10 8
swap 2076 3 7 1 11 2 4 5 9 0 10 6 8
swap 2077 7 3 11 1 4 2 5 9 10 0 8 6
swap 2078 7 11 3 4 1 5 2 10 9 8 0 6
swap 2079 7 11 3 4 1 5 10 2 9 8 6 0
swap 2080 7 11 3 1 4 5 10 9 2 8 6 0
swap 2081 7 11 3 1 4 5 10 9 8 2 0 6
swap 2082 7 3 11 1 4 10 5 8 9 2 0 6
swap 2083 3 7 1 11 4 10 5 8 2 9 6 0
swap 2084 3 1 7 11 4 10 5 2 8 6 9 0
swap 2085 1 3 7 11 4 10 2 5 8 6 9 0
swap 2086 1 7 3 4 11 2 10 5 8 9 6 0
swap 2087 1 7 4 3 2 11 10 5 9 8 0 6
swap 2088 1 4 7 3 2 11 10 9 5 0 8 6
swap 2089 1 4 3 7 2 11 9 10 5 0 6 8
swap 2090 1 3 4 7 2 9 11 5 10 6 0 8
swap 2091 3 1 7 4 9 2 11 5 6 10 8 0
swap 2092 3 7 1 4 9 2 11 6 5 8 10 0
swap 2093 3 7 4 1 2 9 6 11 5 8 0 10
swap 2094 3 4 7 1 2 6 9 5 11 0 8 10
swap 2095 4 3 7 1 6 2 9 5 0 11 10 8
swap 2096 4 3 7 1 6 2 9 5 0 10 11 8
swap 2097 3 4 7 1 2 6 9 5 10 0 8 11
swap 2098 3 7 4 2 1 6 9 5 10 8 0 11
swap 2099 3 7 4 2 6 1 5 9 8 10 11 0
swap 2100 3 4 7 6 2 1 5 9 8 11 10 0
swap 2101 4 3 7 6 1 2 9 5 8 11 0 10
swap 2102 4 7 3 1 6 9 2 8 5 11 0 10
swap 2103 4 7 3 1 9 6 2 8 5 11 0 10
swap 2104 4 3 7 9 1 6 2 5 8 11 0 10
swap 2105 4 3 7 9 6 1 2 5 11 8 10 0
swap 2106 4 7 3 9 6 1 2 5 11 10 8 0
swap 2107 7 4 9 3 1 6 2 5 11 10 8 0
swap 2108 7 4 9 1 3 6 2 5 11 8 10 0
swap 2109 7 4 1 9 3 6 2 5 8 11 0 10
swap 2110 7 4 1 3 9 2 6 5 8 0 11 10
swap 2111 7 4 1 3 9 2 5 6 8 0 11 10
swap 2112 7 4 1 3 9 2 5 8 6 11 0 10
swap 2113 7 4 1 3 2 9 8 5 6 11 10 0
swap 2114 7 4 1 2 3 8 9 6 5 10 11 0
swap 2115 4 7 1 2 3 8 9 6 5 10 0 11
swap 2116 4 1 7 3 2 8 9 5 6 0 10 11
swap 2117 1 4 7 3 8 2 9 5 6 0 11 10
swap 2118 1 4 7 3 8 2 9 5 6 11 0 10
swap 2119 1 4 7 3 2 8 5 9 11 6 10 0
swap 2120 1 4 7 3 2 5 8 11 9 10 6 0
swap 2121 4 1 7 3 5 2 11 8 9 10 0 6
swap 2122 4 1 7 3 5 2 11 9 8 10 0 6
swap 2123 1 4 7 3 2 5 9 11 8 10 6 0
swap 2124 1 4 7 2 3 5 9 8 11 6 10 0
swap 2125 4 1 2 7 3 5 8 9 6 11 0 10
swap 2126 4 1 2 7 3 5 8 6 9 0 11 10
swap 2127 4 1 7 2 3 5 6 8 0 9 10 11
swap 2128 4 1 7 3 2 6 5 0 8 10 9 11
swap 2129 1 4 3 7 2 6 5 0 10 8 11 9
swap 2130 1 4 3 7 2 5 6 10 0 11 8 9
swap 2131 4 1 7 3 5 2 6 10 11 0 9 8
swap 2132 4 7 1 3 5 2 6 11 10 9 0 8
swap 2133 7 4 3 1 2 5 6 11 10 9 8 0
swap 2134 7 3 4 1 2 6 5 11 10 8 9 0
swap 2135 3 7 4 1 2 6 11 5 8 10 0 9
swap 2136 3 4 7 2 1 11 6 8 5 10 0 9
swap 2137 4 3 2 7 11 1 8 6 5 10 9 0
swap 2138 4 3 2 11 7 8 1 5 6 9 10 0
swap 2139 4 3 2 11 8 7 5 1 9 6 0 10
swap 2140 4 3 2 11 8 7 5 9 1 0 6 10
swap 2141 4 3 2 11 7 8 5 9 0 1 10 6
swap 2142 4 2 3 7 11 5 8 9 0 10 1 6
swap 2143 4 2 7 3 11 5 9 8 10 0 6 1
swap 2144 4 7 2 3 11 9 5 10 8 6 0 1
swap 2145 4 7 2 3 11 9 5 10 8 6 1 0
swap 2146 4 7 2 11 3 5 9 8 10 6 1 0
swap 2147 7 4 11 2 3 5 8 9 6 10 0 1
swap 2148 7 11 4 2 3 8 5 6 9 0 10 1
swap 2149 11 7 2 4 8 3 6 5 9 0 10 1
swap 2150 11 2 7 4 8 3 6 9 5 10 0 1
swap 2151 2 11 7 4 3 8 9 6 10 5 0 1
swap 2152 2 7 11 4 3 9 8 10 6 5 0 1
swap 2153 2 7 11 4 3 9 10 8 5 6 0 1
swap 2154 2 7 11 3 4 10 9 5 8 0 6 1
swap 2155 2 7 11 3 4 10 5 9 0 8 1 6
swap 2156 2 7 11 4 3 5 10 0 9 8 1 6
swap 2157 7 2 11 4 3 5 10 0 9 8 1 6
swap 2158 7 11 2 3 4 10 5 9 0 1 8 6
swap 2159 7 11 2 3 4 10 9 5 1 0 6 8
swap 2160 7 2 11 4 3 10 9 5 1 6 0 8
swap 2161 2 7 11 4 3 10 9 5 1 6 8 0
swap 2162 2 7 11 3 4 9 10 5 1 8 6 0
swap 2163 7 2 11 3 4 9 5 10 1 8 0 6
swap 2164 7 2 11 3 4 5 9 1 10 0 8 6
swap 2165 2 7 11 3 5 4 1 9 0 10 8 6
swap 2166 2 11 7 3 5 4 1 0 9 8 10 6
swap 2167 2 11 7 3 5 4 0 1 8 9 6 10
swap 2168 2 11 7 5 3 0 4 1 8 6 9 10
swap 2169 11 2 7 5 3 0 1 4 6 8 9 10
swap 2170 11 2 7 3 5 0 1 4 6 9 8 10
swap 2171 2 11 3 7 5 0 4 1 9 6 8 10
swap 2172 2 3 11 5 7 4 0 9 1 8 6 10
swap 2173 2 3 11 5 7 4 9 0 1 8 10 6
swap 2174 2 11 3 7 5 4 9 0 1 10 8 6
swap 2175 2 11 7 3 4 5 0 9 10 1 8 6
swap 2176 2 7 11 3 4 0 5 10 9 8 1 6
swap 2177 7 2 11 3 0 4 10 5 9 8 6 1
swap 2178 7 11 2 0 3 4 10 9 5 8 6 1
swap 2179 7 11 2 0 4 3 9 10 5 8 1 6
swap 2180 7 11 2 0 4 3 9 5 10 8 1 6
swap 2181 11 7 2 0 3 4 9 5 8 10 6 1
swap 2182 11 7 2 3 0 4 9 8 5 6 10 1
swap 2183 7 11 2 3 4 0 8 9 5 6 1 10
swap 2184 7 2 11 4 3 8 0 5 9 1 6 10
swap 2185 7 2 4 11 8 3 0 5 9 1 10 6
swap 2186 7 2 4 11 8 3 0 9 5 10 1 6
swap 2187 7 2 11 4 3 8 9 0 10 5 6 1
swap 2188 7 2 11 4 3 9 8 0 10 6 5 1
swap 2189 7 2 4 11 9 3 0 8 10 6 1 5
swap 2190 7 4 2 9 11 0 3 10 8 1 6 5
swap 2191 7 4 2 9 0 11 10 3 1 8 5 6
swap 2192 7 2 4 0 9 10 11 3 1 5 8 6
swap 2193 7 2 0 4 10 9 3 11 5 1 6 8
swap 2194 7 0 2 4 10 9 3 11 5 6 1 8
swap 2195 7 0 4 2 9 10 11 3 6 5 8 1
swap 2196 7 0 4 2 9 10 11 3 6 5 8 1
swap 2197 7 0 2 4 10 9 3 11 5 6 8 1
swap 2198 7 0 2 4 10 3 9 11 5 8 6 1
swap 2199 0 7 4 2 3 10 9 11 8 5 6 1
swap 2200 0 7 4 2 3 9 10 8 11 6 5 1
swap 2201 7 0 2 4 3 9 8 10 11 6 1 5
swap 2202 7 2 0 4 3 9 8 11 10 1 6 5
swap 2203 2 7 0 4 3 9 8 11 1 10 5 6
swap 2204 2 0 7 3 4 9 8 11 1 5 10 6
swap 2205 0 2 3 7 4 9 11 8 5 1 6 10
swap 2206 0 2 3 4 7 11 9 5 8 6 1 10
swap 2207 0 2 4 3 11 7 5 9 6 8 10 1
swap 2208 0 2 4 11 3 7 5 9 6 8 10 1
swap 2209 2 0 4 11 7 3 9 5 8 6 1 10
swap 2210 2 4 0 7 11 3 9 5 8 1 6 10
swap 2211 4 2 0 7 3 11 5 9 1 8 6 10
swap 2212 4 2 0 3 7 5 11 9 1 6 8 10
swap 2213 2 4 0 3 5 7 9 11 6 1 10 8
swap 2214 2 4 0 5 3 7 9 6 11 1 10 8
swap 2215 2 4 0 5 3 7 6 9 11 1 8 10
swap 2216 2 4 0 5 3 7 6 11 9 8 1 10
swap 2217 4 2 0 5 7 3 11 6 9 8 1 10
swap 2218 4 2 0 7 5 3 11 6 9 1 8 10
swap 2219 4 2 0 7 3 5 6 11 1 9 8 10
swap 2220 4 0 2 7 3 6 5 1 11 8 9 10
swap 2221 0 4 7 2 3 6 5 1 8 11 10 9
swap 2222 0 4 7 3 2 5 6 1 8 11 10 9
swap 2223 4 0 7 3 2 5 1 6 11 8 10 9
swap 2224 4 0 7 2 3 1 5 6 11 8 10 9
swap 2225 0 4 2 7 3 1 6 5 8 11 9 10
swap 2226 0 4 2 7 3 6 1 8 5 9 11 10
swap 2227 4 0 2 7 6 3 1 8 5 9 10 11
swap 2228 4 2 0 7 6 3 1 8 5 10 9 11
swap 2229 2 4 7 0 3 6 8 1 10 5 11 9
swap 2230 2 4 7 0 3 6 8 10 1 11 5 9
swap 2231 2 4 0 7 3 6 10 8 1 11 9 5
swap 2232 2 4 0 3 7 6 10 1 8 9 11 5
swap 2233 2 4 0 3 6 7 1 10 9 8 5 11
swap 2234 2 4 0 6 3 1 7 9 10 5 8 11
swap 2235 4 2 0 6 3 1 9 7 5 10 11 8
swap 2236 4 2 0 6 3 9 1 7 5 11 10 8
swap 2237 2 4 0 6 9 3 7 1 5 11 8 10
swap 2238 2 4 0 6 9 3 7 1 5 11 8 10
swap 2239 4 2 0 6 3 9 1 7 5 11 8 10
swap 2240 4 2 0 3 6 1 9 7 5 11 8 10
swap 2241 2 4 0 3 1 6 9 7 11 5 10 8
swap 2242 2 0 4 3 1 9 6 7 11 10 5 8
swap 2243 0 2 4 3 9 1 7 6 10 11 5 8
swap 2244 0 2 4 3 9 7 1 6 10 5 11 8
swap 2245 2 0 4 3 7 9 6 1 5 10 11 8
swap 2246 2 4 0 3 7 6 9 5 1 11 10 8
swap 2247 2 4 3 0 6 7 5 9 1 11 8 10
swap 2248 2 3 4 0 6 5 7 1 9 8 11 10
swap 2249 2 3 0 4 5 6 7 1 9 8 11 10
swap 2250 2 0 3 5 4 7 6 9 1 11 8 10
swap 2251 0 2 3 5 4 7 9 6 11 1 10 8
swap 2252 0 2 3 4 5 9 7 6 11 10 1 8
swap 2253 2 0 3 4 9 5 7 6 10 11 1 8
swap 2254 2 0 3 9 4 5 7 6 10 1 11 8
swap 2255 2 0 3 9 5 4 6 7 1 10 8 11
swap 2256 2 3 0 5 9 6 4 1 7 8 10 11
swap 2257 3 2 0 5 9 6 1 4 7 8 11 10
swap 2258 3 2 0 5 9 1 6 4 7 11 8 10
swap 2259 2 3 0 5 9 1 4 6 7 11 8 10
swap 2260 2 0 3 5 9 4 1 6 7 8 11 10
swap 2261 0 2 3 5 4 9 6 1 8 7 11 10
swap 2262 0 3 2 5 4 6 9 8 1 11 7 10
swap 2263 0 3 2 5 6 4 8 9 1 11 10 7
swap 2264 0 2 3 5 6 8 4 1 9 11 10 7
swap 2265 2 0 5 3 6 8 1 4 11 9 7 10
swap 2266 2 5 0 3 6 1 8 4 11 7 9 10
swap 2267 2 5 0 3 1 6 4 8 7 11 10 9
swap 2268 2 0 5 1 3 6 4 8 7 10 11 9
swap 2269 0 2 5 1 6 3 4 8 10 7 11 9
swap 2270 0 2 5 1 6 3 4 10 8 7 11 9
swap 2271 0 2 5 1 3 6 10 4 8 7 11 9
swap 2272 0 2 5 3 1 10 6 8 4 11 7 9
swap 2273 2 0 3 5 10 1 8 6 4 11 9 7
swap 2274 2 0 3 5 10 1 8 6 4 9 11 7
swap 2275 0 2 5 3 1 10 6 8 4 9 11 7
swap 2276 0 5 2 1 3 6 10 4 8 11 9 7
swap 2277 0 5 1 2 6 3 4 10 11 8 9 7
swap 2278 0 5 1 6 2 3 4 11 10 9 8 7
swap 2279 0 5 1 6 2 3 11 4 9 10 7 8
swap 2280 0 5 1 6 2 3 11 9 4 10 7 8
swap 2281 0 5 6 1 3 2 9 11 4 10 8 7
swap 2282 0 6 5 1 3 2 9 4 11 8 10 7
swap 2283 0 6 5 1 3 2 4 9 11 8 7 10
swap 2284 0 5 6 1 3 4 2 11 9 7 8 10
swap 2285 0 5 6 1 4 3 2 11 7 9 10 8
swap 2286 0 6 5 1 4 2 3 7 11 9 10 8
swap 2287 0 6 5 1 2 4 3 7 11 9 8 10
swap 2288 0 6 5 2 1 4 3 11 7 8 9 10
swap 2289 0 6 5 2 4 1 3 11 8 7 10 9
swap 2290 0 6 5 4 2 3 1 11 8 7 10 9
swap 2291 0 6 4 5 3 2 11 1 7 8 9 10
swap 2292 0 6 4 5 3 11 2 7 1 9 8 10
swap 2293 6 0 5 4 11 3 2 7 9 1 8 10
swap 2294 6 0 5 11 4 3 2 7 9 8 1 10
swap 2295 0 6 11 5 3 4 2 7 9 8 1 10
swap 2296 0 6 11 3 5 2 4 7 9 1 8 10
swap 2297 0 6 11 3 2 5 4 7 1 9 8 10
swap 2298 0 6 11 2 3 4 5 1 7 8 9 10
swap 2299 0 6 11 2 4 3 1 5 7 8 10 9
swap 2300 0 6 11 2 4 1 3 5 7 8 10 9
swap 2301 6 0 2 11 1 4 5 3 8 7 9 10
swap 2302 6 0 2 11 1 5 4 8 3 9 7 10
swap 2303 6 0 2 11 1 5 4 8 9 3 7 10
swap 2304 6 0 2 1 11 4 5 8 9 7 3 10
swap 2305 6 0 1 2 11 4 8 5 7 9 3 10
swap 2306 6 0 1 11 2 4 8 5 7 3 9 10
swap 2307 0 6 11 1 4 2 5 8 7 3 10 9
swap 2308 0 6 11 1 4 2 5 7 8 3 10 9
swap 2309 6 0 11 1 2 4 5 7 3 8 10 9
swap 2310 6 0 11 1 2 5 4 3 7 10 8 9
swap 2311 0 6 11 1 2 5 4 3 10 7 9 8
swap 2312 0 11 6 1 2 4 5 10 3 9 7 8
swap 2313 11 0 6 1 4 2 5 10 3 9 8 7
swap 2314 11 0 6 1 4 2 5 3 10 9 8 7
swap 2315 0 11 6 1 4 2 5 3 10 9 7 8
swap 2316 0 6 11 4 1 2 5 10 3 7 9 8
swap 2317 6 0 11 4 2 1 5 10 3 7 8 9
swap 2318 6 0 11 2 4 5 1 3 10 8 7 9
swap 2319 0 6 2 11 5 4 1 3 8 10 9 7
swap 2320 0 6 2 11 5 1 4 3 8 9 10 7
swap 2321 0 6 11 2 1 5 3 4 9 8 10 7
swap 2322 0 11 6 2 1 3 5 9 4 10 8 7
swap 2323 0 11 6 2 3 1 5 9 10 4 8 7
swap 2324 0 6 11 3 2 5 1 10 9 8 4 7
swap 2325 6 0 11 3 5 2 1 10 8 9 7 4
swap 2326 6 0 11 3 5 1 2 10 8 7 9 4
swap 2327 6 0 11 3 1 5 10 2 7 8 4 9
swap 2328 6 0 11 1 3 5 10 7 2 4 8 9
swap 2329 0 6 1 11 3 5 7 10 4 2 9 8
swap 2330 0 6 1 11 3 7 5 4 10 2 9 8
swap 2331 0 6 1 11 3 7 4 5 10 2 8 9
swap 2332 0 6 1 11 3 7 4 10 5 8 2 9
swap 2333 6 0 1 11 7 3 4 10 8 5 9 2
swap 2334 6 0 1 11 7 4 3 8 10 9 5 2
swap 2335 6 0 1 11 4 7 8 3 10 9 5 2
swap 2336 6 0 1 11 4 8 7 10 3 5 9 2
swap 2337 0 6 1 11 8 4 7 10 5 3 2 9
swap 2338 0 6 1 11 8 7 4 5 10 3 2 9
swap 2339 6 0 1 11 7 8 4 5 3 10 9 2
swap 2340 6 0 1 11 7 4 8 3 5 9 10 2
swap 2341 0 6 11 1 4 7 3 8 5 9 2 10
swap 2342 0 6 11 1 4 3 7 5 8 2 9 10
swap 2343 6 0 11 1 3 4 7 5 8 2 9 10
swap 2344 6 0 11 3 1 4 7 5 8 2 9 10
swap 2345 6 0 11 3 1 4 5 7 2 8 10 9
swap 2346 6 0 11 1 3 5 4 7 2 10 8 9
swap 2347 0 6 11 1 5 3 7 4 10 2 8 9
swap 2348 0 6 11 1 5 7 3 10 4 8 2 9
swap 2349 6 0 11 1 7 5 3 10 4 8 9 2
swap 2350 6 0 11 1 7 5 3 4 10 8 9 2
swap 2351 0 6 1 11 5 7 4 3 8 10 2 9
swap 2352 0 6 1 11 5 4 7 3 8 10 2 9
swap 2353 0 6 1 11 4 5 3 7 10 8 9 2
swap 2354 0 1 6 4 11 5 3 10 7 9 8 2
swap 2355 0 1 6 4 5 11 10 3 9 7 8 2
swap 2356 0 1 6 4 5 11 10 3 9 8 7 2
swap 2357 0 1 6 4 11 5 3 10 8 9 2 7
swap 2358 0 6 1 4 11 3 5 8 10 2 9 7
swap 2359 6 0 4 1 3 11 5 8 10 2 9 7
swap 2360 6 0 4 1 3 11 5 10 8 9 2 7
swap 2361 0 6 4 1 3 11 10 5 9 8 2 7
swap 2362 0 4 6 1 3 10 11 5 9 2 8 7
swap 2363 0 4 6 1 3 10 5 11 2 9 7 8
swap 2364 0 6 4 1 3 10 5 11 2 7 9 8
swap 2365 0 6 4 1 3 10 11 5 2 7 9 8
swap 2366 0 4 6 3 1 11 10 5 2 9 7 8
swap 2367 4 0 6 3 1 11 5 10 9 2 8 7
swap 2368 4 6 0 1 3 5 11 9 10 8 2 7
swap 2369 6 4 1 0 5 3 11 9 10 8 2 7
swap 2370 6 4 1 0 5 11 3 10 9 8 2 7
swap 2371 4 6 1 0 5 11 10 3 8 9 7 2
swap 2372 4 1 6 0 5 10 11 3 8 7 9 2
swap 2373 1 4 6 0 10 5 3 11 7 8 2 9
swap 2374 1 6 4 0 10 5 3 11 7 2 8 9
swap 2375 6 1 4 0 10 5 11 3 2 7 9 8
swap 2376 6 1 4 10 0 11 5 2 3 7 9 8
swap 2377 1 6 4 10 0 11 5 2 7 3 9 8
swap 2378 1 4 6 0 10 5 11 2 7 9 3 8
swap 2379 1 4 6 0 10 5 11 2 9 7 3 8
swap 2380 1 6 4 10 0 5 11 9 2 3 7 8
swap 2381 1 6 4 10 5 0 9 11 3 2 8 7
swap 2382 1 6 4 5 10 0 9 3 11 8 2 7
swap 2383 1 6 4 5 0 10 3 9 11 8 2 7
swap 2384 1 4 6 0 5 10 3 11 9 8 2 7
swap 2385 1 4 0 6 10 5 11 3 8 9 7 2
swap 2386 1 0 4 6 10 5 11 3 8 7 9 2
swap 2387 1 0 4 6 5 10 3 11 8 7 2 9
swap 2388 1 0 4 6 5 3 10 8 11 2 7 9
swap 2389 1 0 6 4 3 5 10 8 11 2 9 7
swap 2390 1 0 6 3 4 10 5 11 8 2 9 7
swap 2391 1 0 3 6 4 10 11 5 8 2 7 9
swap 2392 1 0 3 6 4 11 10 5 8 2 7 9
swap 2393 0 1 6 3 4 11 5 10 2 8 9 7
swap 2394 0 1 6 4 3 5 11 10 2 9 8 7
swap 2395 0 1 6 4 5 3 10 11 9 2 7 8
swap 2396 0 6 1 4 5 10 3 11 9 7 2 8
swap 2397 0 6 1 4 5 10 11 3 7 9 2 8
swap 2398 0 1 6 5 4 11 10 3 7 9 2 8
swap 2399 0 1 6 5 11 4 3 10 9 7 2 8
swap 2400 0 6 1 11 5 3 4 10 9 2 7 8
swap 2401 6 0 11 1 3 5 4 10 2 9 8 7
swap 2402 6 0 11 3 1 4 5 2 10 8 9 7
swap 2403 0 6 11 3 4 1 5 2 10 8 9 7
swap 2404 0 6 11 3 4 5 1 10 2 9 8 7
swap 2405 0 6 3 11 4 5 1 10 9 2 8 7
swap 2406 0 6 3 11 4 5 1 9 10 8 2 7
swap 2407 6 0 3 11 4 5 1 9 10 8 7 2
swap 2408 6 0 3 11 4 1 5 10 9 7 8 2
swap 2409 6 0 11 3 1 4 10 5 7 9 2 8
swap 2410 6 0 11 1 3 4 10 7 5 9 2 8
swap 2411 0 6 11 1 3 4 7 10 5 9 2 8
swap 2412 0 11 6 3 1 7 4 5 10 2 9 8
swap 2413 0 11 3 6 1 7 5 4 10 2 8 9
swap 2414 0 3 11 6 1 5 7 4 10 8 2 9
swap 2415 3 0 11 6 1 5 4 7 10 8 9 2
swap 2416 3 0 11 1 6 4 5 10 7 9 8 2
swap 2417 3 0 1 11 4 6 5 10 9 7 2 8
swap 2418 3 0 1 4 11 5 6 9 10 2 7 8
swap 2419 3 0 4 1 5 11 9 6 10 2 8 7
swap 2420 3 4 0 1 5 11 9 10 6 8 2 7
swap 2421 3 4 0 1 5 11 10 9 6 8 2 7
swap 2422 3 0 4 1 5 10 11 6 9 2 8 7
swap 2423 3 0 1 4 10 5 6 11 2 9 7 8
swap 2424 3 1 0 4 10 6 5 2 11 9 7 8
swap 2425 3 1 0 4 6 10 5 2 9 11 8 7
swap 2426 3 0 1 4 6 10 5 2 9 11 8 7
swap 2427 3 0 1 4 6 10 2 5 11 9 7 8
swap 2428 3 1 0 4 6 10 2 11 5 9 7 8
swap 2429 3 1 0 4 10 6 11 2 9 5 8 7
swap 2430 3 0 1 10 4 6 11 9 2 5 8 7
swap 2431 3 0 1 10 6 4 9 11 5 2 8 7
swap 2432 3 1 0 6 10 4 9 5 11 2 8 7
swap 2433 3 1 6 0 10 4 5 9 11 2 7 8
swap 2434 3 6 1 10 0 4 5 11 9 2 7 8
swap 2435 3 6 10 1 0 4 5 11 2 9 8 7
swap 2436 3 6 10 1 0 5 4 2 11 9 8 7
swap 2437 3 6 1 10 5 0 4 2 9 11 8 7
swap 2438 3 1 6 10 5 4 0 9 2 8 11 7
swap 2439 3 1 6 10 4 5 9 0 8 2 7 11
swap 2440 3 1 6 4 10 9 5 8 0 7 2 11
swap 2441 1 3 6 4 10 9 8 5 7 0 11 2
swap 2442 1 3 6 4 10 8 9 5 7 11 0 2
swap 2443 3 1 4 6 10 8 5 9 11 7 2 0
swap 2444 3 4 1 10 6 5 8 11 9 2 7 0
swap 2445 3 4 1 10 6 5 11 8 2 9 0 7
swap 2446 3 1 4 6 10 11 5 8 2 0 9 7
swap 2447 3 1 6 4 10 11 5 8 0 2 7 9
swap 2448 3 1 6 10 4 5 11 0 8 7 2 9
swap 2449 3 1 6 10 4 5 0 11 7 8 9 2
swap 2450 3 6 1 4 10 0 5 7 11 9 8 2
swap 2451 3 6 1 4 10 0 5 7 11 9 2 8
swap 2452 3 1 6 4 10 5 0 11 7 2 9 8
swap 2453 3 1 6 4 5 10 11 0 2 7 8 9
swap 2454 3 6 1 4 5 11 10 0 2 8 7 9
swap 2455 6 3 4 1 11 5 0 10 8 2 9 7
swap 2456 6 3 4 11 1 0 5 8 10 2 9 7
swap 2457 3 6 4 11 0 1 8 5 2 10 9 7
swap 2458 3 4 6 0 11 1 8 5 2 9 10 7
swap 2459 4 3 0 6 1 11 5 8 2 9 10 7
swap 2460 4 3 0 6 1 5 11 2 8 10 9 7
swap 2461 3 4 0 6 5 1 2 11 10 8 7 9
swap 2462 3 4 0 6 5 2 1 11 10 8 7 9
swap 2463 4 3 0 6 5 2 1 11 10 8 7 9
swap 2464 4 0 3 5 6 1 2 11 10 7 8 9
swap 2465 0 4 3 5 1 6 11 2 7 10 9 8
swap 2466 0 3 4 1 5 6 11 2 7 10 9 8
swap 2467 3 0 1 4 5 6 2 11 10 7 8 9
swap 2468 3 0 1 5 4 2 6 10 11 7 8 9
swap 2469 0 3 5 1 4 2 6 10 7 11 8 9
swap 2470 0 5 3 4 1 6 2 10 7 11 8 9
swap 2471 5 0 4 3 1 6 10 2 11 7 9 8
swap 2472 5 0 4 3 1 10 6 11 2 7 9 8
swap 2473 5 0 3 4 10 1 11 6 7 2 8 9
swap 2474 5 3 0 4 10 1 11 6 7 8 2 9
swap 2475 3 5 4 0 1 10 11 6 8 7 9 2
swap 2476 3 4 5 0 1 11 10 6 8 9 7 2
swap 2477 3 4 0 5 1 11 10 6 9 8 7 2
swap 2478 3 0 4 5 1 11 10 9 6 7 8 2
swap 2479 3 0 5 4 11 1 9 10 7 6 2 8
swap 2480 3 0 5 4 11 9 1 7 10 2 6 8
swap 2481 0 3 5 4 9 11 7 1 2 10 8 6
swap 2482 0 5 3 4 9 11 7 2 1 8 10 6
swap 2483 0 5 4 3 11 9 2 7 1 8 10 6
swap 2484 0 5 4 11 3 9 2 7 1 10 8 6
swap 2485 5 0 11 4 3 9 2 7 10 1 6 8
swap 2486 5 0 11 4 3 2 9 7 10 6 1 8
swap 2487 0 5 4 11 3 2 7 9 10 6 8 1
swap 2488 0 5 4 3 11 7 2 9 10 6 8 1
swap 2489 0 5 3 4 7 11 9 2 10 6 8 1
swap 2490 0 3 5 4 7 11 9 10 2 8 6 1
swap 2491 0 3 4 5 11 7 9 10 2 8 1 6
swap 2492 0 4 3 11 5 9 7 2 10 8 1 6
swap 2493 0 4 3 11 9 5 7 2 8 10 6 1
swap 2494 0 3 4 11 9 5 7 2 8 6 10 1
swap 2495 3 0 4 11 5 9 2 7 8 6 10 1
swap 2496 3 4 0 11 5 2 9 8 7 10 6 1
swap 2497 3 4 0 11 5 2 9 8 10 7 1 6
swap 2498 3 0 4 5 11 9 2 10 8 1 7 6
swap 2499 0 3 5 4 11 9 10 2 8 1 6 7
